TN:
SF:constants.ts
FNF:0
FNH:0
DA:1,1
DA:2,1
DA:3,1
DA:4,1
DA:5,1
DA:6,1
DA:7,1
DA:8,1
DA:9,1
DA:10,1
DA:11,1
DA:12,1
DA:13,1
DA:14,1
DA:15,1
DA:16,1
DA:17,1
DA:18,1
DA:19,1
DA:20,1
DA:21,1
DA:22,1
DA:23,1
DA:24,1
DA:25,1
DA:26,1
DA:27,1
DA:28,1
DA:29,1
DA:30,1
DA:31,1
DA:32,1
DA:33,1
DA:34,1
DA:35,1
DA:36,1
DA:37,1
DA:38,1
DA:39,1
LF:39
LH:39
BRF:0
BRH:0
end_of_record
TN:
SF:index.ts
FN:26,getValidPerformanceYears
FN:35,getProgramNames
FN:53,getProgramNamesEnum
FN:63,getBenchmarksData
FN:78,getBenchmarksYears
FN:94,getBenchmarksSchema
FN:102,getBenchmarksExclusionReasons
FN:111,getBenchmarksNationalAverages
FN:119,getBenchmarksNationalAveragesSchema
FN:127,getMeasuresData
FN:135,getMeasuresSchema
FN:143,getClinicalClusterData
FN:157,getClinicalClusterSchema
FN:164,getMVPData
FN:184,getMVPSchema
FN:191,getMVPDataSlim
FNF:16
FNH:15
FNDA:1,getValidPerformanceYears
FNDA:2,getProgramNames
FNDA:0,getProgramNamesEnum
FNDA:1,getBenchmarksData
FNDA:2,getBenchmarksYears
FNDA:1,getBenchmarksSchema
FNDA:1,getBenchmarksExclusionReasons
FNDA:1,getBenchmarksNationalAverages
FNDA:1,getBenchmarksNationalAveragesSchema
FNDA:1,getMeasuresData
FNDA:1,getMeasuresSchema
FNDA:2,getClinicalClusterData
FNDA:1,getClinicalClusterSchema
FNDA:3,getMVPData
FNDA:1,getMVPSchema
FNDA:2,getMVPDataSlim
DA:1,1
DA:2,1
DA:3,1
DA:4,1
DA:5,1
DA:6,1
DA:7,1
DA:8,1
DA:9,1
DA:10,1
DA:11,1
DA:12,1
DA:13,1
DA:14,1
DA:15,1
DA:16,1
DA:17,1
DA:18,1
DA:19,1
DA:20,1
DA:21,1
DA:22,1
DA:23,1
DA:24,1
DA:25,1
DA:26,1
DA:27,1
DA:28,1
DA:29,1
DA:30,1
DA:31,1
DA:32,1
DA:33,1
DA:34,1
DA:35,2
DA:36,2
DA:37,2
DA:38,2
DA:39,2
DA:40,2
DA:41,1
DA:42,1
DA:43,1
DA:44,2
DA:45,1
DA:46,1
DA:47,1
DA:48,1
DA:49,1
DA:50,1
DA:51,1
DA:52,1
DA:53,0
DA:54,0
DA:55,0
DA:56,1
DA:57,1
DA:58,1
DA:59,1
DA:60,1
DA:61,1
DA:62,1
DA:63,1
DA:64,1
DA:65,1
DA:66,1
DA:67,2
DA:68,1
DA:69,1
DA:70,1
DA:71,1
DA:72,1
DA:73,1
DA:74,1
DA:75,1
DA:76,1
DA:77,1
DA:78,2
DA:79,2
DA:80,2
DA:81,2
DA:82,6
DA:83,6
DA:84,4
DA:85,4
DA:86,2
DA:87,2
DA:88,2
DA:89,2
DA:90,1
DA:91,1
DA:92,1
DA:93,1
DA:94,1
DA:95,1
DA:96,1
DA:97,1
DA:98,1
DA:99,1
DA:100,1
DA:101,1
DA:102,1
DA:103,1
DA:104,1
DA:105,1
DA:106,1
DA:107,1
DA:108,1
DA:109,1
DA:110,1
DA:111,1
DA:112,1
DA:113,1
DA:114,1
DA:115,1
DA:116,1
DA:117,1
DA:118,1
DA:119,1
DA:120,1
DA:121,1
DA:122,1
DA:123,1
DA:124,1
DA:125,1
DA:126,1
DA:127,1
DA:128,1
DA:129,1
DA:130,1
DA:131,1
DA:132,1
DA:133,1
DA:134,1
DA:135,1
DA:136,1
DA:137,1
DA:138,1
DA:139,1
DA:140,1
DA:141,1
DA:142,1
DA:143,2
DA:144,2
DA:145,2
DA:146,2
DA:147,2
DA:148,2
DA:149,1
DA:150,1
DA:151,2
DA:152,2
DA:153,1
DA:154,1
DA:155,1
DA:156,1
DA:157,1
DA:158,1
DA:159,1
DA:160,1
DA:161,1
DA:162,1
DA:163,1
DA:164,3
DA:165,3
DA:166,3
DA:167,3
DA:168,3
DA:169,2
DA:170,3
DA:171,1
DA:172,1
DA:173,3
DA:174,3
DA:175,1
DA:176,1
DA:177,3
DA:178,3
DA:179,3
DA:180,1
DA:181,1
DA:182,1
DA:183,1
DA:184,1
DA:185,1
DA:186,1
DA:187,1
DA:188,1
DA:189,1
DA:190,1
DA:191,2
DA:192,2
DA:193,2
DA:194,2
DA:195,2
DA:196,1
DA:197,1
DA:198,2
DA:199,2
DA:200,2
DA:201,2
DA:202,2
DA:203,2
DA:204,2
DA:205,2
DA:206,1
DA:207,1
DA:208,1
DA:209,1
DA:210,2
DA:211,2
DA:212,2
LF:212
LH:209
BRDA:26,0,0,1
BRDA:35,1,0,2
BRDA:40,2,0,1
BRDA:63,3,0,1
BRDA:66,4,0,2
BRDA:78,5,0,2
BRDA:81,6,0,6
BRDA:83,7,0,4
BRDA:83,8,0,4
BRDA:94,9,0,1
BRDA:102,10,0,1
BRDA:111,11,0,1
BRDA:119,12,0,1
BRDA:127,13,0,1
BRDA:135,14,0,1
BRDA:143,15,0,2
BRDA:148,16,0,1
BRDA:157,17,0,1
BRDA:164,18,0,3
BRDA:168,19,0,2
BRDA:170,20,0,1
BRDA:174,21,0,1
BRDA:175,22,0,2
BRDA:184,23,0,1
BRDA:191,24,0,2
BRDA:195,25,0,1
BRDA:197,26,0,2
BRF:27
BRH:27
end_of_record
TN:
SF:scripts/constants.ts
FNF:0
FNH:0
DA:1,1
DA:2,1
DA:3,1
DA:4,1
DA:5,1
DA:6,1
DA:7,1
DA:8,1
DA:9,1
DA:10,1
DA:11,1
DA:12,1
DA:13,1
DA:14,1
DA:15,1
DA:16,1
DA:17,1
DA:18,1
DA:19,1
DA:20,1
DA:21,1
DA:22,1
DA:23,1
DA:24,1
DA:25,1
DA:26,1
DA:27,1
DA:28,1
DA:29,1
DA:30,1
DA:31,1
DA:32,1
DA:33,1
DA:34,1
DA:35,1
DA:36,1
DA:37,1
DA:38,1
DA:39,1
DA:40,1
DA:41,1
DA:42,1
DA:43,1
DA:44,1
DA:45,1
DA:46,1
DA:47,1
DA:48,1
DA:49,1
DA:50,1
DA:51,1
DA:52,1
DA:53,1
DA:54,1
DA:55,1
DA:56,1
DA:57,1
DA:58,1
DA:59,1
DA:60,1
DA:61,1
DA:62,1
DA:63,1
DA:64,1
DA:65,1
DA:66,1
DA:67,1
DA:68,1
DA:69,1
DA:70,1
DA:71,1
DA:72,1
DA:73,1
DA:74,1
DA:75,1
DA:76,1
DA:77,1
DA:78,1
DA:79,1
DA:80,1
DA:81,1
DA:82,1
DA:83,1
DA:84,1
DA:85,1
DA:86,1
DA:87,1
DA:88,1
DA:89,1
DA:90,1
DA:91,1
DA:92,1
DA:93,1
DA:94,1
DA:95,1
DA:96,1
DA:97,1
DA:98,1
DA:99,1
DA:100,1
DA:101,1
DA:102,1
DA:103,1
DA:104,1
DA:105,1
DA:106,1
DA:107,1
DA:108,1
DA:109,1
DA:110,1
DA:111,1
DA:112,1
DA:113,1
DA:114,1
DA:115,1
DA:116,1
DA:117,1
DA:118,1
DA:119,1
DA:120,1
DA:121,1
DA:122,1
DA:123,1
DA:124,1
DA:125,1
DA:126,1
DA:127,1
DA:128,1
DA:129,1
DA:130,1
DA:131,1
DA:132,1
DA:133,1
DA:134,1
DA:135,1
DA:136,1
DA:137,1
DA:138,1
DA:139,1
DA:140,1
DA:141,1
DA:142,1
DA:143,1
DA:144,1
DA:145,1
DA:146,1
DA:147,1
DA:148,1
DA:149,1
DA:150,1
DA:151,1
DA:152,1
DA:153,1
DA:154,1
DA:155,1
DA:156,1
DA:157,1
DA:158,1
DA:159,1
DA:160,1
DA:161,1
DA:162,1
DA:163,1
DA:164,1
DA:165,1
DA:166,1
DA:167,1
DA:168,1
DA:169,1
DA:170,1
DA:171,1
DA:172,1
DA:173,1
DA:174,1
DA:175,1
DA:176,1
DA:177,1
DA:178,1
DA:179,1
DA:180,1
DA:181,1
DA:182,1
DA:183,1
DA:184,1
DA:185,1
DA:186,1
DA:187,1
DA:188,1
DA:189,1
DA:190,1
DA:191,1
DA:192,1
DA:193,1
DA:194,1
DA:195,1
DA:196,1
DA:197,1
DA:198,1
DA:199,1
DA:200,1
DA:201,1
DA:202,1
DA:203,1
DA:204,1
DA:205,1
DA:206,1
DA:207,1
DA:208,1
DA:209,1
DA:210,1
DA:211,1
DA:212,1
DA:213,1
DA:214,1
DA:215,1
DA:216,1
DA:217,1
DA:218,1
DA:219,1
DA:220,1
DA:221,1
DA:222,1
DA:223,1
DA:224,1
DA:225,1
DA:226,1
DA:227,1
DA:228,1
DA:229,1
DA:230,1
DA:231,1
DA:232,1
DA:233,1
DA:234,1
DA:235,1
DA:236,1
DA:237,1
DA:238,1
DA:239,1
DA:240,1
DA:241,1
DA:242,1
DA:243,1
DA:244,1
DA:245,1
DA:246,1
DA:247,1
DA:248,1
DA:249,1
DA:250,1
DA:251,1
DA:252,1
DA:253,1
DA:254,1
DA:255,1
DA:256,1
DA:257,1
DA:258,1
DA:259,1
DA:260,1
DA:261,1
DA:262,1
DA:263,1
DA:264,1
DA:265,1
DA:266,1
DA:267,1
DA:268,1
DA:269,1
DA:270,1
DA:271,1
DA:272,1
DA:273,1
DA:274,1
DA:275,1
DA:276,1
DA:277,1
DA:278,1
DA:279,1
DA:280,1
DA:281,1
DA:282,1
DA:283,1
DA:284,1
DA:285,1
DA:286,1
DA:287,1
DA:288,1
DA:289,1
DA:290,1
DA:291,1
DA:292,1
DA:293,1
DA:294,1
DA:295,1
DA:296,1
DA:297,1
DA:298,1
DA:299,1
DA:300,1
DA:301,1
DA:302,1
DA:303,1
DA:304,1
DA:305,1
DA:306,1
DA:307,1
DA:308,1
DA:309,1
DA:310,1
DA:311,1
DA:312,1
DA:313,1
DA:314,1
DA:315,1
DA:316,1
DA:317,1
DA:318,1
DA:319,1
DA:320,1
DA:321,1
DA:322,1
DA:323,1
DA:324,1
DA:325,1
DA:326,1
DA:327,1
DA:328,1
DA:329,1
DA:330,1
DA:331,1
DA:332,1
DA:333,1
DA:334,1
DA:335,1
DA:336,1
DA:337,1
DA:338,1
DA:339,1
DA:340,1
DA:341,1
DA:342,1
DA:343,1
DA:344,1
DA:345,1
DA:346,1
DA:347,1
DA:348,1
DA:349,1
DA:350,1
DA:351,1
DA:352,1
DA:353,1
DA:354,1
DA:355,1
DA:356,1
DA:357,1
DA:358,1
DA:359,1
DA:360,1
DA:361,1
DA:362,1
DA:363,1
DA:364,1
DA:365,1
DA:366,1
DA:367,1
DA:368,1
DA:369,1
DA:370,1
DA:371,1
DA:372,1
DA:373,1
DA:374,1
DA:375,1
DA:376,1
DA:377,1
DA:378,1
DA:379,1
DA:380,1
DA:381,1
DA:382,1
DA:383,1
DA:384,1
DA:385,1
DA:386,1
DA:387,1
DA:388,1
DA:389,1
DA:390,1
DA:391,1
DA:392,1
DA:393,1
DA:394,1
DA:395,1
DA:396,1
DA:397,1
DA:398,1
DA:399,1
DA:400,1
DA:401,1
DA:402,1
DA:403,1
DA:404,1
DA:405,1
DA:406,1
DA:407,1
DA:408,1
DA:409,1
DA:410,1
DA:411,1
DA:412,1
DA:413,1
DA:414,1
DA:415,1
DA:416,1
DA:417,1
DA:418,1
DA:419,1
DA:420,1
DA:421,1
DA:422,1
DA:423,1
DA:424,1
DA:425,1
DA:426,1
DA:427,1
DA:428,1
DA:429,1
DA:430,1
DA:431,1
DA:432,1
DA:433,1
DA:434,1
DA:435,1
DA:436,1
DA:437,1
DA:438,1
DA:439,1
DA:440,1
DA:441,1
DA:442,1
DA:443,1
DA:444,1
DA:445,1
DA:446,1
DA:447,1
DA:448,1
DA:449,1
DA:450,1
DA:451,1
DA:452,1
DA:453,1
DA:454,1
DA:455,1
DA:456,1
DA:457,1
DA:458,1
LF:458
LH:458
BRF:0
BRH:0
end_of_record
TN:
SF:scripts/errors.ts
FN:3,InvalidValueError
FN:9,DataValidationError
FNF:2
FNH:2
FNDA:6,InvalidValueError
FNDA:26,DataValidationError
DA:1,1
DA:2,1
DA:3,1
DA:4,6
DA:5,6
DA:6,1
DA:7,1
DA:8,1
DA:9,1
DA:10,26
DA:11,26
DA:12,1
DA:13,1
LF:13
LH:13
BRDA:3,0,0,6
BRDA:9,1,0,26
BRF:2
BRH:2
end_of_record
TN:
SF:scripts/logger.ts
FN:1,info
FN:8,warning
FN:15,error
FNF:3
FNH:3
FNDA:48,info
FNDA:11,warning
FNDA:5,error
DA:1,48
DA:2,48
DA:3,48
DA:4,48
DA:5,48
DA:6,48
DA:7,1
DA:8,11
DA:9,11
DA:10,11
DA:11,11
DA:12,11
DA:13,11
DA:14,1
DA:15,5
DA:16,5
DA:17,5
DA:18,5
DA:19,5
DA:20,5
LF:20
LH:20
BRDA:1,0,0,48
BRDA:8,1,0,11
BRDA:15,2,0,5
BRF:3
BRH:3
end_of_record
TN:
SF:scripts/benchmarks/csv-json-converter.ts
FN:21,convertCsvToJson
FN:74,orderFields
FN:81,mapInput
FN:95,csvFieldToBoolean
FNF:4
FNH:4
FNDA:2,convertCsvToJson
FNDA:10,orderFields
FNDA:81,mapInput
FNDA:41,csvFieldToBoolean
DA:1,1
DA:2,1
DA:3,1
DA:4,1
DA:5,1
DA:6,1
DA:7,1
DA:8,1
DA:9,1
DA:10,1
DA:11,1
DA:12,1
DA:13,1
DA:14,1
DA:15,1
DA:16,1
DA:17,1
DA:18,1
DA:19,1
DA:20,1
DA:21,2
DA:22,2
DA:23,2
DA:24,2
DA:25,2
DA:26,2
DA:27,11
DA:28,11
DA:29,11
DA:30,11
DA:31,11
DA:32,11
DA:33,11
DA:34,11
DA:35,11
DA:36,11
DA:37,11
DA:38,11
DA:39,11
DA:40,93
DA:41,81
DA:42,81
DA:43,11
DA:44,11
DA:45,11
DA:46,10
DA:47,10
DA:48,10
DA:49,10
DA:50,10
DA:51,10
DA:52,10
DA:53,10
DA:54,10
DA:55,10
DA:56,10
DA:57,10
DA:58,10
DA:59,10
DA:60,10
DA:61,10
DA:62,11
DA:63,11
DA:64,11
DA:65,11
DA:66,11
DA:67,11
DA:68,2
DA:69,2
DA:70,2
DA:71,2
DA:72,2
DA:73,1
DA:74,10
DA:75,10
DA:76,10
DA:77,10
DA:78,10
DA:79,10
DA:80,1
DA:81,81
DA:82,81
DA:83,81
DA:84,81
DA:85,41
DA:86,41
DA:87,81
DA:88,10
DA:89,10
DA:90,30
DA:91,30
DA:92,30
DA:93,1
DA:94,1
DA:95,41
DA:96,41
DA:97,41
DA:98,41
DA:99,41
DA:100,16
DA:101,41
DA:102,41
DA:103,41
DA:104,24
DA:105,41
DA:106,1
DA:107,41
DA:108,41
DA:109,1
DA:110,1
DA:111,1
DA:112,1
DA:113,1
LF:113
LH:113
BRDA:111,0,0,1
BRDA:113,1,0,1
BRDA:21,2,0,2
BRDA:26,3,0,11
BRDA:45,4,0,10
BRDA:62,5,0,7
BRDA:64,6,0,9
BRDA:65,7,0,1
BRDA:39,8,0,93
BRDA:40,9,0,81
BRDA:74,10,0,10
BRDA:81,11,0,81
BRDA:84,12,0,41
BRDA:87,13,0,40
BRDA:87,14,0,10
BRDA:90,15,0,30
BRDA:95,16,0,41
BRDA:97,17,0,10
BRDA:98,18,0,16
BRDA:99,19,0,16
BRDA:101,20,0,10
BRDA:102,21,0,24
BRDA:103,22,0,24
BRDA:105,23,0,1
BRF:24
BRH:24
end_of_record
TN:
SF:scripts/benchmarks/merge-benchmark-files.ts
FN:12,mergeBenchmarkFiles
FN:71,processPerformanceBenchmark
FN:95,getBenchmarkKey
FNF:3
FNH:3
FNDA:7,mergeBenchmarkFiles
FNDA:4,processPerformanceBenchmark
FNDA:11,getBenchmarkKey
DA:1,1
DA:2,1
DA:3,1
DA:4,1
DA:5,1
DA:6,1
DA:7,1
DA:8,1
DA:9,1
DA:10,1
DA:11,1
DA:12,7
DA:13,7
DA:14,7
DA:15,7
DA:16,7
DA:17,7
DA:18,7
DA:19,7
DA:20,7
DA:21,7
DA:22,7
DA:23,7
DA:24,5
DA:25,2
DA:26,5
DA:27,2
DA:28,3
DA:29,1
DA:30,1
DA:31,7
DA:32,7
DA:33,7
DA:34,7
DA:35,10
DA:36,10
DA:37,10
DA:38,10
DA:39,10
DA:40,10
DA:41,11
DA:42,11
DA:43,4
DA:44,4
DA:45,11
DA:46,11
DA:47,11
DA:48,1
DA:49,1
DA:50,1
DA:51,1
DA:52,1
DA:53,1
DA:54,1
DA:55,11
DA:56,9
DA:57,9
DA:58,10
DA:59,10
DA:60,10
DA:61,7
DA:62,7
DA:63,7
DA:64,1
DA:65,7
DA:66,5
DA:67,5
DA:68,5
DA:69,7
DA:70,1
DA:71,4
DA:72,4
DA:73,4
DA:74,4
DA:75,4
DA:76,2
DA:77,2
DA:78,2
DA:79,2
DA:80,4
DA:81,4
DA:82,6
DA:83,6
DA:84,6
DA:85,4
DA:86,4
DA:87,4
DA:88,4
DA:89,4
DA:90,4
DA:91,4
DA:92,4
DA:93,4
DA:94,1
DA:95,11
DA:96,11
DA:97,11
DA:98,42
DA:99,41
DA:100,42
DA:101,1
DA:102,1
DA:103,11
DA:104,11
DA:105,11
DA:106,11
DA:107,1
DA:108,1
DA:109,1
DA:110,1
DA:111,1
LF:111
LH:111
BRDA:109,0,0,1
BRDA:111,1,0,1
BRDA:12,2,0,7
BRDA:63,3,0,1
BRDA:65,4,0,5
BRDA:23,5,0,5
BRDA:24,6,0,2
BRDA:26,7,0,3
BRDA:26,8,0,2
BRDA:28,9,0,1
BRDA:34,10,0,10
BRDA:40,11,0,11
BRDA:42,12,0,4
BRDA:45,13,0,7
BRDA:45,14,0,4
BRDA:47,15,0,1
BRDA:47,16,0,1
BRDA:55,17,0,9
BRDA:58,18,0,10
BRDA:71,19,0,4
BRDA:75,20,0,2
BRDA:75,21,0,2
BRDA:91,22,0,3
BRDA:91,23,0,1
BRDA:81,24,0,6
BRDA:95,25,0,11
BRDA:97,26,0,42
BRDA:98,27,0,41
BRDA:100,28,0,1
BRF:29
BRH:29
end_of_record
TN:
SF:scripts/benchmarks/update-cost-national-averages.ts
FN:13,convertCsvToJson
FN:46,mapInput
FNF:2
FNH:2
FNDA:2,convertCsvToJson
FNDA:20,mapInput
DA:1,1
DA:2,1
DA:3,1
DA:4,1
DA:5,1
DA:6,1
DA:7,1
DA:8,1
DA:9,1
DA:10,1
DA:11,1
DA:12,1
DA:13,2
DA:14,2
DA:15,2
DA:16,2
DA:17,2
DA:18,2
DA:19,5
DA:20,5
DA:21,5
DA:22,5
DA:23,5
DA:24,5
DA:25,5
DA:26,5
DA:27,5
DA:28,5
DA:29,5
DA:30,25
DA:31,20
DA:32,20
DA:33,5
DA:34,5
DA:35,5
DA:36,1
DA:37,1
DA:38,4
DA:39,4
DA:40,2
DA:41,2
DA:42,2
DA:43,2
DA:44,2
DA:45,1
DA:46,20
DA:47,20
DA:48,20
DA:49,16
DA:50,16
DA:51,4
DA:52,4
DA:53,4
DA:54,1
DA:55,1
DA:56,1
DA:57,1
DA:58,1
LF:58
LH:58
BRDA:56,0,0,1
BRDA:58,1,0,1
BRDA:13,2,0,2
BRDA:18,3,0,5
BRDA:35,4,0,1
BRDA:38,5,0,4
BRDA:29,6,0,25
BRDA:30,7,0,20
BRDA:46,8,0,20
BRDA:48,9,0,16
BRDA:50,10,0,4
BRF:11
BRH:11
end_of_record
TN:
SF:scripts/benchmarks/util.ts
FN:11,prepareCsv
FN:30,fetchCSV
FN:34,writeToFile
FNF:3
FNH:2
FNDA:4,prepareCsv
FNDA:4,fetchCSV
FNDA:0,writeToFile
DA:1,1
DA:2,1
DA:3,1
DA:4,1
DA:5,1
DA:6,1
DA:7,1
DA:8,1
DA:9,1
DA:10,1
DA:11,4
DA:12,4
DA:13,4
DA:14,4
DA:15,4
DA:16,4
DA:17,4
DA:18,4
DA:19,4
DA:20,4
DA:21,4
DA:22,16
DA:23,388
DA:24,16
DA:25,4
DA:26,4
DA:27,4
DA:28,4
DA:29,1
DA:30,4
DA:31,4
DA:32,4
DA:33,1
DA:34,0
DA:35,0
DA:36,0
LF:36
LH:33
BRDA:11,0,0,4
BRDA:21,1,0,16
BRDA:22,2,0,388
BRDA:30,3,0,4
BRF:4
BRH:4
end_of_record
TN:
SF:scripts/benchmarks/validation.business.ts
FN:11,readStagingJSONFile
FN:19,benchmarkBusinessValidation
FNF:2
FNH:2
FNDA:5,readStagingJSONFile
FNDA:5,benchmarkBusinessValidation
DA:1,1
DA:2,1
DA:3,1
DA:4,1
DA:5,1
DA:6,1
DA:7,1
DA:8,1
DA:9,1
DA:10,1
DA:11,5
DA:12,5
DA:13,5
DA:14,5
DA:15,5
DA:16,5
DA:17,5
DA:18,1
DA:19,5
DA:20,5
DA:21,5
DA:22,5
DA:23,5
DA:24,5
DA:25,1280
DA:26,1
DA:27,1
DA:28,1
DA:29,1279
DA:30,1279
DA:31,5
DA:32,5
DA:33,5
DA:34,1
DA:35,1
DA:36,4
DA:37,4
DA:38,4
DA:39,4
DA:40,4
DA:41,4
DA:42,4
DA:43,2552
DA:44,4
DA:45,4
DA:46,4
DA:47,4
DA:48,4
DA:49,857
DA:50,857
DA:51,857
DA:52,1
DA:53,1
DA:54,1
DA:55,1
DA:56,1
DA:57,1
DA:58,1
DA:59,1
DA:60,856
DA:61,856
DA:62,856
DA:63,1
DA:64,1
DA:65,1
DA:66,1
DA:67,1
DA:68,1
DA:69,1
DA:70,1
DA:71,856
DA:72,855
DA:73,855
DA:74,855
DA:75,1
DA:76,1
DA:77,1
DA:78,1
DA:79,1
DA:80,1
DA:81,855
DA:82,4
DA:83,4
DA:84,5
DA:85,3
DA:86,3
DA:87,5
DA:88,1
DA:89,1
DA:90,1
DA:91,1
DA:92,1
LF:92
LH:92
BRDA:90,0,0,1
BRDA:92,1,0,1
BRDA:11,2,0,5
BRDA:19,3,0,5
BRDA:33,4,0,1
BRDA:36,5,0,4
BRDA:84,6,0,3
BRDA:24,7,0,1280
BRDA:25,8,0,1
BRDA:29,9,0,1279
BRDA:42,10,0,2552
BRDA:48,11,0,857
BRDA:51,12,0,1
BRDA:60,13,0,856
BRDA:62,14,0,1
BRDA:72,15,0,855
BRDA:74,16,0,1
BRF:17
BRH:17
end_of_record
TN:
SF:scripts/measures/json-to-csv.ts
FN:29,createJson
FN:63,getAllQcdrOrQualityMeasures
FN:87,writeToJsonFile
FN:91,writeJSON
FN:97,writeToCSVFile
FN:101,writeCSV
FN:107,setCategoriesArray
FNF:7
FNH:7
FNDA:7,createJson
FNDA:5,getAllQcdrOrQualityMeasures
FNDA:6,writeToJsonFile
FNDA:1,writeJSON
FNDA:6,writeToCSVFile
FNDA:1,writeCSV
FNDA:6,setCategoriesArray
DA:1,1
DA:2,1
DA:3,1
DA:4,1
DA:5,1
DA:6,1
DA:7,1
DA:8,1
DA:9,1
DA:10,1
DA:11,1
DA:12,1
DA:13,1
DA:14,1
DA:15,1
DA:16,1
DA:17,1
DA:18,1
DA:19,1
DA:20,1
DA:21,1
DA:22,1
DA:23,1
DA:24,1
DA:25,1
DA:26,1
DA:27,1
DA:28,1
DA:29,7
DA:30,7
DA:31,7
DA:32,7
DA:33,7
DA:34,7
DA:35,7
DA:36,1
DA:37,1
DA:38,1
DA:39,6
DA:40,6
DA:41,6
DA:42,7
DA:43,4
DA:44,4
DA:45,2
DA:46,2
DA:47,2
DA:48,6
DA:49,6
DA:50,6
DA:51,6
DA:52,6
DA:53,7
DA:54,2
DA:55,2
DA:56,2
DA:57,2
DA:58,7
DA:59,4
DA:60,4
DA:61,7
DA:62,1
DA:63,5
DA:64,5
DA:65,5
DA:66,29
DA:67,29
DA:68,29
DA:69,29
DA:70,29
DA:71,4
DA:72,29
DA:73,2
DA:74,2
DA:75,27
DA:76,27
DA:77,27
DA:78,27
DA:79,4
DA:80,27
DA:81,2
DA:82,2
DA:83,29
DA:84,5
DA:85,5
DA:86,1
DA:87,6
DA:88,6
DA:89,6
DA:90,6
DA:91,6
DA:92,1
DA:93,1
DA:94,6
DA:95,6
DA:96,1
DA:97,6
DA:98,6
DA:99,6
DA:100,6
DA:101,6
DA:102,1
DA:103,1
DA:104,6
DA:105,6
DA:106,1
DA:107,6
DA:108,6
DA:109,6
DA:110,5
DA:111,6
DA:112,6
DA:113,6
DA:114,6
DA:115,1
DA:116,1
DA:117,1
DA:118,1
DA:119,1
LF:119
LH:119
BRDA:117,0,0,1
BRDA:119,1,0,1
BRDA:29,2,0,7
BRDA:35,3,0,1
BRDA:39,4,0,6
BRDA:42,5,0,4
BRDA:45,6,0,2
BRDA:48,7,0,6
BRDA:53,8,0,2
BRDA:58,9,0,4
BRDA:54,10,0,2
BRDA:63,11,0,5
BRDA:65,12,0,29
BRDA:68,13,0,15
BRDA:69,14,0,9
BRDA:70,15,0,4
BRDA:72,16,0,2
BRDA:75,17,0,27
BRDA:76,18,0,14
BRDA:77,19,0,8
BRDA:78,20,0,4
BRDA:80,21,0,2
BRDA:87,22,0,6
BRDA:91,23,0,1
BRDA:92,24,0,0
BRDA:97,25,0,6
BRDA:101,26,0,1
BRDA:102,27,0,0
BRDA:107,28,0,6
BRDA:109,29,0,5
BRF:30
BRH:28
end_of_record
TN:
SF:scripts/measures/manage-allowed-programs.ts
FN:9,updateAllowedPrograms
FN:78,sortPrograms
FNF:2
FNH:2
FNDA:6,updateAllowedPrograms
FNDA:3,sortPrograms
DA:1,1
DA:2,1
DA:3,1
DA:4,1
DA:5,1
DA:6,1
DA:7,1
DA:8,1
DA:9,6
DA:10,6
DA:11,6
DA:12,6
DA:13,6
DA:14,6
DA:15,6
DA:16,6
DA:17,6
DA:18,6
DA:19,6
DA:20,6
DA:21,6
DA:22,6
DA:23,6
DA:24,6
DA:25,6
DA:26,6
DA:27,6
DA:28,6
DA:29,6
DA:30,6
DA:31,6
DA:32,6
DA:33,6
DA:34,20
DA:35,9
DA:36,9
DA:37,9
DA:38,5
DA:39,5
DA:40,3
DA:41,3
DA:42,3
DA:43,3
DA:44,3
DA:45,3
DA:46,3
DA:47,3
DA:48,3
DA:49,9
DA:50,4
DA:51,4
DA:52,4
DA:53,1
DA:54,1
DA:55,1
DA:56,1
DA:57,1
DA:58,4
DA:59,9
DA:60,6
DA:61,6
DA:62,6
DA:63,6
DA:64,3
DA:65,3
DA:66,3
DA:67,3
DA:68,3
DA:69,6
DA:70,2
DA:71,2
DA:72,6
DA:73,1
DA:74,1
DA:75,6
DA:76,1
DA:77,1
DA:78,3
DA:79,3
DA:80,3
DA:81,3
DA:82,3
DA:83,3
DA:84,4
DA:85,3
DA:86,3
DA:87,1
DA:88,1
DA:89,1
DA:90,1
DA:91,1
DA:92,1
DA:93,1
DA:94,1
DA:95,1
DA:96,1
DA:97,1
DA:98,1
DA:99,1
DA:100,1
DA:101,1
DA:102,1
DA:103,1
DA:104,1
DA:105,1
DA:106,1
LF:106
LH:106
BRDA:89,0,0,1
BRDA:9,1,0,6
BRDA:63,2,0,3
BRDA:69,3,0,2
BRDA:72,4,0,1
BRDA:33,5,0,20
BRDA:34,6,0,9
BRDA:35,7,0,0
BRDA:37,8,0,5
BRDA:39,9,0,3
BRDA:49,10,0,4
BRDA:52,11,0,1
BRDA:78,12,0,3
BRDA:83,13,0,4
BRF:14
BRH:13
end_of_record
TN:
SF:scripts/measures/2022/ingest-strata.ts
FN:18,ingestStrata
FNF:1
FNH:1
FNDA:3,ingestStrata
DA:1,1
DA:2,1
DA:3,1
DA:4,1
DA:5,1
DA:6,1
DA:7,1
DA:8,1
DA:9,1
DA:10,1
DA:11,1
DA:12,1
DA:13,1
DA:14,1
DA:15,1
DA:16,1
DA:17,1
DA:18,3
DA:19,3
DA:20,3
DA:21,3
DA:22,3
DA:23,3
DA:24,3
DA:25,3
DA:26,3
DA:27,3
DA:28,3
DA:29,3
DA:30,3
DA:31,3
DA:32,3
DA:33,3
DA:34,11
DA:35,1
DA:36,1
DA:37,1
DA:38,1
DA:39,1
DA:40,10
DA:41,3
DA:42,3
DA:43,3
DA:44,3
DA:45,3
DA:46,3
DA:47,3
DA:48,3
DA:49,3
DA:50,6
DA:51,1
DA:52,1
DA:53,1
DA:54,1
DA:55,1
DA:56,5
DA:57,5
DA:58,5
DA:59,5
DA:60,5
DA:61,3
DA:62,3
DA:63,3
DA:64,3
DA:65,3
DA:66,2
DA:67,2
DA:68,1
DA:69,1
DA:70,1
DA:71,1
DA:72,1
LF:72
LH:72
BRDA:70,0,0,1
BRDA:72,1,0,1
BRDA:18,2,0,3
BRDA:66,3,0,2
BRDA:33,4,0,11
BRDA:34,5,0,1
BRDA:40,6,0,10
BRDA:45,7,0,10
BRDA:49,8,0,6
BRDA:50,9,0,1
BRDA:56,10,0,5
BRDA:57,11,0,7
BRDA:63,12,0,6
BRF:13
BRH:13
end_of_record
TN:
SF:scripts/measures/2022/update-measures-util.ts
FN:43,updateMeasuresWithChangeFile
FN:161,updateChangeLog
FN:170,deleteMeasure
FN:188,updateMeasure
FN:217,addMeasure
FN:265,orderFields
FN:279,isValidECQM
FN:291,isAllowedCostScore
FN:303,isOutcomeHighPriority
FN:315,isMultiPerfRateChanged
FN:321,writeToFile
FN:325,updateBenchmarksMetaData
FN:333,isNewMeasure
FN:338,findFinalInCategory
FN:364,removeStrata
FN:378,isOnlyAdminClaims
FN:385,checkNewExclusionAndSubstitutes
FNF:17
FNH:17
FNDA:17,updateMeasuresWithChangeFile
FNDA:1,updateChangeLog
FNDA:3,deleteMeasure
FNDA:5,updateMeasure
FNDA:8,addMeasure
FNDA:13,orderFields
FNDA:11,isValidECQM
FNDA:15,isAllowedCostScore
FNDA:13,isOutcomeHighPriority
FNDA:11,isMultiPerfRateChanged
FNDA:1,writeToFile
FNDA:2,updateBenchmarksMetaData
FNDA:16,isNewMeasure
FNDA:8,findFinalInCategory
FNDA:2,removeStrata
FNDA:2,isOnlyAdminClaims
FNDA:4,checkNewExclusionAndSubstitutes
DA:1,1
DA:2,1
DA:3,1
DA:4,1
DA:5,1
DA:6,1
DA:7,1
DA:8,1
DA:9,1
DA:10,1
DA:11,1
DA:12,1
DA:13,1
DA:14,1
DA:15,1
DA:16,1
DA:17,1
DA:18,1
DA:19,1
DA:20,1
DA:21,1
DA:22,1
DA:23,1
DA:24,1
DA:25,1
DA:26,1
DA:27,1
DA:28,1
DA:29,1
DA:30,1
DA:31,1
DA:32,1
DA:33,1
DA:34,1
DA:35,1
DA:36,1
DA:37,1
DA:38,1
DA:39,1
DA:40,1
DA:41,1
DA:42,1
DA:43,17
DA:44,17
DA:45,17
DA:46,17
DA:47,17
DA:48,17
DA:49,17
DA:50,17
DA:51,17
DA:52,17
DA:53,17
DA:54,17
DA:55,17
DA:56,17
DA:57,17
DA:58,17
DA:59,17
DA:60,17
DA:61,17
DA:62,17
DA:63,17
DA:64,17
DA:65,17
DA:66,1
DA:67,17
DA:68,16
DA:69,16
DA:70,16
DA:71,16
DA:72,16
DA:73,11
DA:74,1
DA:75,1
DA:76,11
DA:77,1
DA:78,1
DA:79,11
DA:80,1
DA:81,1
DA:82,11
DA:83,1
DA:84,1
DA:85,11
DA:86,2
DA:87,2
DA:88,11
DA:89,1
DA:90,1
DA:91,11
DA:92,15
DA:93,16
DA:94,2
DA:95,2
DA:96,16
DA:97,1
DA:98,1
DA:99,16
DA:100,1
DA:101,1
DA:102,1
DA:103,1
DA:104,1
DA:105,1
DA:106,1
DA:107,16
DA:108,0
DA:109,0
DA:110,11
DA:111,16
DA:112,1
DA:113,16
DA:114,8
DA:115,4
DA:116,4
DA:117,4
DA:118,4
DA:119,10
DA:120,2
DA:121,2
DA:122,2
DA:123,16
DA:124,17
DA:125,9
DA:126,9
DA:127,17
DA:128,4
DA:129,4
DA:130,9
DA:131,9
DA:132,17
DA:133,1
DA:134,1
DA:135,9
DA:136,9
DA:137,17
DA:138,4
DA:139,4
DA:140,9
DA:141,9
DA:142,9
DA:143,9
DA:144,9
DA:145,0
DA:146,0
DA:147,0
DA:148,9
DA:149,9
DA:150,17
DA:151,8
DA:152,8
DA:153,8
DA:154,1
DA:155,1
DA:156,0
DA:157,8
DA:158,8
DA:159,17
DA:160,1
DA:161,1
DA:162,1
DA:163,1
DA:164,1
DA:165,1
DA:166,1
DA:167,1
DA:168,1
DA:169,1
DA:170,3
DA:171,3
DA:172,3
DA:173,2
DA:174,2
DA:175,2
DA:176,2
DA:177,2
DA:178,2
DA:179,2
DA:180,2
DA:181,2
DA:182,2
DA:183,3
DA:184,1
DA:185,1
DA:186,3
DA:187,1
DA:188,5
DA:189,5
DA:190,832
DA:191,5
DA:192,5
DA:193,0
DA:194,0
DA:195,5
DA:196,0
DA:197,0
DA:198,5
DA:199,5
DA:200,5
DA:201,5
DA:202,5
DA:203,5
DA:204,5
DA:205,2
DA:206,2
DA:207,2
DA:208,2
DA:209,2
DA:210,5
DA:211,5
DA:212,5
DA:213,5
DA:214,832
DA:215,5
DA:216,1
DA:217,8
DA:218,8
DA:219,8
DA:220,2
DA:221,2
DA:222,8
DA:223,2
DA:224,2
DA:225,8
DA:226,8
DA:227,8
DA:228,8
DA:229,2
DA:230,2
DA:231,2
DA:232,2
DA:233,2
DA:234,8
DA:235,8
DA:236,2
DA:237,2
DA:238,2
DA:239,2
DA:240,2
DA:241,8
DA:242,8
DA:243,2
DA:244,2
DA:245,2
DA:246,2
DA:247,2
DA:248,2
DA:249,2
DA:250,8
DA:251,8
DA:252,2
DA:253,2
DA:254,2
DA:255,2
DA:256,2
DA:257,2
DA:258,2
DA:259,2
DA:260,8
DA:261,8
DA:262,8
DA:263,1
DA:264,1
DA:265,13
DA:266,13
DA:267,3
DA:268,13
DA:269,3
DA:270,10
DA:271,4
DA:272,7
DA:273,3
DA:274,3
DA:275,0
DA:276,0
DA:277,13
DA:278,1
DA:279,11
DA:280,11
DA:281,11
DA:282,11
DA:283,11
DA:284,11
DA:285,11
DA:286,1
DA:287,1
DA:288,10
DA:289,10
DA:290,1
DA:291,15
DA:292,15
DA:293,15
DA:294,15
DA:295,15
DA:296,15
DA:297,15
DA:298,2
DA:299,2
DA:300,13
DA:301,13
DA:302,1
DA:303,13
DA:304,13
DA:305,13
DA:306,13
DA:307,13
DA:308,13
DA:309,13
DA:310,1
DA:311,1
DA:312,12
DA:313,12
DA:314,1
DA:315,11
DA:316,11
DA:317,11
DA:318,11
DA:319,11
DA:320,1
DA:321,1
DA:322,1
DA:323,1
DA:324,1
DA:325,2
DA:326,2
DA:327,2
DA:328,2
DA:329,2
DA:330,2
DA:331,2
DA:332,1
DA:333,16
DA:334,16
DA:335,16
DA:336,16
DA:337,1
DA:338,8
DA:339,8
DA:340,8
DA:341,5376
DA:342,1294
DA:343,262
DA:344,262
DA:345,1032
DA:346,1032
DA:347,1032
DA:348,420
DA:349,1032
DA:350,392
DA:351,392
DA:352,1294
DA:353,4082
DA:354,4082
DA:355,4082
DA:356,1032
DA:357,4082
DA:358,420
DA:359,420
DA:360,5376
DA:361,8
DA:362,8
DA:363,1
DA:364,2
DA:365,2
DA:366,2
DA:367,2
DA:368,2
DA:369,2
DA:370,2
DA:371,2
DA:372,2
DA:373,2
DA:374,2
DA:375,2
DA:376,2
DA:377,1
DA:378,2
DA:379,2
DA:380,2
DA:381,0
DA:382,2
DA:383,2
DA:384,1
DA:385,4
DA:386,4
DA:387,4
DA:388,4
DA:389,4
DA:390,4
DA:391,4
DA:392,4
DA:393,6
DA:394,2
DA:395,2
DA:396,2
DA:397,2
DA:398,2
DA:399,0
DA:400,0
DA:401,2
DA:402,6
DA:403,4
LF:403
LH:388
BRDA:43,0,0,17
BRDA:65,1,0,1
BRDA:67,2,0,16
BRDA:72,3,0,11
BRDA:73,4,0,1
BRDA:76,5,0,1
BRDA:79,6,0,2
BRDA:79,7,0,1
BRDA:82,8,0,1
BRDA:85,9,0,9
BRDA:85,10,0,9
BRDA:85,11,0,2
BRDA:88,12,0,1
BRDA:92,13,0,15
BRDA:93,14,0,2
BRDA:96,15,0,13
BRDA:96,16,0,1
BRDA:99,17,0,12
BRDA:99,18,0,5
BRDA:99,19,0,4
BRDA:99,20,0,1
BRDA:107,21,0,11
BRDA:107,22,0,4
BRDA:107,23,0,2
BRDA:107,24,0,0
BRDA:110,25,0,11
BRDA:111,26,0,1
BRDA:113,27,0,10
BRDA:113,28,0,8
BRDA:114,29,0,4
BRDA:119,30,0,2
BRDA:125,31,0,9
BRDA:127,32,0,4
BRDA:130,33,0,9
BRDA:132,34,0,1
BRDA:135,35,0,9
BRDA:137,36,0,4
BRDA:140,37,0,9
BRDA:145,38,0,0
BRDA:148,39,0,9
BRDA:150,40,0,8
BRDA:153,41,0,0
BRDA:161,42,0,1
BRDA:170,43,0,3
BRDA:172,44,0,2
BRDA:183,45,0,1
BRDA:188,46,0,5
BRDA:189,47,0,832
BRDA:190,48,0,5
BRDA:192,49,0,0
BRDA:195,50,0,0
BRDA:202,51,0,1
BRDA:202,52,0,4
BRDA:204,53,0,2
BRDA:217,54,0,8
BRDA:219,55,0,2
BRDA:222,56,0,2
BRDA:228,57,0,2
BRDA:235,58,0,2
BRDA:242,59,0,2
BRDA:251,60,0,2
BRDA:265,61,0,13
BRDA:266,62,0,3
BRDA:268,63,0,10
BRDA:268,64,0,3
BRDA:270,65,0,7
BRDA:270,66,0,4
BRDA:272,67,0,3
BRDA:274,68,0,0
BRDA:279,69,0,11
BRDA:282,70,0,0
BRDA:285,71,0,3
BRDA:285,72,0,1
BRDA:285,73,0,1
BRDA:288,74,0,10
BRDA:291,75,0,15
BRDA:294,76,0,6
BRDA:294,77,0,9
BRDA:294,78,0,8
BRDA:295,79,0,5
BRDA:295,80,0,10
BRDA:295,81,0,8
BRDA:297,82,0,2
BRDA:297,83,0,1
BRDA:297,84,0,2
BRDA:300,85,0,13
BRDA:303,86,0,13
BRDA:306,87,0,4
BRDA:306,88,0,9
BRDA:306,89,0,7
BRDA:307,90,0,0
BRDA:307,91,0,8
BRDA:309,92,0,9
BRDA:309,93,0,2
BRDA:309,94,0,1
BRDA:312,95,0,12
BRDA:315,96,0,11
BRDA:318,97,0,2
BRDA:318,98,0,10
BRDA:321,99,0,1
BRDA:325,100,0,2
BRDA:327,101,0,1
BRDA:327,102,0,1
BRDA:328,103,0,1
BRDA:328,104,0,1
BRDA:333,105,0,16
BRDA:338,106,0,8
BRDA:340,107,0,5376
BRDA:341,108,0,1294
BRDA:342,109,0,262
BRDA:345,110,0,1032
BRDA:347,111,0,420
BRDA:349,112,0,392
BRDA:353,113,0,4082
BRDA:354,114,0,1344
BRDA:355,115,0,1032
BRDA:357,116,0,420
BRDA:364,117,0,2
BRDA:370,118,0,52
BRDA:372,119,0,52
BRDA:378,120,0,2
BRDA:380,121,0,0
BRDA:380,122,0,0
BRDA:385,123,0,4
BRDA:392,124,0,6
BRDA:393,125,0,2
BRDA:398,126,0,0
BRF:127
BRH:116
end_of_record
TN:
SF:scripts/measures/2022/update-measures.ts
FN:8,updateMeasures
FNF:1
FNH:1
FNDA:3,updateMeasures
DA:1,1
DA:2,1
DA:3,1
DA:4,1
DA:5,1
DA:6,1
DA:7,1
DA:8,3
DA:9,3
DA:10,3
DA:11,3
DA:12,3
DA:13,3
DA:14,3
DA:15,3
DA:16,3
DA:17,3
DA:18,3
DA:19,3
DA:20,3
DA:21,3
DA:22,3
DA:23,3
DA:24,3
DA:25,3
DA:26,3
DA:27,9
DA:28,6
DA:29,6
DA:30,2
DA:31,2
DA:32,2
DA:33,6
DA:34,3
DA:35,3
DA:36,3
DA:37,1
DA:38,1
DA:39,1
DA:40,3
DA:41,2
DA:42,2
DA:43,3
DA:44,1
DA:45,1
DA:46,1
DA:47,1
DA:48,1
LF:48
LH:48
BRDA:46,0,0,1
BRDA:48,1,0,1
BRDA:8,2,0,3
BRDA:36,3,0,1
BRDA:40,4,0,2
BRDA:26,5,0,9
BRDA:27,6,0,6
BRDA:29,7,0,2
BRF:8
BRH:8
end_of_record
TN:
SF:scripts/measures/2023/ingest-strata.ts
FN:18,ingestStrata
FNF:1
FNH:1
FNDA:3,ingestStrata
DA:1,1
DA:2,1
DA:3,1
DA:4,1
DA:5,1
DA:6,1
DA:7,1
DA:8,1
DA:9,1
DA:10,1
DA:11,1
DA:12,1
DA:13,1
DA:14,1
DA:15,1
DA:16,1
DA:17,1
DA:18,3
DA:19,3
DA:20,3
DA:21,3
DA:22,3
DA:23,3
DA:24,3
DA:25,3
DA:26,3
DA:27,3
DA:28,3
DA:29,3
DA:30,3
DA:31,3
DA:32,3
DA:33,3
DA:34,11
DA:35,1
DA:36,1
DA:37,1
DA:38,1
DA:39,1
DA:40,10
DA:41,3
DA:42,3
DA:43,3
DA:44,3
DA:45,3
DA:46,3
DA:47,3
DA:48,3
DA:49,3
DA:50,6
DA:51,1
DA:52,1
DA:53,1
DA:54,1
DA:55,1
DA:56,5
DA:57,5
DA:58,5
DA:59,5
DA:60,5
DA:61,5
DA:62,5
DA:63,5
DA:64,5
DA:65,3
DA:66,3
DA:67,3
DA:68,3
DA:69,3
DA:70,2
DA:71,2
DA:72,1
DA:73,1
DA:74,1
DA:75,1
DA:76,1
LF:76
LH:76
BRDA:74,0,0,1
BRDA:76,1,0,1
BRDA:18,2,0,3
BRDA:70,3,0,2
BRDA:33,4,0,11
BRDA:34,5,0,1
BRDA:40,6,0,10
BRDA:45,7,0,10
BRDA:49,8,0,6
BRDA:50,9,0,1
BRDA:56,10,0,5
BRDA:61,11,0,7
BRDA:67,12,0,6
BRF:13
BRH:13
end_of_record
TN:
SF:scripts/measures/2023/update-measures.ts
FN:19,updateMeasures
FN:56,ingestChangeFile
FNF:2
FNH:2
FNDA:3,updateMeasures
FNDA:17,ingestChangeFile
DA:1,1
DA:2,1
DA:3,1
DA:4,1
DA:5,1
DA:6,1
DA:7,1
DA:8,1
DA:9,1
DA:10,1
DA:11,1
DA:12,1
DA:13,1
DA:14,1
DA:15,1
DA:16,1
DA:17,1
DA:18,1
DA:19,3
DA:20,3
DA:21,3
DA:22,3
DA:23,3
DA:24,3
DA:25,3
DA:26,3
DA:27,3
DA:28,3
DA:29,3
DA:30,3
DA:31,3
DA:32,3
DA:33,3
DA:34,3
DA:35,3
DA:36,3
DA:37,3
DA:38,9
DA:39,6
DA:40,6
DA:41,2
DA:42,2
DA:43,2
DA:44,6
DA:45,3
DA:46,3
DA:47,3
DA:48,1
DA:49,1
DA:50,1
DA:51,3
DA:52,2
DA:53,2
DA:54,3
DA:55,1
DA:56,17
DA:57,17
DA:58,17
DA:59,17
DA:60,17
DA:61,17
DA:62,17
DA:63,17
DA:64,17
DA:65,17
DA:66,17
DA:67,17
DA:68,17
DA:69,17
DA:70,17
DA:71,17
DA:72,17
DA:73,17
DA:74,17
DA:75,17
DA:76,17
DA:77,17
DA:78,17
DA:79,1
DA:80,17
DA:81,16
DA:82,16
DA:83,16
DA:84,16
DA:85,16
DA:86,11
DA:87,1
DA:88,1
DA:89,11
DA:90,1
DA:91,1
DA:92,11
DA:93,1
DA:94,1
DA:95,11
DA:96,1
DA:97,1
DA:98,11
DA:99,2
DA:100,2
DA:101,11
DA:102,1
DA:103,1
DA:104,11
DA:105,15
DA:106,16
DA:107,2
DA:108,2
DA:109,16
DA:110,1
DA:111,1
DA:112,16
DA:113,1
DA:114,1
DA:115,1
DA:116,1
DA:117,1
DA:118,1
DA:119,1
DA:120,16
DA:121,0
DA:122,0
DA:123,11
DA:124,16
DA:125,1
DA:126,16
DA:127,8
DA:128,4
DA:129,4
DA:130,4
DA:131,4
DA:132,10
DA:133,2
DA:134,2
DA:135,2
DA:136,16
DA:137,17
DA:138,9
DA:139,9
DA:140,17
DA:141,4
DA:142,4
DA:143,9
DA:144,9
DA:145,17
DA:146,1
DA:147,1
DA:148,9
DA:149,9
DA:150,17
DA:151,4
DA:152,4
DA:153,9
DA:154,9
DA:155,9
DA:156,9
DA:157,9
DA:158,0
DA:159,0
DA:160,0
DA:161,9
DA:162,9
DA:163,17
DA:164,8
DA:165,8
DA:166,8
DA:167,1
DA:168,1
DA:169,0
DA:170,1
DA:171,1
DA:172,1
DA:173,1
DA:174,8
DA:175,8
DA:176,17
DA:177,1
DA:178,1
DA:179,1
DA:180,1
DA:181,1
LF:181
LH:175
BRDA:179,0,0,1
BRDA:181,1,0,1
BRDA:19,2,0,3
BRDA:47,3,0,1
BRDA:51,4,0,2
BRDA:37,5,0,9
BRDA:38,6,0,6
BRDA:40,7,0,2
BRDA:56,8,0,17
BRDA:78,9,0,1
BRDA:80,10,0,16
BRDA:85,11,0,11
BRDA:86,12,0,1
BRDA:89,13,0,1
BRDA:92,14,0,2
BRDA:92,15,0,1
BRDA:95,16,0,1
BRDA:98,17,0,9
BRDA:98,18,0,9
BRDA:98,19,0,2
BRDA:101,20,0,1
BRDA:105,21,0,15
BRDA:106,22,0,2
BRDA:109,23,0,13
BRDA:109,24,0,1
BRDA:112,25,0,12
BRDA:112,26,0,5
BRDA:112,27,0,4
BRDA:112,28,0,1
BRDA:120,29,0,11
BRDA:120,30,0,4
BRDA:120,31,0,2
BRDA:120,32,0,0
BRDA:123,33,0,11
BRDA:124,34,0,1
BRDA:126,35,0,10
BRDA:126,36,0,8
BRDA:127,37,0,4
BRDA:132,38,0,2
BRDA:138,39,0,9
BRDA:140,40,0,4
BRDA:143,41,0,9
BRDA:145,42,0,1
BRDA:148,43,0,9
BRDA:150,44,0,4
BRDA:153,45,0,9
BRDA:158,46,0,0
BRDA:161,47,0,9
BRDA:163,48,0,8
BRDA:166,49,0,0
BRDA:171,50,0,1
BRDA:173,51,0,1
BRF:52
BRH:49
end_of_record
TN:
SF:scripts/measures/2024/ingest-strata.ts
FN:18,ingestStrata
FNF:1
FNH:1
FNDA:3,ingestStrata
DA:1,1
DA:2,1
DA:3,1
DA:4,1
DA:5,1
DA:6,1
DA:7,1
DA:8,1
DA:9,1
DA:10,1
DA:11,1
DA:12,1
DA:13,1
DA:14,1
DA:15,1
DA:16,1
DA:17,1
DA:18,3
DA:19,3
DA:20,3
DA:21,3
DA:22,3
DA:23,3
DA:24,3
DA:25,3
DA:26,3
DA:27,3
DA:28,3
DA:29,3
DA:30,3
DA:31,3
DA:32,3
DA:33,3
DA:34,11
DA:35,1
DA:36,1
DA:37,1
DA:38,1
DA:39,1
DA:40,10
DA:41,3
DA:42,3
DA:43,3
DA:44,3
DA:45,3
DA:46,3
DA:47,3
DA:48,3
DA:49,3
DA:50,6
DA:51,1
DA:52,1
DA:53,1
DA:54,1
DA:55,1
DA:56,5
DA:57,5
DA:58,5
DA:59,5
DA:60,5
DA:61,6
DA:62,6
DA:63,6
DA:64,6
DA:65,3
DA:66,3
DA:67,3
DA:68,3
DA:69,3
DA:70,2
DA:71,2
DA:72,1
DA:73,1
DA:74,1
DA:75,1
DA:76,1
LF:76
LH:76
BRDA:74,0,0,1
BRDA:76,1,0,1
BRDA:18,2,0,3
BRDA:70,3,0,2
BRDA:33,4,0,11
BRDA:34,5,0,1
BRDA:40,6,0,10
BRDA:45,7,0,10
BRDA:49,8,0,6
BRDA:50,9,0,1
BRDA:56,10,0,5
BRDA:61,11,0,7
BRDA:67,12,0,6
BRF:13
BRH:13
end_of_record
TN:
SF:scripts/measures/2024/update-measures.ts
FN:19,updateMeasures
FN:56,ingestChangeFile
FNF:2
FNH:2
FNDA:3,updateMeasures
FNDA:18,ingestChangeFile
DA:1,1
DA:2,1
DA:3,1
DA:4,1
DA:5,1
DA:6,1
DA:7,1
DA:8,1
DA:9,1
DA:10,1
DA:11,1
DA:12,1
DA:13,1
DA:14,1
DA:15,1
DA:16,1
DA:17,1
DA:18,1
DA:19,3
DA:20,3
DA:21,3
DA:22,3
DA:23,3
DA:24,3
DA:25,3
DA:26,3
DA:27,3
DA:28,3
DA:29,3
DA:30,3
DA:31,3
DA:32,3
DA:33,3
DA:34,3
DA:35,3
DA:36,3
DA:37,3
DA:38,9
DA:39,6
DA:40,6
DA:41,2
DA:42,2
DA:43,2
DA:44,6
DA:45,3
DA:46,3
DA:47,3
DA:48,1
DA:49,1
DA:50,1
DA:51,3
DA:52,2
DA:53,2
DA:54,3
DA:55,1
DA:56,18
DA:57,18
DA:58,18
DA:59,18
DA:60,18
DA:61,18
DA:62,18
DA:63,18
DA:64,18
DA:65,18
DA:66,18
DA:67,18
DA:68,18
DA:69,18
DA:70,18
DA:71,18
DA:72,18
DA:73,18
DA:74,18
DA:75,18
DA:76,18
DA:77,18
DA:78,18
DA:79,1
DA:80,18
DA:81,17
DA:82,17
DA:83,17
DA:84,17
DA:85,17
DA:86,11
DA:87,1
DA:88,1
DA:89,11
DA:90,1
DA:91,1
DA:92,11
DA:93,1
DA:94,1
DA:95,11
DA:96,1
DA:97,1
DA:98,11
DA:99,2
DA:100,2
DA:101,11
DA:102,1
DA:103,1
DA:104,11
DA:105,16
DA:106,17
DA:107,2
DA:108,2
DA:109,17
DA:110,1
DA:111,1
DA:112,17
DA:113,1
DA:114,1
DA:115,17
DA:116,2
DA:117,2
DA:118,2
DA:119,2
DA:120,1
DA:121,1
DA:122,2
DA:123,17
DA:124,1
DA:125,1
DA:126,12
DA:127,17
DA:128,1
DA:129,17
DA:130,8
DA:131,4
DA:132,4
DA:133,4
DA:134,4
DA:135,11
DA:136,3
DA:137,3
DA:138,3
DA:139,17
DA:140,18
DA:141,9
DA:142,9
DA:143,18
DA:144,4
DA:145,4
DA:146,9
DA:147,9
DA:148,18
DA:149,1
DA:150,1
DA:151,9
DA:152,9
DA:153,18
DA:154,4
DA:155,4
DA:156,9
DA:157,9
DA:158,9
DA:159,9
DA:160,9
DA:161,0
DA:162,0
DA:163,0
DA:164,9
DA:165,9
DA:166,9
DA:167,9
DA:168,9
DA:169,9
DA:170,1
DA:171,1
DA:172,0
DA:173,1
DA:174,1
DA:175,1
DA:176,1
DA:177,9
DA:178,9
DA:179,18
DA:180,1
DA:181,1
DA:182,1
DA:183,1
DA:184,1
LF:184
LH:180
BRDA:182,0,0,1
BRDA:184,1,0,1
BRDA:19,2,0,3
BRDA:47,3,0,1
BRDA:51,4,0,2
BRDA:37,5,0,9
BRDA:38,6,0,6
BRDA:40,7,0,2
BRDA:56,8,0,18
BRDA:78,9,0,1
BRDA:80,10,0,17
BRDA:85,11,0,11
BRDA:86,12,0,1
BRDA:89,13,0,1
BRDA:92,14,0,1
BRDA:92,15,0,1
BRDA:95,16,0,1
BRDA:98,17,0,9
BRDA:98,18,0,9
BRDA:98,19,0,2
BRDA:101,20,0,1
BRDA:105,21,0,16
BRDA:106,22,0,2
BRDA:109,23,0,14
BRDA:109,24,0,1
BRDA:112,25,0,13
BRDA:112,26,0,1
BRDA:112,27,0,1
BRDA:115,28,0,13
BRDA:115,29,0,7
BRDA:115,30,0,2
BRDA:119,31,0,1
BRDA:119,32,0,1
BRDA:123,33,0,12
BRDA:123,34,0,5
BRDA:123,35,0,3
BRDA:123,36,0,1
BRDA:123,37,0,1
BRDA:126,38,0,12
BRDA:127,39,0,1
BRDA:129,40,0,11
BRDA:129,41,0,8
BRDA:130,42,0,4
BRDA:135,43,0,3
BRDA:141,44,0,9
BRDA:143,45,0,4
BRDA:146,46,0,9
BRDA:148,47,0,1
BRDA:151,48,0,9
BRDA:153,49,0,4
BRDA:156,50,0,9
BRDA:161,51,0,0
BRDA:164,52,0,9
BRDA:169,53,0,0
BRDA:174,54,0,1
BRDA:176,55,0,1
BRF:56
BRH:54
end_of_record
TN:
SF:scripts/measures/2025/ingest-strata.ts
FN:19,ingestStrata
FNF:1
FNH:1
FNDA:3,ingestStrata
DA:1,1
DA:2,1
DA:3,1
DA:4,1
DA:5,1
DA:6,1
DA:7,1
DA:8,1
DA:9,1
DA:10,1
DA:11,1
DA:12,1
DA:13,1
DA:14,1
DA:15,1
DA:16,1
DA:17,1
DA:18,1
DA:19,3
DA:20,3
DA:21,3
DA:22,3
DA:23,3
DA:24,3
DA:25,3
DA:26,3
DA:27,3
DA:28,3
DA:29,3
DA:30,3
DA:31,3
DA:32,3
DA:33,3
DA:34,3
DA:35,11
DA:36,1
DA:37,1
DA:38,1
DA:39,1
DA:40,1
DA:41,10
DA:42,3
DA:43,3
DA:44,3
DA:45,3
DA:46,3
DA:47,3
DA:48,3
DA:49,3
DA:50,3
DA:51,6
DA:52,1
DA:53,1
DA:54,1
DA:55,1
DA:56,1
DA:57,5
DA:58,5
DA:59,5
DA:60,5
DA:61,5
DA:62,6
DA:63,6
DA:64,6
DA:65,6
DA:66,3
DA:67,3
DA:68,3
DA:69,3
DA:70,3
DA:71,2
DA:72,2
DA:73,1
DA:74,1
DA:75,1
DA:76,1
DA:77,1
LF:77
LH:77
BRDA:75,0,0,1
BRDA:77,1,0,1
BRDA:19,2,0,3
BRDA:71,3,0,2
BRDA:34,4,0,11
BRDA:35,5,0,1
BRDA:41,6,0,10
BRDA:46,7,0,10
BRDA:50,8,0,6
BRDA:51,9,0,1
BRDA:57,10,0,5
BRDA:62,11,0,7
BRDA:68,12,0,6
BRF:13
BRH:13
end_of_record
TN:
SF:scripts/measures/2025/update-measures.ts
FN:20,updateMeasures
FN:57,ingestChangeFile
FNF:2
FNH:2
FNDA:3,updateMeasures
FNDA:18,ingestChangeFile
DA:1,1
DA:2,1
DA:3,1
DA:4,1
DA:5,1
DA:6,1
DA:7,1
DA:8,1
DA:9,1
DA:10,1
DA:11,1
DA:12,1
DA:13,1
DA:14,1
DA:15,1
DA:16,1
DA:17,1
DA:18,1
DA:19,1
DA:20,3
DA:21,3
DA:22,3
DA:23,3
DA:24,3
DA:25,3
DA:26,3
DA:27,3
DA:28,3
DA:29,3
DA:30,3
DA:31,3
DA:32,3
DA:33,3
DA:34,3
DA:35,3
DA:36,3
DA:37,3
DA:38,3
DA:39,9
DA:40,6
DA:41,6
DA:42,2
DA:43,2
DA:44,2
DA:45,6
DA:46,3
DA:47,3
DA:48,3
DA:49,1
DA:50,1
DA:51,1
DA:52,3
DA:53,2
DA:54,2
DA:55,3
DA:56,1
DA:57,18
DA:58,18
DA:59,18
DA:60,18
DA:61,18
DA:62,18
DA:63,18
DA:64,18
DA:65,18
DA:66,18
DA:67,18
DA:68,18
DA:69,18
DA:70,18
DA:71,18
DA:72,18
DA:73,18
DA:74,18
DA:75,18
DA:76,18
DA:77,18
DA:78,18
DA:79,18
DA:80,1
DA:81,18
DA:82,17
DA:83,17
DA:84,17
DA:85,17
DA:86,17
DA:87,11
DA:88,1
DA:89,1
DA:90,11
DA:91,1
DA:92,1
DA:93,11
DA:94,1
DA:95,1
DA:96,11
DA:97,1
DA:98,1
DA:99,11
DA:100,2
DA:101,2
DA:102,11
DA:103,1
DA:104,1
DA:105,11
DA:106,16
DA:107,17
DA:108,2
DA:109,2
DA:110,17
DA:111,1
DA:112,1
DA:113,17
DA:114,1
DA:115,1
DA:116,17
DA:117,2
DA:118,2
DA:119,2
DA:120,2
DA:121,1
DA:122,1
DA:123,2
DA:124,17
DA:125,1
DA:126,1
DA:127,12
DA:128,17
DA:129,1
DA:130,17
DA:131,8
DA:132,4
DA:133,4
DA:134,4
DA:135,4
DA:136,11
DA:137,3
DA:138,3
DA:139,3
DA:140,17
DA:141,18
DA:142,9
DA:143,9
DA:144,18
DA:145,4
DA:146,4
DA:147,9
DA:148,9
DA:149,18
DA:150,1
DA:151,1
DA:152,9
DA:153,9
DA:154,18
DA:155,4
DA:156,4
DA:157,9
DA:158,9
DA:159,9
DA:160,9
DA:161,9
DA:162,0
DA:163,0
DA:164,0
DA:165,9
DA:166,9
DA:167,9
DA:168,9
DA:169,9
DA:170,9
DA:171,1
DA:172,1
DA:173,0
DA:174,1
DA:175,1
DA:176,1
DA:177,1
DA:178,9
DA:179,9
DA:180,18
DA:181,1
DA:182,1
DA:183,1
DA:184,1
DA:185,1
LF:185
LH:181
BRDA:183,0,0,1
BRDA:185,1,0,1
BRDA:20,2,0,3
BRDA:48,3,0,1
BRDA:52,4,0,2
BRDA:38,5,0,9
BRDA:39,6,0,6
BRDA:41,7,0,2
BRDA:57,8,0,18
BRDA:79,9,0,1
BRDA:81,10,0,17
BRDA:86,11,0,11
BRDA:87,12,0,1
BRDA:90,13,0,1
BRDA:93,14,0,1
BRDA:93,15,0,1
BRDA:96,16,0,1
BRDA:99,17,0,9
BRDA:99,18,0,9
BRDA:99,19,0,2
BRDA:102,20,0,1
BRDA:106,21,0,16
BRDA:107,22,0,2
BRDA:110,23,0,14
BRDA:110,24,0,1
BRDA:113,25,0,13
BRDA:113,26,0,1
BRDA:113,27,0,1
BRDA:116,28,0,13
BRDA:116,29,0,7
BRDA:116,30,0,2
BRDA:120,31,0,1
BRDA:120,32,0,1
BRDA:124,33,0,12
BRDA:124,34,0,5
BRDA:124,35,0,3
BRDA:124,36,0,1
BRDA:124,37,0,1
BRDA:127,38,0,12
BRDA:128,39,0,1
BRDA:130,40,0,11
BRDA:130,41,0,8
BRDA:131,42,0,4
BRDA:136,43,0,3
BRDA:142,44,0,9
BRDA:144,45,0,4
BRDA:147,46,0,9
BRDA:149,47,0,1
BRDA:152,48,0,9
BRDA:154,49,0,4
BRDA:157,50,0,9
BRDA:162,51,0,0
BRDA:165,52,0,9
BRDA:170,53,0,0
BRDA:175,54,0,1
BRDA:177,55,0,1
BRF:56
BRH:54
end_of_record
TN:
SF:scripts/measures/2026/ingest-strata.ts
FN:19,ingestStrata
FNF:1
FNH:1
FNDA:3,ingestStrata
DA:1,1
DA:2,1
DA:3,1
DA:4,1
DA:5,1
DA:6,1
DA:7,1
DA:8,1
DA:9,1
DA:10,1
DA:11,1
DA:12,1
DA:13,1
DA:14,1
DA:15,1
DA:16,1
DA:17,1
DA:18,1
DA:19,3
DA:20,3
DA:21,3
DA:22,3
DA:23,3
DA:24,3
DA:25,3
DA:26,3
DA:27,3
DA:28,3
DA:29,3
DA:30,3
DA:31,3
DA:32,3
DA:33,3
DA:34,3
DA:35,11
DA:36,1
DA:37,1
DA:38,1
DA:39,1
DA:40,1
DA:41,10
DA:42,3
DA:43,3
DA:44,3
DA:45,3
DA:46,3
DA:47,3
DA:48,3
DA:49,3
DA:50,3
DA:51,6
DA:52,1
DA:53,1
DA:54,1
DA:55,1
DA:56,1
DA:57,5
DA:58,5
DA:59,5
DA:60,5
DA:61,5
DA:62,6
DA:63,6
DA:64,6
DA:65,6
DA:66,3
DA:67,3
DA:68,3
DA:69,3
DA:70,3
DA:71,2
DA:72,2
DA:73,1
DA:74,1
DA:75,1
DA:76,1
DA:77,1
LF:77
LH:77
BRDA:75,0,0,1
BRDA:77,1,0,1
BRDA:19,2,0,3
BRDA:71,3,0,2
BRDA:34,4,0,11
BRDA:35,5,0,1
BRDA:41,6,0,10
BRDA:46,7,0,10
BRDA:50,8,0,6
BRDA:51,9,0,1
BRDA:57,10,0,5
BRDA:62,11,0,7
BRDA:68,12,0,6
BRF:13
BRH:13
end_of_record
TN:
SF:scripts/measures/2026/update-measures.ts
FN:20,updateMeasures
FN:57,ingestChangeFile
FNF:2
FNH:2
FNDA:3,updateMeasures
FNDA:18,ingestChangeFile
DA:1,1
DA:2,1
DA:3,1
DA:4,1
DA:5,1
DA:6,1
DA:7,1
DA:8,1
DA:9,1
DA:10,1
DA:11,1
DA:12,1
DA:13,1
DA:14,1
DA:15,1
DA:16,1
DA:17,1
DA:18,1
DA:19,1
DA:20,3
DA:21,3
DA:22,3
DA:23,3
DA:24,3
DA:25,3
DA:26,3
DA:27,3
DA:28,3
DA:29,3
DA:30,3
DA:31,3
DA:32,3
DA:33,3
DA:34,3
DA:35,3
DA:36,3
DA:37,3
DA:38,3
DA:39,9
DA:40,6
DA:41,6
DA:42,2
DA:43,2
DA:44,2
DA:45,6
DA:46,3
DA:47,3
DA:48,3
DA:49,1
DA:50,1
DA:51,1
DA:52,3
DA:53,2
DA:54,2
DA:55,3
DA:56,1
DA:57,18
DA:58,18
DA:59,18
DA:60,18
DA:61,18
DA:62,18
DA:63,18
DA:64,18
DA:65,18
DA:66,18
DA:67,18
DA:68,18
DA:69,18
DA:70,18
DA:71,18
DA:72,18
DA:73,18
DA:74,18
DA:75,18
DA:76,18
DA:77,18
DA:78,18
DA:79,18
DA:80,1
DA:81,18
DA:82,17
DA:83,17
DA:84,17
DA:85,17
DA:86,17
DA:87,11
DA:88,1
DA:89,1
DA:90,11
DA:91,1
DA:92,1
DA:93,11
DA:94,1
DA:95,1
DA:96,11
DA:97,1
DA:98,1
DA:99,11
DA:100,2
DA:101,2
DA:102,11
DA:103,1
DA:104,1
DA:105,11
DA:106,16
DA:107,17
DA:108,2
DA:109,2
DA:110,17
DA:111,1
DA:112,1
DA:113,17
DA:114,1
DA:115,1
DA:116,17
DA:117,2
DA:118,2
DA:119,2
DA:120,2
DA:121,1
DA:122,1
DA:123,2
DA:124,17
DA:125,1
DA:126,1
DA:127,12
DA:128,17
DA:129,1
DA:130,17
DA:131,8
DA:132,4
DA:133,4
DA:134,4
DA:135,4
DA:136,11
DA:137,3
DA:138,3
DA:139,3
DA:140,17
DA:141,18
DA:142,9
DA:143,9
DA:144,18
DA:145,4
DA:146,4
DA:147,9
DA:148,9
DA:149,18
DA:150,1
DA:151,1
DA:152,9
DA:153,9
DA:154,18
DA:155,4
DA:156,4
DA:157,9
DA:158,9
DA:159,9
DA:160,9
DA:161,9
DA:162,0
DA:163,0
DA:164,0
DA:165,9
DA:166,9
DA:167,9
DA:168,9
DA:169,9
DA:170,9
DA:171,1
DA:172,1
DA:173,0
DA:174,1
DA:175,1
DA:176,1
DA:177,1
DA:178,9
DA:179,9
DA:180,18
DA:181,1
DA:182,1
DA:183,1
DA:184,1
DA:185,1
LF:185
LH:181
BRDA:183,0,0,1
BRDA:185,1,0,1
BRDA:20,2,0,3
BRDA:48,3,0,1
BRDA:52,4,0,2
BRDA:38,5,0,9
BRDA:39,6,0,6
BRDA:41,7,0,2
BRDA:57,8,0,18
BRDA:79,9,0,1
BRDA:81,10,0,17
BRDA:86,11,0,11
BRDA:87,12,0,1
BRDA:90,13,0,1
BRDA:93,14,0,1
BRDA:93,15,0,1
BRDA:96,16,0,1
BRDA:99,17,0,9
BRDA:99,18,0,9
BRDA:99,19,0,2
BRDA:102,20,0,1
BRDA:106,21,0,16
BRDA:107,22,0,2
BRDA:110,23,0,14
BRDA:110,24,0,1
BRDA:113,25,0,13
BRDA:113,26,0,1
BRDA:113,27,0,1
BRDA:116,28,0,13
BRDA:116,29,0,7
BRDA:116,30,0,2
BRDA:120,31,0,1
BRDA:120,32,0,1
BRDA:124,33,0,12
BRDA:124,34,0,5
BRDA:124,35,0,3
BRDA:124,36,0,1
BRDA:124,37,0,1
BRDA:127,38,0,12
BRDA:128,39,0,1
BRDA:130,40,0,11
BRDA:130,41,0,8
BRDA:131,42,0,4
BRDA:136,43,0,3
BRDA:142,44,0,9
BRDA:144,45,0,4
BRDA:147,46,0,9
BRDA:149,47,0,1
BRDA:152,48,0,9
BRDA:154,49,0,4
BRDA:157,50,0,9
BRDA:162,51,0,0
BRDA:165,52,0,9
BRDA:170,53,0,0
BRDA:175,54,0,1
BRDA:177,55,0,1
BRF:56
BRH:54
end_of_record
TN:
SF:scripts/measures/lib/csv-json-converter.ts
FN:30,convertCsvToJson
FN:70,mapInput
FN:127,mapHistoricBenchmarks
FN:137,csvFieldToArray
FN:153,mapArrayItem
FN:166,mapItem
FN:177,csvFieldToBoolean
FN:190,prepareCsv
FNF:8
FNH:8
FNDA:6,convertCsvToJson
FNDA:121,mapInput
FNDA:4,mapHistoricBenchmarks
FNDA:24,csvFieldToArray
FNDA:17,mapArrayItem
FNDA:42,mapItem
FNDA:16,csvFieldToBoolean
FNDA:6,prepareCsv
DA:1,1
DA:2,1
DA:3,1
DA:4,1
DA:5,1
DA:6,1
DA:7,1
DA:8,1
DA:9,1
DA:10,1
DA:11,1
DA:12,1
DA:13,1
DA:14,1
DA:15,1
DA:16,1
DA:17,1
DA:18,1
DA:19,1
DA:20,1
DA:21,1
DA:22,1
DA:23,1
DA:24,1
DA:25,1
DA:26,1
DA:27,1
DA:28,1
DA:29,1
DA:30,6
DA:31,6
DA:32,6
DA:33,6
DA:34,9
DA:35,9
DA:36,9
DA:37,9
DA:38,9
DA:39,2
DA:40,2
DA:41,9
DA:42,3
DA:43,3
DA:44,9
DA:45,1
DA:46,1
DA:47,9
DA:48,3
DA:49,3
DA:50,9
DA:51,0
DA:52,0
DA:53,9
DA:54,9
DA:55,9
DA:56,139
DA:57,121
DA:58,121
DA:59,9
DA:60,9
DA:61,9
DA:62,6
DA:63,6
DA:64,6
DA:65,6
DA:66,6
DA:67,6
DA:68,6
DA:69,1
DA:70,121
DA:71,121
DA:72,121
DA:73,121
DA:74,4
DA:75,121
DA:76,2
DA:77,121
DA:78,2
DA:79,121
DA:80,2
DA:81,121
DA:82,2
DA:83,121
DA:84,4
DA:85,1
DA:86,4
DA:87,2
DA:88,2
DA:89,1
DA:90,121
DA:91,4
DA:92,2
DA:93,121
DA:94,8
DA:95,121
DA:96,1
DA:97,121
DA:98,95
DA:99,95
DA:100,121
DA:101,17
DA:102,17
DA:103,1
DA:104,1
DA:105,1
DA:106,1
DA:107,1
DA:108,16
DA:109,16
DA:110,78
DA:111,78
DA:112,121
DA:113,24
DA:114,24
DA:115,24
DA:116,4
DA:117,4
DA:118,19
DA:119,19
DA:120,54
DA:121,54
DA:122,121
DA:123,54
DA:124,54
DA:125,54
DA:126,1
DA:127,4
DA:128,4
DA:129,4
DA:130,4
DA:131,4
DA:132,4
DA:133,4
DA:134,4
DA:135,1
DA:136,1
DA:137,24
DA:138,24
DA:139,1
DA:140,1
DA:141,24
DA:142,16
DA:143,16
DA:144,24
DA:145,1
DA:146,1
DA:147,24
DA:148,1
DA:149,1
DA:150,5
DA:151,5
DA:152,1
DA:153,17
DA:154,17
DA:155,17
DA:156,17
DA:157,17
DA:158,17
DA:159,17
DA:160,30
DA:161,30
DA:162,16
DA:163,16
DA:164,16
DA:165,1
DA:166,42
DA:167,42
DA:168,42
DA:169,41
DA:170,41
DA:171,1
DA:172,1
DA:173,1
DA:174,42
DA:175,1
DA:176,1
DA:177,16
DA:178,16
DA:179,16
DA:180,16
DA:181,4
DA:182,16
DA:183,16
DA:184,11
DA:185,16
DA:186,1
DA:187,16
DA:188,16
DA:189,1
DA:190,6
DA:191,6
DA:192,6
DA:193,6
DA:194,6
DA:195,6
DA:196,10
DA:197,152
DA:198,152
DA:199,8
DA:200,8
DA:201,8
DA:202,10
DA:203,10
DA:204,10
DA:205,10
DA:206,6
DA:207,1
DA:208,1
DA:209,6
DA:210,6
DA:211,6
LF:211
LH:209
BRDA:30,0,0,6
BRDA:33,1,0,9
BRDA:38,2,0,2
BRDA:41,3,0,3
BRDA:44,4,0,1
BRDA:47,5,0,3
BRDA:50,6,0,0
BRDA:55,7,0,139
BRDA:56,8,0,121
BRDA:70,9,0,121
BRDA:73,10,0,4
BRDA:75,11,0,2
BRDA:77,12,0,2
BRDA:79,13,0,2
BRDA:81,14,0,2
BRDA:83,15,0,4
BRDA:84,16,0,2
BRDA:84,17,0,1
BRDA:86,18,0,3
BRDA:86,19,0,2
BRDA:86,20,0,2
BRDA:89,21,0,1
BRDA:90,22,0,4
BRDA:91,23,0,2
BRDA:93,24,0,8
BRDA:95,25,0,1
BRDA:98,26,0,95
BRDA:100,27,0,17
BRDA:102,28,0,3
BRDA:102,29,0,1
BRDA:108,30,0,16
BRDA:110,31,0,78
BRDA:112,32,0,24
BRDA:115,33,0,22
BRDA:115,34,0,4
BRDA:118,35,0,19
BRDA:120,36,0,54
BRDA:122,37,0,0
BRDA:123,38,0,54
BRDA:127,39,0,4
BRDA:128,40,0,4
BRDA:137,41,0,24
BRDA:138,42,0,1
BRDA:141,43,0,23
BRDA:141,44,0,16
BRDA:144,45,0,7
BRDA:144,46,0,2
BRDA:144,47,0,1
BRDA:147,48,0,6
BRDA:147,49,0,2
BRDA:147,50,0,1
BRDA:150,51,0,5
BRDA:150,52,0,9
BRDA:153,53,0,17
BRDA:155,54,0,0
BRDA:159,55,0,30
BRDA:162,56,0,16
BRDA:157,57,0,30
BRDA:166,58,0,42
BRDA:168,59,0,41
BRDA:171,60,0,1
BRDA:177,61,0,16
BRDA:179,62,0,2
BRDA:180,63,0,4
BRDA:182,64,0,9
BRDA:183,65,0,11
BRDA:185,66,0,1
BRDA:190,67,0,6
BRDA:195,68,0,10
BRDA:206,69,0,1
BRDA:196,70,0,152
BRDA:198,71,0,8
BRF:72
BRH:69
end_of_record
TN:
SF:scripts/measures/lib/measures-lib.ts
FN:38,updateChangeLog
FN:53,deleteMeasure
FN:79,updateMeasure
FN:116,addMeasure
FN:182,isValidECQM
FN:198,isValidCostScore
FN:215,isOutcomeHighPriority
FN:232,isMultiPerfRateChanged
FN:246,writeToFile
FN:253,isNewMeasure
FN:261,isOnlyAdminClaims
FN:272,orderFields
FN:295,populatePreProdArray
FN:310,updateBenchmarksMetaData
FN:332,findFinalInCategory
FN:361,removeStrata
FN:380,existanceCheckForMeasureArray
FN:403,deepDeleteMeasureId
FN:425,removeStringFromArray
FNF:19
FNH:19
FNDA:1,updateChangeLog
FNDA:3,deleteMeasure
FNDA:12,updateMeasure
FNDA:12,addMeasure
FNDA:33,isValidECQM
FNDA:48,isValidCostScore
FNDA:42,isOutcomeHighPriority
FNDA:33,isMultiPerfRateChanged
FNDA:1,writeToFile
FNDA:51,isNewMeasure
FNDA:48,isOnlyAdminClaims
FNDA:24,orderFields
FNDA:3,populatePreProdArray
FNDA:3,updateBenchmarksMetaData
FNDA:12,findFinalInCategory
FNDA:3,removeStrata
FNDA:6,existanceCheckForMeasureArray
FNDA:3,deepDeleteMeasureId
FNDA:132,removeStringFromArray
DA:1,1
DA:2,1
DA:3,1
DA:4,1
DA:5,1
DA:6,1
DA:7,1
DA:8,1
DA:9,1
DA:10,1
DA:11,1
DA:12,1
DA:13,1
DA:14,1
DA:15,1
DA:16,1
DA:17,1
DA:18,1
DA:19,1
DA:20,1
DA:21,1
DA:22,1
DA:23,1
DA:24,1
DA:25,1
DA:26,1
DA:27,1
DA:28,1
DA:29,1
DA:30,1
DA:31,1
DA:32,1
DA:33,1
DA:34,1
DA:35,1
DA:36,1
DA:37,1
DA:38,1
DA:39,1
DA:40,1
DA:41,1
DA:42,1
DA:43,1
DA:44,1
DA:45,1
DA:46,1
DA:47,1
DA:48,1
DA:49,1
DA:50,1
DA:51,1
DA:52,1
DA:53,3
DA:54,3
DA:55,3
DA:56,3
DA:57,3
DA:58,3
DA:59,3
DA:60,3
DA:61,3
DA:62,3
DA:63,3
DA:64,3
DA:65,3
DA:66,3
DA:67,3
DA:68,3
DA:69,3
DA:70,3
DA:71,0
DA:72,0
DA:73,3
DA:74,1
DA:75,1
DA:76,1
DA:77,1
DA:78,1
DA:79,12
DA:80,12
DA:81,2259
DA:82,12
DA:83,12
DA:84,0
DA:85,0
DA:86,12
DA:87,0
DA:88,0
DA:89,12
DA:90,0
DA:91,0
DA:92,12
DA:93,12
DA:94,12
DA:95,12
DA:96,12
DA:97,12
DA:98,12
DA:99,3
DA:100,3
DA:101,3
DA:102,3
DA:103,3
DA:104,12
DA:105,12
DA:106,12
DA:107,12
DA:108,2259
DA:109,12
DA:110,1
DA:111,1
DA:112,1
DA:113,1
DA:114,1
DA:115,1
DA:116,12
DA:117,12
DA:118,12
DA:119,3
DA:120,3
DA:121,12
DA:122,3
DA:123,3
DA:124,12
DA:125,12
DA:126,12
DA:127,12
DA:128,3
DA:129,3
DA:130,3
DA:131,3
DA:132,3
DA:133,3
DA:134,3
DA:135,12
DA:136,3
DA:137,3
DA:138,3
DA:139,3
DA:140,3
DA:141,3
DA:142,3
DA:143,3
DA:144,3
DA:145,12
DA:146,0
DA:147,0
DA:148,0
DA:149,0
DA:150,0
DA:151,0
DA:152,0
DA:153,0
DA:154,12
DA:155,3
DA:156,3
DA:157,3
DA:158,3
DA:159,3
DA:160,3
DA:161,3
DA:162,3
DA:163,3
DA:164,12
DA:165,3
DA:166,3
DA:167,3
DA:168,3
DA:169,3
DA:170,3
DA:171,3
DA:172,3
DA:173,3
DA:174,12
DA:175,12
DA:176,12
DA:177,1
DA:178,1
DA:179,1
DA:180,1
DA:181,1
DA:182,33
DA:183,33
DA:184,27
DA:185,27
DA:186,27
DA:187,27
DA:188,27
DA:189,3
DA:190,3
DA:191,27
DA:192,30
DA:193,30
DA:194,1
DA:195,1
DA:196,1
DA:197,1
DA:198,48
DA:199,48
DA:200,36
DA:201,36
DA:202,36
DA:203,36
DA:204,36
DA:205,36
DA:206,6
DA:207,6
DA:208,36
DA:209,42
DA:210,42
DA:211,1
DA:212,1
DA:213,1
DA:214,1
DA:215,42
DA:216,42
DA:217,30
DA:218,30
DA:219,30
DA:220,30
DA:221,30
DA:222,30
DA:223,3
DA:224,3
DA:225,30
DA:226,39
DA:227,39
DA:228,1
DA:229,1
DA:230,1
DA:231,1
DA:232,33
DA:233,33
DA:234,33
DA:235,33
DA:236,0
DA:237,0
DA:238,0
DA:239,33
DA:240,33
DA:241,33
DA:242,1
DA:243,1
DA:244,1
DA:245,1
DA:246,1
DA:247,1
DA:248,1
DA:249,1
DA:250,1
DA:251,1
DA:252,1
DA:253,51
DA:254,51
DA:255,51
DA:256,51
DA:257,1
DA:258,1
DA:259,1
DA:260,1
DA:261,48
DA:262,48
DA:263,48
DA:264,9
DA:265,48
DA:266,48
DA:267,1
DA:268,1
DA:269,1
DA:270,1
DA:271,1
DA:272,24
DA:273,24
DA:274,24
DA:275,6
DA:276,24
DA:277,6
DA:278,24
DA:279,0
DA:280,24
DA:281,12
DA:282,6
DA:283,6
DA:284,6
DA:285,24
DA:286,0
DA:287,24
DA:288,24
DA:289,24
DA:290,1
DA:291,1
DA:292,1
DA:293,1
DA:294,1
DA:295,3
DA:296,3
DA:297,0
DA:298,0
DA:299,3
DA:300,3
DA:301,3
DA:302,3
DA:303,3
DA:304,3
DA:305,1
DA:306,1
DA:307,1
DA:308,1
DA:309,1
DA:310,3
DA:311,3
DA:312,3
DA:313,3
DA:314,3
DA:315,3
DA:316,3
DA:317,3
DA:318,3
DA:319,3
DA:320,3
DA:321,3
DA:322,2
DA:323,3
DA:324,3
DA:325,3
DA:326,1
DA:327,1
DA:328,1
DA:329,1
DA:330,1
DA:331,1
DA:332,12
DA:333,12
DA:334,12
DA:335,7240
DA:336,1711
DA:337,428
DA:338,428
DA:339,1283
DA:340,1283
DA:341,1283
DA:342,630
DA:343,1283
DA:344,585
DA:345,585
DA:346,1711
DA:347,5529
DA:348,5529
DA:349,5529
DA:350,1283
DA:351,5529
DA:352,630
DA:353,630
DA:354,7240
DA:355,12
DA:356,12
DA:357,1
DA:358,1
DA:359,1
DA:360,1
DA:361,3
DA:362,3
DA:363,3
DA:364,3
DA:365,3
DA:366,3
DA:367,3
DA:368,3
DA:369,3
DA:370,3
DA:371,3
DA:372,3
DA:373,3
DA:374,1
DA:375,1
DA:376,1
DA:377,1
DA:378,1
DA:379,1
DA:380,6
DA:381,6
DA:382,6
DA:383,6
DA:384,6
DA:385,6
DA:386,6
DA:387,6
DA:388,9
DA:389,3
DA:390,3
DA:391,3
DA:392,3
DA:393,3
DA:394,0
DA:395,0
DA:396,3
DA:397,9
DA:398,6
DA:399,1
DA:400,1
DA:401,1
DA:402,1
DA:403,3
DA:404,3
DA:405,1807
DA:406,1807
DA:407,114
DA:408,114
DA:409,114
DA:410,114
DA:411,114
DA:412,114
DA:413,114
DA:414,18
DA:415,18
DA:416,114
DA:417,114
DA:418,114
DA:419,1807
DA:420,3
DA:421,1
DA:422,1
DA:423,1
DA:424,1
DA:425,132
DA:426,132
DA:427,132
LF:427
LH:402
BRDA:38,0,0,1
BRDA:53,1,0,3
BRDA:70,2,0,0
BRDA:79,3,0,12
BRDA:80,4,0,2259
BRDA:81,5,0,12
BRDA:83,6,0,0
BRDA:86,7,0,0
BRDA:89,8,0,0
BRDA:96,9,0,3
BRDA:96,10,0,9
BRDA:98,11,0,3
BRDA:116,12,0,12
BRDA:118,13,0,3
BRDA:121,14,0,3
BRDA:127,15,0,3
BRDA:135,16,0,3
BRDA:145,17,0,0
BRDA:154,18,0,3
BRDA:164,19,0,3
BRDA:182,20,0,33
BRDA:183,21,0,27
BRDA:186,22,0,0
BRDA:188,23,0,9
BRDA:188,24,0,3
BRDA:188,25,0,3
BRDA:192,26,0,30
BRDA:198,27,0,48
BRDA:199,28,0,36
BRDA:202,29,0,18
BRDA:202,30,0,18
BRDA:203,31,0,18
BRDA:203,32,0,18
BRDA:205,33,0,9
BRDA:205,34,0,6
BRDA:205,35,0,6
BRDA:209,36,0,42
BRDA:215,37,0,42
BRDA:216,38,0,30
BRDA:219,39,0,12
BRDA:219,40,0,18
BRDA:219,41,0,15
BRDA:220,42,0,0
BRDA:220,43,0,18
BRDA:222,44,0,27
BRDA:222,45,0,6
BRDA:222,46,0,3
BRDA:226,47,0,39
BRDA:232,48,0,33
BRDA:235,49,0,0
BRDA:240,50,0,6
BRDA:240,51,0,30
BRDA:246,52,0,1
BRDA:253,53,0,51
BRDA:261,54,0,48
BRDA:263,55,0,15
BRDA:263,56,0,9
BRDA:272,57,0,24
BRDA:274,58,0,6
BRDA:276,59,0,6
BRDA:278,60,0,0
BRDA:280,61,0,12
BRDA:281,62,0,6
BRDA:285,63,0,0
BRDA:295,64,0,3
BRDA:296,65,0,0
BRDA:303,66,0,0
BRDA:303,67,0,0
BRDA:310,68,0,3
BRDA:319,69,0,0
BRDA:320,70,0,0
BRDA:321,71,0,2
BRDA:322,72,0,0
BRDA:332,73,0,12
BRDA:334,74,0,7240
BRDA:335,75,0,1711
BRDA:336,76,0,428
BRDA:339,77,0,1283
BRDA:341,78,0,630
BRDA:343,79,0,585
BRDA:347,80,0,5529
BRDA:348,81,0,1810
BRDA:349,82,0,1283
BRDA:351,83,0,630
BRDA:361,84,0,3
BRDA:367,85,0,51
BRDA:369,86,0,51
BRDA:380,87,0,6
BRDA:387,88,0,9
BRDA:388,89,0,3
BRDA:393,90,0,0
BRDA:403,91,0,3
BRDA:404,92,0,1807
BRDA:406,93,0,114
BRDA:413,94,0,18
BRDA:425,95,0,132
BRDA:426,96,0,129
BRF:97
BRH:80
end_of_record
TN:
SF:scripts/measures/lib/merge-claims-links.ts
FN:4,mergeClaimsLinks
FNF:1
FNH:1
FNDA:1,mergeClaimsLinks
DA:1,1
DA:2,1
DA:3,1
DA:4,1
DA:5,1
DA:6,3
DA:7,3
DA:8,3
DA:9,3
DA:10,3
DA:11,3
DA:12,1
DA:13,1
LF:13
LH:13
BRDA:4,0,0,1
BRDA:5,1,0,3
BRDA:9,2,0,1
BRDA:7,3,0,6
BRF:4
BRH:4
end_of_record
TN:
SF:scripts/measures/lib/merge-claims-related-data.ts
FN:16,mergeClaimsRelatedData
FNF:1
FNH:1
FNDA:1,mergeClaimsRelatedData
DA:1,1
DA:2,1
DA:3,1
DA:4,1
DA:5,1
DA:6,1
DA:7,1
DA:8,1
DA:9,1
DA:10,1
DA:11,1
DA:12,1
DA:13,1
DA:14,1
DA:15,1
DA:16,1
DA:17,1
DA:18,1
DA:19,2
DA:20,2
DA:21,2
DA:22,2
DA:23,2
DA:24,4
DA:25,4
DA:26,2
DA:27,1
DA:28,1
LF:28
LH:28
BRDA:16,0,0,1
BRDA:18,1,0,2
BRDA:23,2,0,4
BRF:3
BRH:3
end_of_record
TN:
SF:scripts/measures/lib/merge-cost-links.ts
FN:6,mergeCostLinks
FNF:1
FNH:1
FNDA:1,mergeCostLinks
DA:1,1
DA:2,1
DA:3,1
DA:4,1
DA:5,1
DA:6,1
DA:7,1
DA:8,3
DA:9,3
DA:10,3
DA:11,3
DA:12,3
DA:13,3
DA:14,1
DA:15,1
LF:15
LH:15
BRDA:6,0,0,1
BRDA:7,1,0,3
BRDA:11,2,0,1
BRDA:9,3,0,6
BRF:4
BRH:4
end_of_record
TN:
SF:scripts/measures/lib/merge-cqm-links.ts
FN:4,mergeCqmLinks
FNF:1
FNH:1
FNDA:1,mergeCqmLinks
DA:1,1
DA:2,1
DA:3,1
DA:4,1
DA:5,1
DA:6,3
DA:7,3
DA:8,3
DA:9,3
DA:10,3
DA:11,3
DA:12,1
DA:13,1
LF:13
LH:13
BRDA:4,0,0,1
BRDA:5,1,0,3
BRDA:9,2,0,1
BRDA:7,3,0,6
BRF:4
BRH:4
end_of_record
TN:
SF:scripts/measures/lib/merge-ecqm-data.ts
FN:4,mergeEcqmData
FNF:1
FNH:1
FNDA:1,mergeEcqmData
DA:1,1
DA:2,1
DA:3,1
DA:4,1
DA:5,1
DA:6,1
DA:7,1
DA:8,1
DA:9,1
DA:10,1
DA:11,3
DA:12,6
DA:13,6
DA:14,3
DA:15,3
DA:16,3
DA:17,3
DA:18,5
DA:19,4
DA:20,1
DA:21,1
DA:22,1
DA:23,1
DA:24,1
DA:25,4
DA:26,3
DA:27,3
DA:28,3
DA:29,4
DA:30,3
DA:31,3
DA:32,3
DA:33,3
DA:34,3
DA:35,3
DA:36,1
DA:37,1
LF:37
LH:37
BRDA:4,0,0,1
BRDA:10,1,0,3
BRDA:11,2,0,6
BRDA:17,3,0,5
BRDA:18,4,0,4
BRDA:19,5,0,1
BRDA:25,6,0,3
BRF:7
BRH:7
end_of_record
TN:
SF:scripts/measures/lib/merge-ecqm-ehr-links.ts
FN:4,mergeEcqmEhrLinks
FNF:1
FNH:1
FNDA:1,mergeEcqmEhrLinks
DA:1,1
DA:2,1
DA:3,1
DA:4,1
DA:5,1
DA:6,3
DA:7,3
DA:8,6
DA:9,6
DA:10,3
DA:11,3
DA:12,3
DA:13,3
DA:14,3
DA:15,3
DA:16,1
DA:17,1
LF:17
LH:17
BRDA:4,0,0,1
BRDA:5,1,0,3
BRDA:13,2,0,1
BRDA:7,3,0,6
BRF:4
BRH:4
end_of_record
TN:
SF:scripts/measures/lib/merge-pi-links.ts
FN:7,mergePiLinks
FNF:1
FNH:1
FNDA:1,mergePiLinks
DA:1,1
DA:2,1
DA:3,1
DA:4,1
DA:5,1
DA:6,1
DA:7,1
DA:8,1
DA:9,3
DA:10,3
DA:11,3
DA:12,3
DA:13,3
DA:14,3
DA:15,1
DA:16,1
LF:16
LH:16
BRDA:7,0,0,1
BRDA:8,1,0,3
BRDA:12,2,0,1
BRDA:10,3,0,6
BRF:4
BRH:4
end_of_record
TN:
SF:scripts/measures/lib/merge-stratifications.ts
FN:12,mergeStratifications
FNF:1
FNH:1
FNDA:1,mergeStratifications
DA:1,1
DA:2,1
DA:3,1
DA:4,1
DA:5,1
DA:6,1
DA:7,1
DA:8,1
DA:9,1
DA:10,1
DA:11,1
DA:12,1
DA:13,1
DA:14,3
DA:15,6
DA:16,6
DA:17,3
DA:18,3
DA:19,5
DA:20,5
DA:21,5
DA:22,4
DA:23,4
DA:24,4
DA:25,5
DA:26,5
DA:27,1
DA:28,1
DA:29,3
DA:30,1
DA:31,1
LF:31
LH:31
BRDA:12,0,0,1
BRDA:13,1,0,3
BRDA:14,2,0,6
BRDA:18,3,0,5
BRDA:21,4,0,4
BRDA:26,5,0,1
BRDA:22,6,0,6
BRF:7
BRH:7
end_of_record
TN:
SF:scripts/measures/lib/order-measure-fields.ts
FN:8,orderMeasuresFields
FNF:1
FNH:1
FNDA:5,orderMeasuresFields
DA:1,1
DA:2,1
DA:3,1
DA:4,1
DA:5,1
DA:6,1
DA:7,1
DA:8,5
DA:9,5
DA:10,5
DA:11,5
DA:12,5
DA:13,5
DA:14,5
DA:15,5
DA:16,5
DA:17,5
DA:18,5
DA:19,5
DA:20,5
DA:21,5
DA:22,5
DA:23,1
DA:24,1
DA:25,1
DA:26,1
DA:27,1
LF:27
LH:27
BRDA:25,0,0,1
BRDA:27,1,0,1
BRDA:8,2,0,5
BRDA:17,3,0,7
BRF:4
BRH:4
end_of_record
TN:
SF:scripts/measures/lib/sort-measures.ts
FN:9,sortMeasures
FNF:1
FNH:1
FNDA:5,sortMeasures
DA:1,1
DA:2,1
DA:3,1
DA:4,1
DA:5,1
DA:6,1
DA:7,1
DA:8,1
DA:9,5
DA:10,5
DA:11,5
DA:12,5
DA:13,5
DA:14,5
DA:15,5
DA:16,5
DA:17,5
DA:18,5
DA:19,5
DA:20,11
DA:21,5
DA:22,5
DA:23,11
DA:24,5
DA:25,5
DA:26,5
DA:27,5
DA:28,5
DA:29,5
DA:30,5
DA:31,5
DA:32,5
DA:33,5
DA:34,5
DA:35,5
DA:36,5
DA:37,5
DA:38,1
DA:39,1
DA:40,1
DA:41,1
DA:42,1
LF:42
LH:42
BRDA:40,0,0,1
BRDA:42,1,0,1
BRDA:9,2,0,5
BRDA:19,3,0,11
BRDA:20,4,0,5
BRDA:27,5,0,5
BRDA:28,6,0,8
BRF:7
BRH:7
end_of_record
TN:
SF:scripts/measures/lib/validate-change-requests.ts
FN:194,initValidation
FN:198,createSchema
FN:223,getSchema
FNF:3
FNH:3
FNDA:50,initValidation
FNDA:50,createSchema
FNDA:50,getSchema
DA:1,1
DA:2,1
DA:3,1
DA:4,1
DA:5,1
DA:6,1
DA:7,1
DA:8,1
DA:9,1
DA:10,1
DA:11,1
DA:12,1
DA:13,3
DA:14,3
DA:15,3
DA:16,3
DA:17,3
DA:18,3
DA:19,3
DA:20,1
DA:21,1
DA:22,1
DA:23,1
DA:24,1
DA:25,1
DA:26,1
DA:27,1
DA:28,1
DA:29,1
DA:30,1
DA:31,1
DA:32,1
DA:33,1
DA:34,1
DA:35,1
DA:36,1
DA:37,1
DA:38,1
DA:39,1
DA:40,1
DA:41,1
DA:42,1
DA:43,1
DA:44,1
DA:45,1
DA:46,1
DA:47,1
DA:48,1
DA:49,1
DA:50,1
DA:51,1
DA:52,1
DA:53,1
DA:54,1
DA:55,1
DA:56,1
DA:57,1
DA:58,1
DA:59,1
DA:60,1
DA:61,1
DA:62,1
DA:63,1
DA:64,1
DA:65,1
DA:66,1
DA:67,1
DA:68,1
DA:69,1
DA:70,1
DA:71,1
DA:72,1
DA:73,1
DA:74,1
DA:75,1
DA:76,1
DA:77,1
DA:78,1
DA:79,1
DA:80,1
DA:81,1
DA:82,1
DA:83,1
DA:84,1
DA:85,1
DA:86,1
DA:87,1
DA:88,1
DA:89,1
DA:90,1
DA:91,1
DA:92,1
DA:93,1
DA:94,1
DA:95,1
DA:96,1
DA:97,1
DA:98,1
DA:99,1
DA:100,1
DA:101,1
DA:102,1
DA:103,1
DA:104,1
DA:105,1
DA:106,1
DA:107,1
DA:108,1
DA:109,1
DA:110,1
DA:111,1
DA:112,1
DA:113,1
DA:114,1
DA:115,1
DA:116,1
DA:117,1
DA:118,1
DA:119,1
DA:120,1
DA:121,1
DA:122,1
DA:123,1
DA:124,1
DA:125,1
DA:126,1
DA:127,1
DA:128,1
DA:129,1
DA:130,1
DA:131,1
DA:132,1
DA:133,1
DA:134,1
DA:135,1
DA:136,1
DA:137,1
DA:138,1
DA:139,1
DA:140,1
DA:141,1
DA:142,1
DA:143,1
DA:144,1
DA:145,1
DA:146,1
DA:147,1
DA:148,1
DA:149,1
DA:150,1
DA:151,1
DA:152,1
DA:153,1
DA:154,1
DA:155,1
DA:156,1
DA:157,1
DA:158,1
DA:159,1
DA:160,1
DA:161,1
DA:162,1
DA:163,1
DA:164,1
DA:165,1
DA:166,1
DA:167,1
DA:168,1
DA:169,1
DA:170,1
DA:171,1
DA:172,1
DA:173,1
DA:174,1
DA:175,1
DA:176,1
DA:177,1
DA:178,1
DA:179,1
DA:180,1
DA:181,1
DA:182,1
DA:183,1
DA:184,1
DA:185,1
DA:186,1
DA:187,1
DA:188,1
DA:189,1
DA:190,1
DA:191,1
DA:192,1
DA:193,1
DA:194,50
DA:195,50
DA:196,50
DA:197,1
DA:198,50
DA:199,50
DA:200,50
DA:201,17
DA:202,17
DA:203,8
DA:204,8
DA:205,8
DA:206,8
DA:207,17
DA:208,3
DA:209,3
DA:210,3
DA:211,3
DA:212,17
DA:213,6
DA:214,6
DA:215,6
DA:216,6
DA:217,17
DA:218,50
DA:219,33
DA:220,33
DA:221,50
DA:222,1
DA:223,50
DA:224,50
DA:225,50
DA:226,6
DA:227,4
DA:228,4
DA:229,2
DA:230,50
DA:231,6
DA:232,50
DA:233,0
DA:234,50
DA:235,29
DA:236,50
DA:237,9
DA:238,50
DA:239,50
LF:239
LH:238
BRDA:13,0,0,3
BRDA:194,1,0,50
BRDA:198,2,0,50
BRDA:200,3,0,17
BRDA:202,4,0,8
BRDA:207,5,0,3
BRDA:212,6,0,6
BRDA:218,7,0,33
BRDA:215,8,0,62
BRDA:223,9,0,50
BRDA:225,10,0,6
BRDA:226,11,0,4
BRDA:229,12,0,2
BRDA:230,13,0,6
BRDA:232,14,0,0
BRDA:234,15,0,29
BRDA:236,16,0,9
BRF:17
BRH:16
end_of_record
TN:
SF:scripts/mvp/mvps.types.ts
FNF:0
FNH:0
DA:1,1
DA:2,1
DA:3,1
DA:4,1
DA:5,1
DA:6,1
DA:7,1
DA:8,1
DA:9,1
DA:10,1
DA:11,1
DA:12,1
DA:13,1
DA:14,1
DA:15,1
DA:16,1
DA:17,1
DA:18,1
DA:19,1
DA:20,1
DA:21,1
DA:22,1
DA:23,1
DA:24,1
DA:25,1
LF:25
LH:25
BRDA:20,0,0,1
BRF:1
BRH:1
end_of_record
TN:
SF:scripts/mvp/parse-mvp-data-script.ts
FN:15,parseMvpData
FN:77,hydrateMeasureIds
FNF:2
FNH:2
FNDA:2,parseMvpData
FNDA:21,hydrateMeasureIds
DA:1,1
DA:2,1
DA:3,1
DA:4,1
DA:5,1
DA:6,1
DA:7,1
DA:8,1
DA:9,1
DA:10,1
DA:11,1
DA:12,1
DA:13,1
DA:14,1
DA:15,2
DA:16,2
DA:17,2
DA:18,2
DA:19,2
DA:20,2
DA:21,2
DA:22,2
DA:23,2
DA:24,2
DA:25,2
DA:26,2
DA:27,2
DA:28,2
DA:29,2
DA:30,2
DA:31,21
DA:32,21
DA:33,21
DA:34,21
DA:35,21
DA:36,1
DA:37,1
DA:38,1
DA:39,1
DA:40,21
DA:41,21
DA:42,21
DA:43,6
DA:44,6
DA:45,6
DA:46,6
DA:47,6
DA:48,6
DA:49,6
DA:50,6
DA:51,6
DA:52,6
DA:53,6
DA:54,6
DA:55,6
DA:56,6
DA:57,6
DA:58,6
DA:59,6
DA:60,6
DA:61,6
DA:62,6
DA:63,6
DA:64,6
DA:65,6
DA:66,6
DA:67,6
DA:68,21
DA:69,15
DA:70,15
DA:71,15
DA:72,15
DA:73,2
DA:74,2
DA:75,2
DA:76,1
DA:77,21
DA:78,21
DA:79,21
DA:80,4
DA:81,1
DA:82,4
DA:83,3
DA:84,3
DA:85,2
DA:86,2
DA:87,2
DA:88,3
DA:89,1
DA:90,1
DA:91,1
DA:92,1
DA:93,2
DA:94,21
DA:95,1
DA:96,1
DA:97,21
DA:98,3
DA:99,3
DA:100,21
DA:101,12
DA:102,12
DA:103,21
DA:104,21
DA:105,1
DA:106,1
DA:107,1
DA:108,1
DA:109,1
LF:109
LH:109
BRDA:107,0,0,1
BRDA:109,1,0,1
BRDA:15,2,0,2
BRDA:30,3,0,21
BRDA:35,4,0,1
BRDA:42,5,0,6
BRDA:68,6,0,15
BRDA:31,7,0,52
BRDA:34,8,0,83
BRDA:50,9,0,11
BRDA:77,10,0,21
BRDA:78,11,0,20
BRDA:79,12,0,4
BRDA:80,13,0,1
BRDA:82,14,0,3
BRDA:84,15,0,2
BRDA:88,16,0,1
BRDA:88,17,0,1
BRDA:93,18,0,2
BRDA:94,19,0,1
BRDA:97,20,0,3
BRDA:100,21,0,12
BRF:22
BRH:22
end_of_record
TN:
SF:util/mvp-data-utils.ts
FN:12,createMVPDataFile
FN:63,populateMeasuresforMVPs
FNF:2
FNH:2
FNDA:2,createMVPDataFile
FNDA:1,populateMeasuresforMVPs
DA:1,1
DA:2,1
DA:3,1
DA:4,1
DA:5,1
DA:6,1
DA:7,1
DA:8,1
DA:9,1
DA:10,1
DA:11,1
DA:12,2
DA:13,2
DA:14,2
DA:15,2
DA:16,2
DA:17,2
DA:18,2
DA:19,2
DA:20,2
DA:21,2
DA:22,2
DA:23,2
DA:24,1
DA:25,1
DA:26,1
DA:27,1
DA:28,1
DA:29,1
DA:30,2
DA:31,2
DA:32,2
DA:33,1
DA:34,1
DA:35,1
DA:36,1
DA:37,1
DA:38,3
DA:39,1
DA:40,1
DA:41,1
DA:42,1
DA:43,2
DA:44,12
DA:45,12
DA:46,2
DA:47,2
DA:48,2
DA:49,1
DA:50,1
DA:51,1
DA:52,2
DA:53,12
DA:54,2
DA:55,1
DA:56,1
DA:57,1
DA:58,1
DA:59,1
DA:60,1
DA:61,1
DA:62,1
DA:63,1
DA:64,1
DA:65,1
DA:66,1
DA:67,1
DA:68,1
DA:69,1
DA:70,1
DA:71,2
DA:72,2
DA:73,2
DA:74,2
DA:75,4
DA:76,4
DA:77,2
DA:78,2
DA:79,2
DA:80,2
DA:81,2
DA:82,2
DA:83,1
DA:84,1
DA:85,2
DA:86,2
DA:87,2
DA:88,2
DA:89,1
DA:90,1
LF:90
LH:90
BRDA:12,0,0,2
BRDA:23,1,0,1
BRDA:29,2,0,2
BRDA:37,3,0,3
BRDA:38,4,0,2
BRDA:38,5,0,1
BRDA:38,6,0,5
BRDA:42,7,0,2
BRDA:43,8,0,12
BRDA:51,9,0,2
BRDA:52,10,0,12
BRDA:63,11,0,1
BRDA:70,12,0,2
BRDA:82,13,0,1
BRDA:71,14,0,3
BRDA:74,15,0,4
BRDA:76,16,0,2
BRF:17
BRH:17
end_of_record
TN:
SF:util/update-program-names.ts
FN:15,updateProgramNames
FNF:1
FNH:1
FNDA:2,updateProgramNames
DA:1,1
DA:2,1
DA:3,1
DA:4,1
DA:5,1
DA:6,1
DA:7,1
DA:8,1
DA:9,1
DA:10,1
DA:11,1
DA:12,1
DA:13,1
DA:14,1
DA:15,2
DA:16,2
DA:17,2
DA:18,2
DA:19,2
DA:20,2
DA:21,2
DA:22,2
DA:23,2
DA:24,2
DA:25,2
DA:26,2
DA:27,2
DA:28,1
DA:29,1
DA:30,2
DA:31,2
DA:32,2
DA:33,2
DA:34,1
DA:35,1
DA:36,2
LF:36
LH:36
BRDA:15,0,0,2
BRDA:33,1,0,1
BRDA:26,2,0,2
BRDA:27,3,0,1
BRF:4
BRH:4
end_of_record
TN:
SF:util/interfaces/measure.ts
FNF:0
FNH:0
DA:1,3
DA:2,3
DA:3,3
DA:4,3
DA:5,3
DA:6,3
DA:7,3
DA:8,1
DA:9,3
DA:10,3
DA:11,3
DA:12,3
DA:13,3
DA:14,3
DA:15,3
DA:16,3
DA:17,3
DA:18,3
DA:19,3
DA:20,1
DA:21,3
DA:22,3
DA:23,3
DA:24,3
DA:25,1
DA:26,3
DA:27,3
DA:28,3
DA:29,3
DA:30,3
DA:31,3
DA:32,3
DA:33,3
DA:34,3
DA:35,3
DA:36,1
DA:37,3
DA:38,3
DA:39,3
DA:40,3
DA:41,3
DA:42,3
DA:43,3
DA:44,3
DA:45,3
DA:46,3
DA:47,3
DA:48,3
DA:49,3
DA:50,3
DA:51,3
DA:52,3
DA:53,3
DA:54,3
DA:55,3
DA:56,3
DA:57,3
DA:58,3
DA:59,3
DA:60,3
DA:61,3
DA:62,3
DA:63,3
DA:64,3
DA:65,3
DA:66,1
DA:67,1
DA:68,1
DA:69,1
DA:70,1
DA:71,1
DA:72,1
DA:73,1
DA:74,1
DA:75,1
DA:76,1
DA:77,1
DA:78,1
DA:79,1
DA:80,1
DA:81,1
DA:82,1
DA:83,1
DA:84,1
DA:85,1
DA:86,1
DA:87,1
DA:88,1
DA:89,1
DA:90,1
DA:91,1
DA:92,1
DA:93,1
DA:94,1
DA:95,1
DA:96,1
DA:97,1
DA:98,1
DA:99,1
DA:100,1
DA:101,1
DA:102,1
DA:103,1
DA:104,1
DA:105,1
DA:106,1
DA:107,1
DA:108,1
DA:109,1
DA:110,1
DA:111,1
DA:112,1
DA:113,1
DA:114,1
DA:115,1
DA:116,1
DA:117,1
DA:118,1
DA:119,1
DA:120,1
DA:121,1
DA:122,1
DA:123,1
DA:124,1
DA:125,1
DA:126,1
DA:127,1
DA:128,1
DA:129,1
DA:130,1
DA:131,1
DA:132,1
DA:133,1
DA:134,1
DA:135,1
DA:136,1
DA:137,1
DA:138,1
DA:139,1
DA:140,1
DA:141,1
DA:142,1
DA:143,1
DA:144,1
DA:145,1
DA:146,1
DA:147,1
DA:148,1
DA:149,1
DA:150,1
DA:151,1
DA:152,1
DA:153,1
DA:154,1
DA:155,1
DA:156,1
DA:157,1
DA:158,1
DA:159,1
DA:160,1
DA:161,1
DA:162,1
DA:163,1
DA:164,1
DA:165,1
DA:166,1
DA:167,1
DA:168,1
DA:169,1
DA:170,1
DA:171,1
DA:172,1
DA:173,1
DA:174,1
DA:175,1
DA:176,1
DA:177,1
DA:178,1
DA:179,1
DA:180,1
DA:181,1
DA:182,1
DA:183,1
DA:184,1
DA:185,1
LF:185
LH:185
BRDA:1,0,0,3
BRDA:9,1,0,3
BRDA:21,2,0,3
BRDA:26,3,0,3
BRDA:37,4,0,3
BRF:5
BRH:5
end_of_record
TN:
SF:util/interfaces/program-names.ts
FNF:0
FNH:0
DA:1,1
DA:2,1
DA:3,1
DA:4,1
DA:5,1
DA:6,1
DA:7,1
DA:8,1
DA:9,1
DA:10,1
DA:11,1
DA:12,1
DA:13,1
DA:14,1
DA:15,1
DA:16,1
DA:17,1
DA:18,1
DA:19,1
DA:20,1
DA:21,1
DA:22,1
DA:23,1
DA:24,1
DA:25,1
DA:26,1
DA:27,1
DA:28,1
DA:29,1
DA:30,1
DA:31,1
DA:32,1
DA:33,1
DA:34,1
DA:35,1
DA:36,1
DA:37,1
DA:38,1
DA:39,1
DA:40,1
DA:41,1
DA:42,1
DA:43,1
DA:44,1
DA:45,1
DA:46,1
DA:47,1
DA:48,1
DA:49,1
DA:50,1
DA:51,1
DA:52,1
DA:53,1
DA:54,1
DA:55,1
DA:56,1
DA:57,1
DA:58,1
DA:59,1
DA:60,1
DA:61,1
DA:62,1
DA:63,1
DA:64,1
DA:65,1
DA:66,1
LF:66
LH:66
BRDA:35,0,0,1
BRF:1
BRH:1
end_of_record
