<?xml version="1.0" encoding="UTF-8"?>
<coverage generated="1665004761707" clover="3.2.0">
  <project timestamp="1665004761707" name="All files">
    <metrics statements="243" coveredstatements="243" conditionals="112" coveredconditionals="109" methods="34" coveredmethods="34" elements="389" coveredelements="386" complexity="0" loc="243" ncloc="243" packages="3" files="7" classes="7"/>
    <package name="scripts">
      <metrics statements="22" coveredstatements="22" conditionals="0" coveredconditionals="0" methods="3" coveredmethods="3"/>
      <file name="constants.ts" path="/Users/43100/Documents/GitHub/qpp-measures-data/scripts/constants.ts">
        <metrics statements="16" coveredstatements="16" conditionals="0" coveredconditionals="0" methods="0" coveredmethods="0"/>
        <line num="2" count="3" type="stmt"/>
        <line num="11" count="3" type="stmt"/>
        <line num="17" count="3" type="stmt"/>
        <line num="27" count="3" type="stmt"/>
        <line num="53" count="3" type="stmt"/>
        <line num="65" count="3" type="stmt"/>
        <line num="73" count="3" type="stmt"/>
        <line num="81" count="3" type="stmt"/>
        <line num="87" count="3" type="stmt"/>
        <line num="95" count="3" type="stmt"/>
        <line num="105" count="3" type="stmt"/>
        <line num="111" count="3" type="stmt"/>
        <line num="121" count="3" type="stmt"/>
        <line num="171" count="3" type="stmt"/>
        <line num="176" count="3" type="stmt"/>
        <line num="181" count="3" type="stmt"/>
      </file>
      <file name="logger.ts" path="/Users/43100/Documents/GitHub/qpp-measures-data/scripts/logger.ts">
        <metrics statements="6" coveredstatements="6" conditionals="0" coveredconditionals="0" methods="3" coveredmethods="3"/>
        <line num="1" count="3" type="stmt"/>
        <line num="2" count="12" type="stmt"/>
        <line num="8" count="3" type="stmt"/>
        <line num="9" count="1" type="stmt"/>
        <line num="15" count="3" type="stmt"/>
        <line num="16" count="1" type="stmt"/>
      </file>
    </package>
    <package name="scripts.measures.2023">
      <metrics statements="118" coveredstatements="118" conditionals="65" coveredconditionals="62" methods="13" coveredmethods="13"/>
      <file name="update-measures-util.ts" path="/Users/43100/Documents/GitHub/qpp-measures-data/scripts/measures/2023/update-measures-util.ts">
        <metrics statements="97" coveredstatements="97" conditionals="61" coveredconditionals="58" methods="11" coveredmethods="11"/>
        <line num="11" count="2" type="stmt"/>
        <line num="12" count="2" type="stmt"/>
        <line num="13" count="2" type="stmt"/>
        <line num="14" count="2" type="stmt"/>
        <line num="16" count="2" type="stmt"/>
        <line num="17" count="2" type="stmt"/>
        <line num="18" count="2" type="stmt"/>
        <line num="19" count="2" type="stmt"/>
        <line num="20" count="2" type="stmt"/>
        <line num="26" count="2" type="stmt"/>
        <line num="32" count="16" type="stmt"/>
        <line num="33" count="16" type="stmt"/>
        <line num="34" count="16" type="stmt"/>
        <line num="36" count="16" type="stmt"/>
        <line num="37" count="16" type="stmt"/>
        <line num="39" count="16" type="cond" truecount="2" falsecount="0"/>
        <line num="40" count="1" type="stmt"/>
        <line num="42" count="15" type="stmt"/>
        <line num="44" count="15" type="stmt"/>
        <line num="46" count="15" type="cond" truecount="1" falsecount="0"/>
        <line num="47" count="10" type="cond" truecount="1" falsecount="0"/>
        <line num="50" count="10" type="cond" truecount="1" falsecount="0"/>
        <line num="53" count="10" type="cond" truecount="1" falsecount="0"/>
        <line num="56" count="10" type="cond" truecount="1" falsecount="0"/>
        <line num="59" count="10" type="cond" truecount="1" falsecount="0"/>
        <line num="60" count="1" type="stmt"/>
        <line num="64" count="14" type="cond" truecount="1" falsecount="0"/>
        <line num="65" count="1" type="stmt"/>
        <line num="67" count="13" type="cond" truecount="3" falsecount="0"/>
        <line num="68" count="1" type="stmt"/>
        <line num="70" count="12" type="cond" truecount="4" falsecount="0"/>
        <line num="71" count="1" type="stmt"/>
        <line num="74" count="11" type="cond" truecount="2" falsecount="0"/>
        <line num="75" count="1" type="stmt"/>
        <line num="76" count="10" type="cond" truecount="2" falsecount="0"/>
        <line num="77" count="8" type="cond" truecount="2" falsecount="0"/>
        <line num="78" count="4" type="stmt"/>
        <line num="79" count="4" type="stmt"/>
        <line num="81" count="4" type="stmt"/>
        <line num="84" count="2" type="stmt"/>
        <line num="85" count="2" type="stmt"/>
        <line num="90" count="9" type="stmt"/>
        <line num="91" count="9" type="stmt"/>
        <line num="94" count="7" type="cond" truecount="1" falsecount="1"/>
        <line num="95" count="7" type="stmt"/>
        <line num="103" count="2" type="stmt"/>
        <line num="104" count="1" type="stmt"/>
        <line num="107" count="1" type="stmt"/>
        <line num="109" count="1" type="stmt"/>
        <line num="112" count="2" type="stmt"/>
        <line num="113" count="3" type="stmt"/>
        <line num="114" count="3" type="cond" truecount="2" falsecount="0"/>
        <line num="115" count="2" type="stmt"/>
        <line num="116" count="2" type="stmt"/>
        <line num="118" count="1" type="stmt"/>
        <line num="122" count="2" type="stmt"/>
        <line num="123" count="5" type="stmt"/>
        <line num="124" count="836" type="cond" truecount="1" falsecount="0"/>
        <line num="125" count="5" type="stmt"/>
        <line num="131" count="5" type="stmt"/>
        <line num="136" count="2" type="stmt"/>
        <line num="137" count="8" type="stmt"/>
        <line num="138" count="8" type="stmt"/>
        <line num="140" count="2" type="stmt"/>
        <line num="144" count="2" type="stmt"/>
        <line num="147" count="2" type="stmt"/>
        <line num="151" count="2" type="stmt"/>
        <line num="154" count="2" type="stmt"/>
        <line num="159" count="2" type="stmt"/>
        <line num="162" count="2" type="stmt"/>
        <line num="168" count="2" type="stmt"/>
        <line num="174" count="10" type="stmt"/>
        <line num="176" count="10" type="cond" truecount="1" falsecount="1"/>
        <line num="179" count="10" type="cond" truecount="3" falsecount="0"/>
        <line num="180" count="1" type="stmt"/>
        <line num="182" count="9" type="stmt"/>
        <line num="186" count="14" type="stmt"/>
        <line num="188" count="14" type="cond" truecount="2" falsecount="0"/>
        <line num="189" count="14" type="cond" truecount="1" falsecount="1"/>
        <line num="191" count="14" type="cond" truecount="3" falsecount="0"/>
        <line num="192" count="1" type="stmt"/>
        <line num="194" count="13" type="stmt"/>
        <line num="197" count="2" type="stmt"/>
        <line num="198" count="1" type="stmt"/>
        <line num="202" count="5" type="stmt"/>
        <line num="210" count="15" type="stmt"/>
        <line num="211" count="15" type="stmt"/>
        <line num="215" count="8" type="stmt"/>
        <line num="216" count="8" type="stmt"/>
        <line num="217" count="5384" type="cond" truecount="2" falsecount="0"/>
        <line num="218" count="1296" type="cond" truecount="2" falsecount="0"/>
        <line num="219" count="264" type="stmt"/>
        <line num="221" count="1032" type="cond" truecount="1" falsecount="0"/>
        <line num="226" count="392" type="stmt"/>
        <line num="229" count="4088" type="cond" truecount="1" falsecount="0"/>
        <line num="234" count="420" type="stmt"/>
        <line num="237" count="8" type="stmt"/>
      </file>
      <file name="update-measures.ts" path="/Users/43100/Documents/GitHub/qpp-measures-data/scripts/measures/2023/update-measures.ts">
        <metrics statements="21" coveredstatements="21" conditionals="4" coveredconditionals="4" methods="2" coveredmethods="2"/>
        <line num="2" count="1" type="stmt"/>
        <line num="3" count="1" type="stmt"/>
        <line num="4" count="1" type="stmt"/>
        <line num="6" count="1" type="stmt"/>
        <line num="7" count="1" type="stmt"/>
        <line num="9" count="1" type="stmt"/>
        <line num="10" count="3" type="stmt"/>
        <line num="11" count="3" type="stmt"/>
        <line num="12" count="3" type="stmt"/>
        <line num="15" count="3" type="stmt"/>
        <line num="19" count="3" type="stmt"/>
        <line num="24" count="3" type="stmt"/>
        <line num="26" count="3" type="stmt"/>
        <line num="28" count="3" type="stmt"/>
        <line num="29" count="9" type="cond" truecount="1" falsecount="0"/>
        <line num="31" count="6" type="cond" truecount="1" falsecount="0"/>
        <line num="32" count="2" type="stmt"/>
        <line num="33" count="2" type="stmt"/>
        <line num="38" count="3" type="cond" truecount="2" falsecount="0"/>
        <line num="39" count="1" type="stmt"/>
        <line num="41" count="2" type="stmt"/>
      </file>
    </package>
    <package name="scripts.measures.lib">
      <metrics statements="103" coveredstatements="103" conditionals="47" coveredconditionals="47" methods="18" coveredmethods="18"/>
      <file name="csv-json-converter.ts" path="/Users/43100/Documents/GitHub/qpp-measures-data/scripts/measures/lib/csv-json-converter.ts">
        <metrics statements="67" coveredstatements="67" conditionals="36" coveredconditionals="36" methods="11" coveredmethods="11"/>
        <line num="7" count="3" type="stmt"/>
        <line num="8" count="3" type="stmt"/>
        <line num="10" count="3" type="stmt"/>
        <line num="11" count="3" type="stmt"/>
        <line num="24" count="3" type="stmt"/>
        <line num="26" count="3" type="stmt"/>
        <line num="28" count="6" type="stmt"/>
        <line num="30" count="6" type="stmt"/>
        <line num="31" count="7" type="stmt"/>
        <line num="32" count="7" type="stmt"/>
        <line num="34" count="7" type="stmt"/>
        <line num="36" count="1" type="stmt"/>
        <line num="37" count="1" type="stmt"/>
        <line num="39" count="2" type="stmt"/>
        <line num="40" count="2" type="stmt"/>
        <line num="42" count="1" type="stmt"/>
        <line num="43" count="1" type="stmt"/>
        <line num="45" count="3" type="stmt"/>
        <line num="46" count="3" type="stmt"/>
        <line num="49" count="7" type="stmt"/>
        <line num="50" count="117" type="cond" truecount="1" falsecount="0"/>
        <line num="51" count="104" type="stmt"/>
        <line num="55" count="5" type="stmt"/>
        <line num="61" count="104" type="stmt"/>
        <line num="63" count="4" type="stmt"/>
        <line num="66" count="4" type="cond" truecount="4" falsecount="0"/>
        <line num="67" count="1" type="stmt"/>
        <line num="68" count="3" type="cond" truecount="3" falsecount="0"/>
        <line num="69" count="2" type="stmt"/>
        <line num="71" count="1" type="stmt"/>
        <line num="73" count="4" type="cond" truecount="1" falsecount="0"/>
        <line num="74" count="2" type="stmt"/>
        <line num="76" count="6" type="stmt"/>
        <line num="78" count="1" type="stmt"/>
        <line num="80" count="1" type="stmt"/>
        <line num="84" count="87" type="cond" truecount="1" falsecount="0"/>
        <line num="86" count="15" type="cond" truecount="3" falsecount="0"/>
        <line num="87" count="1" type="cond" truecount="1" falsecount="0"/>
        <line num="88" count="1" type="stmt"/>
        <line num="89" count="1" type="stmt"/>
        <line num="92" count="14" type="stmt"/>
        <line num="96" count="72" type="cond" truecount="1" falsecount="0"/>
        <line num="97" count="25" type="stmt"/>
        <line num="99" count="24" type="cond" truecount="3" falsecount="0"/>
        <line num="100" count="4" type="stmt"/>
        <line num="102" count="20" type="stmt"/>
        <line num="105" count="47" type="stmt"/>
        <line num="109" count="4" type="stmt"/>
        <line num="110" count="4" type="stmt"/>
        <line num="119" count="25" type="cond" truecount="1" falsecount="0"/>
        <line num="120" count="1" type="stmt"/>
        <line num="122" count="24" type="cond" truecount="1" falsecount="0"/>
        <line num="123" count="3" type="stmt"/>
        <line num="125" count="21" type="cond" truecount="1" falsecount="0"/>
        <line num="126" count="16" type="stmt"/>
        <line num="128" count="9" type="stmt"/>
        <line num="132" count="20" type="stmt"/>
        <line num="134" count="20" type="stmt"/>
        <line num="135" count="33" type="stmt"/>
        <line num="138" count="19" type="stmt"/>
        <line num="143" count="37" type="cond" truecount="2" falsecount="0"/>
        <line num="144" count="36" type="stmt"/>
        <line num="147" count="1" type="stmt"/>
        <line num="153" count="14" type="stmt"/>
        <line num="155" count="3" type="stmt"/>
        <line num="157" count="10" type="stmt"/>
        <line num="159" count="1" type="stmt"/>
      </file>
      <file name="errors.ts" path="/Users/43100/Documents/GitHub/qpp-measures-data/scripts/measures/lib/errors.ts">
        <metrics statements="6" coveredstatements="6" conditionals="0" coveredconditionals="0" methods="2" coveredmethods="2"/>
        <line num="2" count="3" type="stmt"/>
        <line num="4" count="4" type="stmt"/>
        <line num="5" count="4" type="stmt"/>
        <line num="8" count="3" type="stmt"/>
        <line num="10" count="9" type="stmt"/>
        <line num="11" count="9" type="stmt"/>
      </file>
      <file name="validate-change-requests.ts" path="/Users/43100/Documents/GitHub/qpp-measures-data/scripts/measures/lib/validate-change-requests.ts">
        <metrics statements="30" coveredstatements="30" conditionals="11" coveredconditionals="11" methods="5" coveredmethods="5"/>
        <line num="1" count="2" type="stmt"/>
        <line num="2" count="2" type="stmt"/>
        <line num="3" count="2" type="stmt"/>
        <line num="4" count="2" type="stmt"/>
        <line num="12" count="2" type="cond" truecount="2" falsecount="0"/>
        <line num="13" count="2" type="stmt"/>
        <line num="14" count="2" type="stmt"/>
        <line num="15" count="2" type="stmt"/>
        <line num="16" count="2" type="stmt"/>
        <line num="73" count="2" type="stmt"/>
        <line num="82" count="2" type="stmt"/>
        <line num="104" count="2" type="stmt"/>
        <line num="119" count="2" type="stmt"/>
        <line num="130" count="2" type="stmt"/>
        <line num="145" count="2" type="stmt"/>
        <line num="152" count="2" type="stmt"/>
        <line num="162" count="2" type="stmt"/>
        <line num="163" count="15" type="stmt"/>
        <line num="168" count="15" type="cond" truecount="2" falsecount="0"/>
        <line num="169" count="5" type="stmt"/>
        <line num="171" count="2" type="stmt"/>
        <line num="176" count="1" type="stmt"/>
        <line num="181" count="2" type="stmt"/>
        <line num="183" count="20" type="stmt"/>
        <line num="187" count="10" type="stmt"/>
        <line num="192" count="15" type="stmt"/>
        <line num="194" count="2" type="stmt"/>
        <line num="196" count="2" type="stmt"/>
        <line num="198" count="8" type="stmt"/>
        <line num="200" count="3" type="stmt"/>
      </file>
    </package>
  </project>
</coverage>
