{"/Users/43100/Documents/GitHub/qpp-measures-data/scripts/constants.ts": {"path":"/Users/43100/Documents/GitHub/qpp-measures-data/scripts/constants.ts","statementMap":{"0":{"start":{"line":2,"column":13},"end":{"line":9,"column":null}},"1":{"start":{"line":11,"column":13},"end":{"line":15,"column":2}},"2":{"start":{"line":17,"column":13},"end":{"line":25,"column":2}},"3":{"start":{"line":27,"column":13},"end":{"line":50,"column":2}},"4":{"start":{"line":52,"column":13},"end":{"line":62,"column":null}},"5":{"start":{"line":64,"column":13},"end":{"line":68,"column":null}},"6":{"start":{"line":70,"column":13},"end":{"line":76,"column":null}},"7":{"start":{"line":78,"column":13},"end":{"line":82,"column":null}},"8":{"start":{"line":84,"column":13},"end":{"line":89,"column":null}},"9":{"start":{"line":92,"column":13},"end":{"line":100,"column":null}},"10":{"start":{"line":102,"column":13},"end":{"line":106,"column":null}},"11":{"start":{"line":108,"column":13},"end":{"line":116,"column":2}},"12":{"start":{"line":118,"column":13},"end":{"line":166,"column":2}}},"fnMap":{},"branchMap":{},"s":{"0":2,"1":2,"2":2,"3":2,"4":2,"5":2,"6":2,"7":2,"8":2,"9":2,"10":2,"11":2,"12":2},"f":{},"b":{}}
,"/Users/43100/Documents/GitHub/qpp-measures-data/scripts/logger.ts": {"path":"/Users/43100/Documents/GitHub/qpp-measures-data/scripts/logger.ts","statementMap":{"0":{"start":{"line":2,"column":4},"end":{"line":5,"column":6}},"1":{"start":{"line":1,"column":0},"end":{"line":1,"column":16}},"2":{"start":{"line":9,"column":4},"end":{"line":12,"column":6}},"3":{"start":{"line":8,"column":0},"end":{"line":8,"column":16}},"4":{"start":{"line":16,"column":4},"end":{"line":19,"column":6}},"5":{"start":{"line":15,"column":0},"end":{"line":15,"column":16}}},"fnMap":{"0":{"name":"info","decl":{"start":{"line":1,"column":16},"end":{"line":1,"column":20}},"loc":{"start":{"line":1,"column":36},"end":{"line":6,"column":1}}},"1":{"name":"warning","decl":{"start":{"line":8,"column":16},"end":{"line":8,"column":23}},"loc":{"start":{"line":8,"column":39},"end":{"line":13,"column":1}}},"2":{"name":"error","decl":{"start":{"line":15,"column":16},"end":{"line":15,"column":21}},"loc":{"start":{"line":15,"column":37},"end":{"line":20,"column":1}}}},"branchMap":{},"s":{"0":2,"1":2,"2":1,"3":2,"4":1,"5":2},"f":{"0":2,"1":1,"2":1},"b":{}}
,"/Users/43100/Documents/GitHub/qpp-measures-data/scripts/measures/2023/update-measures-util.ts": {"path":"/Users/43100/Documents/GitHub/qpp-measures-data/scripts/measures/2023/update-measures-util.ts","statementMap":{"0":{"start":{"line":11,"column":0},"end":{"line":11,"column":23}},"1":{"start":{"line":12,"column":0},"end":{"line":12,"column":20}},"2":{"start":{"line":13,"column":0},"end":{"line":13,"column":24}},"3":{"start":{"line":14,"column":0},"end":{"line":14,"column":36}},"4":{"start":{"line":16,"column":0},"end":{"line":16,"column":52}},"5":{"start":{"line":17,"column":0},"end":{"line":17,"column":94}},"6":{"start":{"line":18,"column":0},"end":{"line":18,"column":61}},"7":{"start":{"line":19,"column":0},"end":{"line":19,"column":52}},"8":{"start":{"line":27,"column":16},"end":{"line":27,"column":93}},"9":{"start":{"line":28,"column":4},"end":{"line":91,"column":null}},"10":{"start":{"line":29,"column":27},"end":{"line":29,"column":48}},"11":{"start":{"line":31,"column":8},"end":{"line":79,"column":null}},"12":{"start":{"line":31,"column":21},"end":{"line":31,"column":22}},"13":{"start":{"line":32,"column":27},"end":{"line":32,"column":58}},"14":{"start":{"line":34,"column":12},"end":{"line":78,"column":null}},"15":{"start":{"line":35,"column":16},"end":{"line":35,"column":81}},"16":{"start":{"line":37,"column":30},"end":{"line":37,"column":74}},"17":{"start":{"line":39,"column":33},"end":{"line":39,"column":84}},"18":{"start":{"line":41,"column":16},"end":{"line":57,"column":null}},"19":{"start":{"line":42,"column":20},"end":{"line":44,"column":22}},"20":{"start":{"line":42,"column":53},"end":{"line":44,"column":22}},"21":{"start":{"line":45,"column":20},"end":{"line":47,"column":22}},"22":{"start":{"line":45,"column":58},"end":{"line":47,"column":22}},"23":{"start":{"line":48,"column":20},"end":{"line":50,"column":22}},"24":{"start":{"line":48,"column":43},"end":{"line":50,"column":22}},"25":{"start":{"line":51,"column":20},"end":{"line":53,"column":22}},"26":{"start":{"line":51,"column":49},"end":{"line":53,"column":22}},"27":{"start":{"line":54,"column":20},"end":{"line":56,"column":null}},"28":{"start":{"line":55,"column":24},"end":{"line":55,"column":131}},"29":{"start":{"line":59,"column":16},"end":{"line":61,"column":null}},"30":{"start":{"line":60,"column":20},"end":{"line":60,"column":138}},"31":{"start":{"line":62,"column":16},"end":{"line":64,"column":null}},"32":{"start":{"line":63,"column":20},"end":{"line":63,"column":97}},"33":{"start":{"line":65,"column":16},"end":{"line":67,"column":null}},"34":{"start":{"line":66,"column":20},"end":{"line":66,"column":125}},"35":{"start":{"line":69,"column":16},"end":{"line":77,"column":null}},"36":{"start":{"line":70,"column":20},"end":{"line":70,"column":74}},"37":{"start":{"line":71,"column":23},"end":{"line":77,"column":null}},"38":{"start":{"line":72,"column":20},"end":{"line":72,"column":64}},"39":{"start":{"line":73,"column":20},"end":{"line":73,"column":80}},"40":{"start":{"line":73,"column":31},"end":{"line":73,"column":80}},"41":{"start":{"line":75,"column":20},"end":{"line":75,"column":49}},"42":{"start":{"line":76,"column":20},"end":{"line":76,"column":106}},"43":{"start":{"line":81,"column":8},"end":{"line":81,"column":55}},"44":{"start":{"line":82,"column":8},"end":{"line":82,"column":95}},"45":{"start":{"line":85,"column":8},"end":{"line":90,"column":null}},"46":{"start":{"line":86,"column":12},"end":{"line":86,"column":31}},"47":{"start":{"line":89,"column":12},"end":{"line":89,"column":22}},"48":{"start":{"line":21,"column":0},"end":{"line":21,"column":16}},"49":{"start":{"line":95,"column":22},"end":{"line":96,"column":null}},"50":{"start":{"line":98,"column":4},"end":{"line":98,"column":29}},"51":{"start":{"line":100,"column":4},"end":{"line":100,"column":62}},"52":{"start":{"line":94,"column":0},"end":{"line":94,"column":16}},"53":{"start":{"line":104,"column":25},"end":{"line":104,"column":65}},"54":{"start":{"line":105,"column":4},"end":{"line":110,"column":null}},"55":{"start":{"line":106,"column":8},"end":{"line":106,"column":45}},"56":{"start":{"line":107,"column":8},"end":{"line":107,"column":48}},"57":{"start":{"line":109,"column":8},"end":{"line":109,"column":71}},"58":{"start":{"line":103,"column":0},"end":{"line":103,"column":16}},"59":{"start":{"line":114,"column":4},"end":{"line":123,"column":null}},"60":{"start":{"line":114,"column":17},"end":{"line":114,"column":18}},"61":{"start":{"line":115,"column":8},"end":{"line":122,"column":null}},"62":{"start":{"line":116,"column":12},"end":{"line":120,"column":14}},"63":{"start":{"line":121,"column":12},"end":{"line":121,"column":18}},"64":{"start":{"line":113,"column":0},"end":{"line":113,"column":16}},"65":{"start":{"line":127,"column":27},"end":{"line":127,"column":82}},"66":{"start":{"line":129,"column":31},"end":{"line":129,"column":97}},"67":{"start":{"line":132,"column":4},"end":{"line":134,"column":null}},"68":{"start":{"line":133,"column":8},"end":{"line":133,"column":21}},"69":{"start":{"line":135,"column":4},"end":{"line":135,"column":16}},"70":{"start":{"line":139,"column":27},"end":{"line":139,"column":82}},"71":{"start":{"line":141,"column":25},"end":{"line":141,"column":94}},"72":{"start":{"line":142,"column":35},"end":{"line":142,"column":113}},"73":{"start":{"line":144,"column":4},"end":{"line":146,"column":null}},"74":{"start":{"line":145,"column":8},"end":{"line":145,"column":21}},"75":{"start":{"line":147,"column":4},"end":{"line":147,"column":16}},"76":{"start":{"line":151,"column":4},"end":{"line":151,"column":87}},"77":{"start":{"line":150,"column":0},"end":{"line":150,"column":16}},"78":{"start":{"line":155,"column":4},"end":{"line":158,"column":6}},"79":{"start":{"line":163,"column":20},"end":{"line":163,"column":68}},"80":{"start":{"line":164,"column":4},"end":{"line":164,"column":20}}},"fnMap":{"0":{"name":"updateMeasuresWithChangeFile","decl":{"start":{"line":21,"column":16},"end":{"line":21,"column":44}},"loc":{"start":{"line":25,"column":21},"end":{"line":92,"column":1}}},"1":{"name":"updateChangeLog","decl":{"start":{"line":94,"column":16},"end":{"line":94,"column":31}},"loc":{"start":{"line":94,"column":69},"end":{"line":101,"column":1}}},"2":{"name":"deleteMeasure","decl":{"start":{"line":103,"column":16},"end":{"line":103,"column":29}},"loc":{"start":{"line":103,"column":66},"end":{"line":111,"column":1}}},"3":{"name":"updateMeasure","decl":{"start":{"line":113,"column":16},"end":{"line":113,"column":29}},"loc":{"start":{"line":113,"column":71},"end":{"line":124,"column":1}}},"4":{"name":"isValidECQM","decl":{"start":{"line":126,"column":9},"end":{"line":126,"column":20}},"loc":{"start":{"line":126,"column":62},"end":{"line":136,"column":1}}},"5":{"name":"isOutcomeHighPriority","decl":{"start":{"line":138,"column":9},"end":{"line":138,"column":30}},"loc":{"start":{"line":138,"column":72},"end":{"line":148,"column":1}}},"6":{"name":"writeToFile","decl":{"start":{"line":150,"column":16},"end":{"line":150,"column":27}},"loc":{"start":{"line":150,"column":55},"end":{"line":152,"column":1}}},"7":{"name":"updateBenchmarksMetaData","decl":{"start":{"line":154,"column":9},"end":{"line":154,"column":33}},"loc":{"start":{"line":154,"column":56},"end":{"line":160,"column":1}}},"8":{"name":"isNewMeasure","decl":{"start":{"line":162,"column":9},"end":{"line":162,"column":21}},"loc":{"start":{"line":162,"column":58},"end":{"line":165,"column":1}}}},"branchMap":{"0":{"loc":{"start":{"line":34,"column":12},"end":{"line":78,"column":null}},"type":"if","locations":[{"start":{"line":34,"column":12},"end":{"line":78,"column":null}},{"start":{"line":36,"column":19},"end":{"line":78,"column":null}}]},"1":{"loc":{"start":{"line":41,"column":16},"end":{"line":57,"column":null}},"type":"if","locations":[{"start":{"line":41,"column":16},"end":{"line":57,"column":null}}]},"2":{"loc":{"start":{"line":42,"column":20},"end":{"line":44,"column":22}},"type":"if","locations":[{"start":{"line":42,"column":20},"end":{"line":44,"column":22}}]},"3":{"loc":{"start":{"line":45,"column":20},"end":{"line":47,"column":22}},"type":"if","locations":[{"start":{"line":45,"column":20},"end":{"line":47,"column":22}}]},"4":{"loc":{"start":{"line":48,"column":20},"end":{"line":50,"column":22}},"type":"if","locations":[{"start":{"line":48,"column":20},"end":{"line":50,"column":22}}]},"5":{"loc":{"start":{"line":51,"column":20},"end":{"line":53,"column":22}},"type":"if","locations":[{"start":{"line":51,"column":20},"end":{"line":53,"column":22}}]},"6":{"loc":{"start":{"line":54,"column":20},"end":{"line":56,"column":null}},"type":"if","locations":[{"start":{"line":54,"column":20},"end":{"line":56,"column":null}}]},"7":{"loc":{"start":{"line":59,"column":16},"end":{"line":61,"column":null}},"type":"if","locations":[{"start":{"line":59,"column":16},"end":{"line":61,"column":null}}]},"8":{"loc":{"start":{"line":62,"column":16},"end":{"line":64,"column":null}},"type":"if","locations":[{"start":{"line":62,"column":16},"end":{"line":64,"column":null}}]},"9":{"loc":{"start":{"line":62,"column":20},"end":{"line":62,"column":38}},"type":"binary-expr","locations":[{"start":{"line":62,"column":20},"end":{"line":62,"column":38}},{"start":{"line":62,"column":42},"end":{"line":62,"column":81}}]},"10":{"loc":{"start":{"line":65,"column":16},"end":{"line":67,"column":null}},"type":"if","locations":[{"start":{"line":65,"column":16},"end":{"line":67,"column":null}}]},"11":{"loc":{"start":{"line":65,"column":20},"end":{"line":65,"column":25}},"type":"binary-expr","locations":[{"start":{"line":65,"column":20},"end":{"line":65,"column":25}},{"start":{"line":65,"column":29},"end":{"line":65,"column":79}},{"start":{"line":65,"column":83},"end":{"line":65,"column":107}}]},"12":{"loc":{"start":{"line":69,"column":16},"end":{"line":77,"column":null}},"type":"if","locations":[{"start":{"line":69,"column":16},"end":{"line":77,"column":null}},{"start":{"line":71,"column":23},"end":{"line":77,"column":null}}]},"13":{"loc":{"start":{"line":71,"column":23},"end":{"line":77,"column":null}},"type":"if","locations":[{"start":{"line":71,"column":23},"end":{"line":77,"column":null}},{"start":{"line":74,"column":23},"end":{"line":77,"column":null}}]},"14":{"loc":{"start":{"line":73,"column":20},"end":{"line":73,"column":80}},"type":"if","locations":[{"start":{"line":73,"column":20},"end":{"line":73,"column":80}}]},"15":{"loc":{"start":{"line":85,"column":8},"end":{"line":90,"column":null}},"type":"if","locations":[{"start":{"line":85,"column":8},"end":{"line":90,"column":null}},{"start":{"line":88,"column":13},"end":{"line":90,"column":null}}]},"16":{"loc":{"start":{"line":105,"column":4},"end":{"line":110,"column":null}},"type":"if","locations":[{"start":{"line":105,"column":4},"end":{"line":110,"column":null}},{"start":{"line":108,"column":11},"end":{"line":110,"column":null}}]},"17":{"loc":{"start":{"line":115,"column":8},"end":{"line":122,"column":null}},"type":"if","locations":[{"start":{"line":115,"column":8},"end":{"line":122,"column":null}}]},"18":{"loc":{"start":{"line":129,"column":51},"end":{"line":129,"column":68}},"type":"cond-expr","locations":[{"start":{"line":129,"column":51},"end":{"line":129,"column":68}},{"start":{"line":129,"column":71},"end":{"line":129,"column":97}}]},"19":{"loc":{"start":{"line":132,"column":4},"end":{"line":134,"column":null}},"type":"if","locations":[{"start":{"line":132,"column":4},"end":{"line":134,"column":null}}]},"20":{"loc":{"start":{"line":132,"column":8},"end":{"line":132,"column":68}},"type":"binary-expr","locations":[{"start":{"line":132,"column":8},"end":{"line":132,"column":68}},{"start":{"line":132,"column":72},"end":{"line":132,"column":83}}]},"21":{"loc":{"start":{"line":141,"column":46},"end":{"line":141,"column":64}},"type":"cond-expr","locations":[{"start":{"line":141,"column":46},"end":{"line":141,"column":64}},{"start":{"line":141,"column":67},"end":{"line":141,"column":94}}]},"22":{"loc":{"start":{"line":142,"column":59},"end":{"line":142,"column":80}},"type":"cond-expr","locations":[{"start":{"line":142,"column":59},"end":{"line":142,"column":80}},{"start":{"line":142,"column":83},"end":{"line":142,"column":113}}]},"23":{"loc":{"start":{"line":144,"column":4},"end":{"line":146,"column":null}},"type":"if","locations":[{"start":{"line":144,"column":4},"end":{"line":146,"column":null}}]},"24":{"loc":{"start":{"line":144,"column":8},"end":{"line":144,"column":32}},"type":"binary-expr","locations":[{"start":{"line":144,"column":8},"end":{"line":144,"column":32}},{"start":{"line":144,"column":36},"end":{"line":144,"column":51}}]},"25":{"loc":{"start":{"line":156,"column":44},"end":{"line":156,"column":71}},"type":"cond-expr","locations":[{"start":{"line":156,"column":44},"end":{"line":156,"column":71}},{"start":{"line":156,"column":74},"end":{"line":156,"column":79}}]},"26":{"loc":{"start":{"line":157,"column":70},"end":{"line":157,"column":110}},"type":"cond-expr","locations":[{"start":{"line":157,"column":70},"end":{"line":157,"column":110}},{"start":{"line":157,"column":113},"end":{"line":157,"column":118}}]}},"s":{"0":2,"1":2,"2":2,"3":2,"4":2,"5":2,"6":2,"7":2,"8":11,"9":11,"10":11,"11":11,"12":11,"13":11,"14":11,"15":1,"16":10,"17":10,"18":10,"19":8,"20":1,"21":8,"22":1,"23":8,"24":2,"25":8,"26":1,"27":8,"28":1,"29":9,"30":1,"31":8,"32":1,"33":7,"34":1,"35":6,"36":1,"37":5,"38":3,"39":3,"40":1,"41":2,"42":2,"43":4,"44":4,"45":7,"46":7,"47":0,"48":2,"49":1,"50":1,"51":1,"52":2,"53":3,"54":3,"55":2,"56":2,"57":1,"58":2,"59":4,"60":4,"61":941,"62":3,"63":3,"64":2,"65":8,"66":8,"67":8,"68":1,"69":7,"70":9,"71":9,"72":9,"73":9,"74":1,"75":8,"76":1,"77":2,"78":3,"79":10,"80":10},"f":{"0":11,"1":1,"2":3,"3":4,"4":8,"5":9,"6":1,"7":3,"8":10},"b":{"0":[1,10],"1":[8],"2":[1],"3":[1],"4":[2],"5":[1],"6":[1],"7":[1],"8":[1],"9":[8,2],"10":[1],"11":[7,2,1],"12":[1,5],"13":[3,2],"14":[1],"15":[7,0],"16":[2,1],"17":[3],"18":[0,8],"19":[1],"20":[8,1],"21":[3,6],"22":[0,9],"23":[1],"24":[9,2],"25":[1,2],"26":[1,2]}}
,"/Users/43100/Documents/GitHub/qpp-measures-data/scripts/measures/2023/update-measures.ts": {"path":"/Users/43100/Documents/GitHub/qpp-measures-data/scripts/measures/2023/update-measures.ts","statementMap":{"0":{"start":{"line":2,"column":0},"end":{"line":2,"column":20}},"1":{"start":{"line":3,"column":0},"end":{"line":3,"column":24}},"2":{"start":{"line":4,"column":0},"end":{"line":4,"column":36}},"3":{"start":{"line":6,"column":0},"end":{"line":6,"column":36}},"4":{"start":{"line":7,"column":0},"end":{"line":7,"column":83}},"5":{"start":{"line":10,"column":24},"end":{"line":10,"column":62}},"6":{"start":{"line":11,"column":25},"end":{"line":11,"column":73}},"7":{"start":{"line":12,"column":4},"end":{"line":12,"column":29}},"8":{"start":{"line":15,"column":22},"end":{"line":16,"column":null}},"9":{"start":{"line":19,"column":32},"end":{"line":20,"column":null}},"10":{"start":{"line":24,"column":30},"end":{"line":24,"column":31}},"11":{"start":{"line":26,"column":22},"end":{"line":26,"column":74}},"12":{"start":{"line":28,"column":4},"end":{"line":36,"column":7}},"13":{"start":{"line":29,"column":8},"end":{"line":35,"column":null}},"14":{"start":{"line":31,"column":12},"end":{"line":34,"column":null}},"15":{"start":{"line":32,"column":16},"end":{"line":32,"column":38}},"16":{"start":{"line":33,"column":16},"end":{"line":33,"column":99}},"17":{"start":{"line":38,"column":4},"end":{"line":42,"column":null}},"18":{"start":{"line":39,"column":8},"end":{"line":39,"column":48}},"19":{"start":{"line":41,"column":8},"end":{"line":41,"column":43}},"20":{"start":{"line":9,"column":0},"end":{"line":9,"column":16}},"21":{"start":{"line":44,"column":0},"end":{"line":45,"column":36}},"22":{"start":{"line":45,"column":4},"end":{"line":45,"column":36}}},"fnMap":{"0":{"name":"updateMeasures","decl":{"start":{"line":9,"column":16},"end":{"line":9,"column":30}},"loc":{"start":{"line":9,"column":54},"end":{"line":43,"column":1}}},"1":{"name":"(anonymous_2)","decl":{"start":{"line":28,"column":22},"end":{"line":28,"column":30}},"loc":{"start":{"line":28,"column":33},"end":{"line":36,"column":5}}}},"branchMap":{"0":{"loc":{"start":{"line":29,"column":8},"end":{"line":35,"column":null}},"type":"if","locations":[{"start":{"line":29,"column":8},"end":{"line":35,"column":null}}]},"1":{"loc":{"start":{"line":31,"column":12},"end":{"line":34,"column":null}},"type":"if","locations":[{"start":{"line":31,"column":12},"end":{"line":34,"column":null}}]},"2":{"loc":{"start":{"line":38,"column":4},"end":{"line":42,"column":null}},"type":"if","locations":[{"start":{"line":38,"column":4},"end":{"line":42,"column":null}},{"start":{"line":40,"column":11},"end":{"line":42,"column":null}}]},"3":{"loc":{"start":{"line":44,"column":0},"end":{"line":45,"column":36}},"type":"if","locations":[{"start":{"line":44,"column":0},"end":{"line":45,"column":36}}]},"4":{"loc":{"start":{"line":44,"column":4},"end":{"line":44,"column":19}},"type":"binary-expr","locations":[{"start":{"line":44,"column":4},"end":{"line":44,"column":19}},{"start":{"line":44,"column":23},"end":{"line":44,"column":55}}]}},"s":{"0":1,"1":1,"2":1,"3":1,"4":1,"5":3,"6":3,"7":3,"8":3,"9":3,"10":3,"11":3,"12":3,"13":9,"14":6,"15":2,"16":2,"17":3,"18":1,"19":2,"20":1,"21":1,"22":0},"f":{"0":3,"1":9},"b":{"0":[6],"1":[2],"2":[1,2],"3":[0],"4":[1,1]}}
,"/Users/43100/Documents/GitHub/qpp-measures-data/scripts/measures/lib/csv-json-converter.ts": {"path":"/Users/43100/Documents/GitHub/qpp-measures-data/scripts/measures/lib/csv-json-converter.ts","statementMap":{"0":{"start":{"line":7,"column":0},"end":{"line":7,"column":23}},"1":{"start":{"line":8,"column":0},"end":{"line":8,"column":39}},"2":{"start":{"line":10,"column":0},"end":{"line":10,"column":39}},"3":{"start":{"line":11,"column":0},"end":{"line":11,"column":null}},"4":{"start":{"line":24,"column":0},"end":{"line":24,"column":45}},"5":{"start":{"line":28,"column":22},"end":{"line":28,"column":51}},"6":{"start":{"line":30,"column":4},"end":{"line":53,"column":7}},"7":{"start":{"line":31,"column":24},"end":{"line":31,"column":26}},"8":{"start":{"line":32,"column":8},"end":{"line":32,"column":67}},"9":{"start":{"line":34,"column":8},"end":{"line":44,"column":null}},"10":{"start":{"line":36,"column":16},"end":{"line":36,"column":53}},"11":{"start":{"line":37,"column":16},"end":{"line":37,"column":22}},"12":{"start":{"line":39,"column":16},"end":{"line":39,"column":53}},"13":{"start":{"line":40,"column":16},"end":{"line":40,"column":22}},"14":{"start":{"line":42,"column":16},"end":{"line":42,"column":58}},"15":{"start":{"line":43,"column":16},"end":{"line":43,"column":22}},"16":{"start":{"line":46,"column":8},"end":{"line":50,"column":11}},"17":{"start":{"line":47,"column":12},"end":{"line":49,"column":null}},"18":{"start":{"line":48,"column":16},"end":{"line":48,"column":89}},"19":{"start":{"line":52,"column":8},"end":{"line":52,"column":23}},"20":{"start":{"line":26,"column":0},"end":{"line":26,"column":16}},"21":{"start":{"line":58,"column":4},"end":{"line":60,"column":null}},"22":{"start":{"line":59,"column":8},"end":{"line":59,"column":25}},"23":{"start":{"line":62,"column":4},"end":{"line":80,"column":null}},"24":{"start":{"line":64,"column":12},"end":{"line":64,"column":74}},"25":{"start":{"line":67,"column":12},"end":{"line":71,"column":null}},"26":{"start":{"line":68,"column":16},"end":{"line":68,"column":55}},"27":{"start":{"line":69,"column":19},"end":{"line":71,"column":null}},"28":{"start":{"line":70,"column":16},"end":{"line":70,"column":54}},"29":{"start":{"line":72,"column":12},"end":{"line":72,"column":18}},"30":{"start":{"line":74,"column":12},"end":{"line":74,"column":101}},"31":{"start":{"line":74,"column":94},"end":{"line":74,"column":101}},"32":{"start":{"line":75,"column":12},"end":{"line":75,"column":18}},"33":{"start":{"line":77,"column":12},"end":{"line":77,"column":39}},"34":{"start":{"line":79,"column":12},"end":{"line":79,"column":39}},"35":{"start":{"line":83,"column":4},"end":{"line":92,"column":null}},"36":{"start":{"line":85,"column":8},"end":{"line":90,"column":null}},"37":{"start":{"line":86,"column":12},"end":{"line":89,"column":null}},"38":{"start":{"line":87,"column":16},"end":{"line":87,"column":102}},"39":{"start":{"line":88,"column":16},"end":{"line":88,"column":29}},"40":{"start":{"line":91,"column":8},"end":{"line":91,"column":65}},"41":{"start":{"line":95,"column":4},"end":{"line":102,"column":null}},"42":{"start":{"line":96,"column":25},"end":{"line":96,"column":72}},"43":{"start":{"line":98,"column":8},"end":{"line":100,"column":null}},"44":{"start":{"line":99,"column":12},"end":{"line":99,"column":51}},"45":{"start":{"line":101,"column":8},"end":{"line":101,"column":24}},"46":{"start":{"line":104,"column":4},"end":{"line":104,"column":37}},"47":{"start":{"line":108,"column":4},"end":{"line":113,"column":11}},"48":{"start":{"line":109,"column":8},"end":{"line":112,"column":10}},"49":{"start":{"line":118,"column":4},"end":{"line":120,"column":null}},"50":{"start":{"line":119,"column":8},"end":{"line":119,"column":67}},"51":{"start":{"line":121,"column":4},"end":{"line":123,"column":null}},"52":{"start":{"line":122,"column":8},"end":{"line":122,"column":71}},"53":{"start":{"line":124,"column":4},"end":{"line":126,"column":null}},"54":{"start":{"line":125,"column":8},"end":{"line":125,"column":71}},"55":{"start":{"line":130,"column":35},"end":{"line":130,"column":52}},"56":{"start":{"line":132,"column":4},"end":{"line":134,"column":null}},"57":{"start":{"line":132,"column":17},"end":{"line":132,"column":18}},"58":{"start":{"line":133,"column":8},"end":{"line":133,"column":63}},"59":{"start":{"line":136,"column":4},"end":{"line":136,"column":24}},"60":{"start":{"line":141,"column":4},"end":{"line":146,"column":null}},"61":{"start":{"line":142,"column":8},"end":{"line":142,"column":45}},"62":{"start":{"line":145,"column":8},"end":{"line":145,"column":50}},"63":{"start":{"line":151,"column":4},"end":{"line":158,"column":null}},"64":{"start":{"line":153,"column":12},"end":{"line":153,"column":24}},"65":{"start":{"line":155,"column":12},"end":{"line":155,"column":25}},"66":{"start":{"line":157,"column":12},"end":{"line":157,"column":54}}},"fnMap":{"0":{"name":"convertCsvToJson","decl":{"start":{"line":26,"column":16},"end":{"line":26,"column":32}},"loc":{"start":{"line":26,"column":41},"end":{"line":54,"column":1}}},"1":{"name":"(anonymous_2)","decl":{"start":{"line":30,"column":25},"end":{"line":30,"column":26}},"loc":{"start":{"line":30,"column":38},"end":{"line":53,"column":5}}},"2":{"name":"(anonymous_3)","decl":{"start":{"line":46,"column":31},"end":{"line":46,"column":32}},"loc":{"start":{"line":46,"column":62},"end":{"line":50,"column":9}}},"3":{"name":"mapInput","decl":{"start":{"line":56,"column":9},"end":{"line":56,"column":17}},"loc":{"start":{"line":56,"column":67},"end":{"line":105,"column":1}}},"4":{"name":"mapHistoricBenchmarks","decl":{"start":{"line":107,"column":9},"end":{"line":107,"column":30}},"loc":{"start":{"line":107,"column":58},"end":{"line":114,"column":1}}},"5":{"name":"(anonymous_6)","decl":{"start":{"line":108,"column":36},"end":{"line":108,"column":37}},"loc":{"start":{"line":108,"column":50},"end":{"line":113,"column":5}}},"6":{"name":"csvFieldToArray","decl":{"start":{"line":117,"column":9},"end":{"line":117,"column":24}},"loc":{"start":{"line":117,"column":64},"end":{"line":127,"column":1}}},"7":{"name":"mapArrayItem","decl":{"start":{"line":129,"column":9},"end":{"line":129,"column":21}},"loc":{"start":{"line":129,"column":61},"end":{"line":137,"column":1}}},"8":{"name":"mapItem","decl":{"start":{"line":139,"column":9},"end":{"line":139,"column":16}},"loc":{"start":{"line":139,"column":55},"end":{"line":147,"column":1}}},"9":{"name":"csvFieldToBoolean","decl":{"start":{"line":150,"column":9},"end":{"line":150,"column":26}},"loc":{"start":{"line":150,"column":55},"end":{"line":159,"column":1}}}},"branchMap":{"0":{"loc":{"start":{"line":35,"column":12},"end":{"line":37,"column":22}},"type":"switch","locations":[{"start":{"line":35,"column":12},"end":{"line":37,"column":22}},{"start":{"line":38,"column":12},"end":{"line":40,"column":22}},{"start":{"line":41,"column":12},"end":{"line":43,"column":22}}]},"1":{"loc":{"start":{"line":47,"column":12},"end":{"line":49,"column":null}},"type":"if","locations":[{"start":{"line":47,"column":12},"end":{"line":49,"column":null}}]},"2":{"loc":{"start":{"line":58,"column":4},"end":{"line":60,"column":null}},"type":"if","locations":[{"start":{"line":58,"column":4},"end":{"line":60,"column":null}}]},"3":{"loc":{"start":{"line":63,"column":8},"end":{"line":64,"column":74}},"type":"switch","locations":[{"start":{"line":63,"column":8},"end":{"line":64,"column":74}},{"start":{"line":66,"column":8},"end":{"line":72,"column":18}},{"start":{"line":73,"column":8},"end":{"line":75,"column":18}},{"start":{"line":76,"column":8},"end":{"line":77,"column":39}},{"start":{"line":78,"column":8},"end":{"line":79,"column":39}}]},"4":{"loc":{"start":{"line":67,"column":12},"end":{"line":71,"column":null}},"type":"if","locations":[{"start":{"line":67,"column":12},"end":{"line":71,"column":null}},{"start":{"line":69,"column":19},"end":{"line":71,"column":null}}]},"5":{"loc":{"start":{"line":67,"column":16},"end":{"line":67,"column":69}},"type":"binary-expr","locations":[{"start":{"line":67,"column":16},"end":{"line":67,"column":69}},{"start":{"line":67,"column":73},"end":{"line":67,"column":99}}]},"6":{"loc":{"start":{"line":69,"column":19},"end":{"line":71,"column":null}},"type":"if","locations":[{"start":{"line":69,"column":19},"end":{"line":71,"column":null}}]},"7":{"loc":{"start":{"line":69,"column":23},"end":{"line":69,"column":75}},"type":"binary-expr","locations":[{"start":{"line":69,"column":23},"end":{"line":69,"column":75}},{"start":{"line":69,"column":79},"end":{"line":69,"column":105}}]},"8":{"loc":{"start":{"line":74,"column":12},"end":{"line":74,"column":101}},"type":"if","locations":[{"start":{"line":74,"column":12},"end":{"line":74,"column":101}}]},"9":{"loc":{"start":{"line":83,"column":4},"end":{"line":92,"column":null}},"type":"if","locations":[{"start":{"line":83,"column":4},"end":{"line":92,"column":null}}]},"10":{"loc":{"start":{"line":85,"column":8},"end":{"line":90,"column":null}},"type":"if","locations":[{"start":{"line":85,"column":8},"end":{"line":90,"column":null}}]},"11":{"loc":{"start":{"line":85,"column":12},"end":{"line":85,"column":66}},"type":"binary-expr","locations":[{"start":{"line":85,"column":12},"end":{"line":85,"column":66}},{"start":{"line":85,"column":70},"end":{"line":85,"column":92}}]},"12":{"loc":{"start":{"line":86,"column":12},"end":{"line":89,"column":null}},"type":"if","locations":[{"start":{"line":86,"column":12},"end":{"line":89,"column":null}}]},"13":{"loc":{"start":{"line":95,"column":4},"end":{"line":102,"column":null}},"type":"if","locations":[{"start":{"line":95,"column":4},"end":{"line":102,"column":null}}]},"14":{"loc":{"start":{"line":98,"column":8},"end":{"line":100,"column":null}},"type":"if","locations":[{"start":{"line":98,"column":8},"end":{"line":100,"column":null}}]},"15":{"loc":{"start":{"line":98,"column":12},"end":{"line":98,"column":20}},"type":"binary-expr","locations":[{"start":{"line":98,"column":12},"end":{"line":98,"column":20}},{"start":{"line":98,"column":24},"end":{"line":98,"column":83}}]},"16":{"loc":{"start":{"line":118,"column":4},"end":{"line":120,"column":null}},"type":"if","locations":[{"start":{"line":118,"column":4},"end":{"line":120,"column":null}}]},"17":{"loc":{"start":{"line":121,"column":4},"end":{"line":123,"column":null}},"type":"if","locations":[{"start":{"line":121,"column":4},"end":{"line":123,"column":null}}]},"18":{"loc":{"start":{"line":124,"column":4},"end":{"line":126,"column":null}},"type":"if","locations":[{"start":{"line":124,"column":4},"end":{"line":126,"column":null}}]},"19":{"loc":{"start":{"line":141,"column":4},"end":{"line":146,"column":null}},"type":"if","locations":[{"start":{"line":141,"column":4},"end":{"line":146,"column":null}},{"start":{"line":144,"column":9},"end":{"line":146,"column":null}}]},"20":{"loc":{"start":{"line":152,"column":8},"end":{"line":153,"column":24}},"type":"switch","locations":[{"start":{"line":152,"column":8},"end":{"line":153,"column":24}},{"start":{"line":154,"column":8},"end":{"line":155,"column":25}},{"start":{"line":156,"column":8},"end":{"line":157,"column":54}}]}},"s":{"0":2,"1":2,"2":2,"3":2,"4":2,"5":0,"6":0,"7":0,"8":0,"9":0,"10":0,"11":0,"12":0,"13":0,"14":0,"15":0,"16":0,"17":0,"18":0,"19":0,"20":2,"21":0,"22":0,"23":0,"24":0,"25":0,"26":0,"27":0,"28":0,"29":0,"30":0,"31":0,"32":0,"33":0,"34":0,"35":0,"36":0,"37":0,"38":0,"39":0,"40":0,"41":0,"42":0,"43":0,"44":0,"45":0,"46":0,"47":0,"48":0,"49":0,"50":0,"51":0,"52":0,"53":0,"54":0,"55":0,"56":0,"57":0,"58":0,"59":0,"60":0,"61":0,"62":0,"63":0,"64":0,"65":0,"66":0},"f":{"0":0,"1":0,"2":0,"3":0,"4":0,"5":0,"6":0,"7":0,"8":0,"9":0},"b":{"0":[0,0,0],"1":[0],"2":[0],"3":[0,0,0,0,0],"4":[0,0],"5":[0,0],"6":[0],"7":[0,0],"8":[0],"9":[0],"10":[0],"11":[0,0],"12":[0],"13":[0],"14":[0],"15":[0,0],"16":[0],"17":[0],"18":[0],"19":[0,0],"20":[0,0,0]}}
,"/Users/43100/Documents/GitHub/qpp-measures-data/scripts/measures/lib/errors.ts": {"path":"/Users/43100/Documents/GitHub/qpp-measures-data/scripts/measures/lib/errors.ts","statementMap":{"0":{"start":{"line":4,"column":8},"end":{"line":4,"column":16}},"1":{"start":{"line":5,"column":8},"end":{"line":5,"column":69}},"2":{"start":{"line":2,"column":0},"end":{"line":2,"column":13}},"3":{"start":{"line":10,"column":8},"end":{"line":10,"column":16}},"4":{"start":{"line":11,"column":8},"end":{"line":11,"column":51}},"5":{"start":{"line":8,"column":0},"end":{"line":8,"column":13}}},"fnMap":{"0":{"name":"(anonymous_0)","decl":{"start":{"line":3,"column":4},"end":{"line":3,"column":16}},"loc":{"start":{"line":3,"column":44},"end":{"line":6,"column":5}}},"1":{"name":"(anonymous_1)","decl":{"start":{"line":9,"column":4},"end":{"line":9,"column":16}},"loc":{"start":{"line":9,"column":49},"end":{"line":12,"column":5}}}},"branchMap":{},"s":{"0":0,"1":0,"2":2,"3":9,"4":9,"5":2},"f":{"0":0,"1":9},"b":{}}
,"/Users/43100/Documents/GitHub/qpp-measures-data/scripts/measures/lib/validate-change-requests.ts": {"path":"/Users/43100/Documents/GitHub/qpp-measures-data/scripts/measures/lib/validate-change-requests.ts","statementMap":{"0":{"start":{"line":1,"column":0},"end":{"line":1,"column":45}},"1":{"start":{"line":2,"column":0},"end":{"line":2,"column":42}},"2":{"start":{"line":3,"column":12},"end":{"line":3,"column":21}},"3":{"start":{"line":11,"column":0},"end":{"line":11,"column":null}},"4":{"start":{"line":12,"column":4},"end":{"line":12,"column":null}},"5":{"start":{"line":13,"column":4},"end":{"line":13,"column":null}},"6":{"start":{"line":14,"column":4},"end":{"line":14,"column":null}},"7":{"start":{"line":15,"column":4},"end":{"line":15,"column":null}},"8":{"start":{"line":16,"column":4},"end":{"line":16,"column":null}},"9":{"start":{"line":86,"column":39},"end":{"line":93,"column":null}},"10":{"start":{"line":95,"column":36},"end":{"line":114,"column":2}},"11":{"start":{"line":116,"column":34},"end":{"line":128,"column":2}},"12":{"start":{"line":130,"column":63},"end":{"line":139,"column":39}},"13":{"start":{"line":141,"column":63},"end":{"line":156,"column":39}},"14":{"start":{"line":158,"column":67},"end":{"line":168,"column":41}},"15":{"start":{"line":170,"column":73},"end":{"line":178,"column":44}},"16":{"start":{"line":180,"column":67},"end":{"line":188,"column":41}},"17":{"start":{"line":191,"column":4},"end":{"line":191,"column":null}},"18":{"start":{"line":190,"column":0},"end":{"line":190,"column":16}},"19":{"start":{"line":196,"column":4},"end":{"line":216,"column":null}},"20":{"start":{"line":197,"column":8},"end":{"line":213,"column":null}},"21":{"start":{"line":199,"column":16},"end":{"line":202,"column":18}},"22":{"start":{"line":204,"column":16},"end":{"line":207,"column":18}},"23":{"start":{"line":209,"column":16},"end":{"line":212,"column":18}},"24":{"start":{"line":215,"column":8},"end":{"line":215,"column":22}},"25":{"start":{"line":220,"column":4},"end":{"line":231,"column":null}},"26":{"start":{"line":222,"column":12},"end":{"line":222,"column":67}},"27":{"start":{"line":224,"column":12},"end":{"line":224,"column":67}},"28":{"start":{"line":226,"column":12},"end":{"line":226,"column":69}},"29":{"start":{"line":228,"column":12},"end":{"line":228,"column":65}},"30":{"start":{"line":230,"column":12},"end":{"line":230,"column":62}}},"fnMap":{"0":{"name":"(anonymous_7)","decl":{"start":{"line":11,"column":0},"end":{"line":11,"column":12}},"loc":{"start":{"line":11,"column":23},"end":{"line":17,"column":1}}},"1":{"name":"initValidation","decl":{"start":{"line":190,"column":16},"end":{"line":190,"column":30}},"loc":{"start":{"line":190,"column":79},"end":{"line":192,"column":1}}},"2":{"name":"createSchema","decl":{"start":{"line":194,"column":9},"end":{"line":194,"column":21}},"loc":{"start":{"line":194,"column":56},"end":{"line":217,"column":1}}},"3":{"name":"getSchema","decl":{"start":{"line":219,"column":9},"end":{"line":219,"column":18}},"loc":{"start":{"line":219,"column":59},"end":{"line":232,"column":1}}}},"branchMap":{"0":{"loc":{"start":{"line":11,"column":12},"end":{"line":11,"column":23}},"type":"binary-expr","locations":[{"start":{"line":11,"column":12},"end":{"line":11,"column":23}},{"start":{"line":11,"column":12},"end":{"line":11,"column":null}}]},"1":{"loc":{"start":{"line":190,"column":74},"end":{"line":190,"column":79}},"type":"default-arg","locations":[{"start":{"line":190,"column":74},"end":{"line":190,"column":79}}]},"2":{"loc":{"start":{"line":196,"column":4},"end":{"line":216,"column":null}},"type":"if","locations":[{"start":{"line":196,"column":4},"end":{"line":216,"column":null}},{"start":{"line":214,"column":11},"end":{"line":216,"column":null}}]},"3":{"loc":{"start":{"line":198,"column":12},"end":{"line":202,"column":18}},"type":"switch","locations":[{"start":{"line":198,"column":12},"end":{"line":202,"column":18}},{"start":{"line":203,"column":12},"end":{"line":207,"column":18}},{"start":{"line":208,"column":12},"end":{"line":212,"column":18}}]},"4":{"loc":{"start":{"line":221,"column":8},"end":{"line":222,"column":67}},"type":"switch","locations":[{"start":{"line":221,"column":8},"end":{"line":222,"column":67}},{"start":{"line":223,"column":8},"end":{"line":224,"column":67}},{"start":{"line":225,"column":8},"end":{"line":226,"column":69}},{"start":{"line":227,"column":8},"end":{"line":228,"column":65}},{"start":{"line":229,"column":8},"end":{"line":230,"column":62}}]}},"s":{"0":2,"1":2,"2":2,"3":2,"4":2,"5":2,"6":2,"7":2,"8":2,"9":2,"10":2,"11":2,"12":2,"13":2,"14":2,"15":2,"16":2,"17":10,"18":2,"19":10,"20":0,"21":0,"22":0,"23":0,"24":10,"25":10,"26":1,"27":0,"28":0,"29":8,"30":1},"f":{"0":2,"1":10,"2":10,"3":10},"b":{"0":[2,2],"1":[0],"2":[0,10],"3":[0,0,0],"4":[1,0,0,8,1]}}
}
