{"/Users/43100/Documents/GitHub/qpp-measures-data/scripts/constants.ts": {"path":"/Users/43100/Documents/GitHub/qpp-measures-data/scripts/constants.ts","statementMap":{"0":{"start":{"line":2,"column":13},"end":{"line":9,"column":null}},"1":{"start":{"line":11,"column":13},"end":{"line":15,"column":2}},"2":{"start":{"line":17,"column":13},"end":{"line":25,"column":2}},"3":{"start":{"line":27,"column":13},"end":{"line":51,"column":2}},"4":{"start":{"line":53,"column":13},"end":{"line":63,"column":null}},"5":{"start":{"line":65,"column":13},"end":{"line":71,"column":null}},"6":{"start":{"line":73,"column":13},"end":{"line":79,"column":null}},"7":{"start":{"line":81,"column":13},"end":{"line":85,"column":null}},"8":{"start":{"line":87,"column":13},"end":{"line":92,"column":null}},"9":{"start":{"line":95,"column":13},"end":{"line":103,"column":null}},"10":{"start":{"line":105,"column":13},"end":{"line":109,"column":null}},"11":{"start":{"line":111,"column":13},"end":{"line":119,"column":2}},"12":{"start":{"line":121,"column":13},"end":{"line":169,"column":2}},"13":{"start":{"line":171,"column":13},"end":{"line":174,"column":2}},"14":{"start":{"line":176,"column":13},"end":{"line":179,"column":2}},"15":{"start":{"line":181,"column":13},"end":{"line":193,"column":2}}},"fnMap":{},"branchMap":{},"s":{"0":3,"1":3,"2":3,"3":3,"4":3,"5":3,"6":3,"7":3,"8":3,"9":3,"10":3,"11":3,"12":3,"13":3,"14":3,"15":3},"f":{},"b":{}}
,"/Users/43100/Documents/GitHub/qpp-measures-data/scripts/logger.ts": {"path":"/Users/43100/Documents/GitHub/qpp-measures-data/scripts/logger.ts","statementMap":{"0":{"start":{"line":2,"column":4},"end":{"line":5,"column":6}},"1":{"start":{"line":1,"column":0},"end":{"line":1,"column":16}},"2":{"start":{"line":9,"column":4},"end":{"line":12,"column":6}},"3":{"start":{"line":8,"column":0},"end":{"line":8,"column":16}},"4":{"start":{"line":16,"column":4},"end":{"line":19,"column":6}},"5":{"start":{"line":15,"column":0},"end":{"line":15,"column":16}}},"fnMap":{"0":{"name":"info","decl":{"start":{"line":1,"column":16},"end":{"line":1,"column":20}},"loc":{"start":{"line":1,"column":36},"end":{"line":6,"column":1}}},"1":{"name":"warning","decl":{"start":{"line":8,"column":16},"end":{"line":8,"column":23}},"loc":{"start":{"line":8,"column":39},"end":{"line":13,"column":1}}},"2":{"name":"error","decl":{"start":{"line":15,"column":16},"end":{"line":15,"column":21}},"loc":{"start":{"line":15,"column":37},"end":{"line":20,"column":1}}}},"branchMap":{},"s":{"0":12,"1":3,"2":1,"3":3,"4":1,"5":3},"f":{"0":12,"1":1,"2":1},"b":{}}
,"/Users/43100/Documents/GitHub/qpp-measures-data/scripts/measures/2023/update-measures-util.ts": {"path":"/Users/43100/Documents/GitHub/qpp-measures-data/scripts/measures/2023/update-measures-util.ts","statementMap":{"0":{"start":{"line":11,"column":0},"end":{"line":11,"column":23}},"1":{"start":{"line":12,"column":0},"end":{"line":12,"column":20}},"2":{"start":{"line":13,"column":0},"end":{"line":13,"column":24}},"3":{"start":{"line":14,"column":0},"end":{"line":14,"column":36}},"4":{"start":{"line":16,"column":0},"end":{"line":16,"column":52}},"5":{"start":{"line":17,"column":0},"end":{"line":17,"column":94}},"6":{"start":{"line":18,"column":0},"end":{"line":18,"column":61}},"7":{"start":{"line":19,"column":0},"end":{"line":19,"column":52}},"8":{"start":{"line":20,"column":0},"end":{"line":20,"column":null}},"9":{"start":{"line":32,"column":16},"end":{"line":32,"column":93}},"10":{"start":{"line":33,"column":4},"end":{"line":100,"column":null}},"11":{"start":{"line":34,"column":27},"end":{"line":34,"column":48}},"12":{"start":{"line":36,"column":8},"end":{"line":88,"column":null}},"13":{"start":{"line":36,"column":21},"end":{"line":36,"column":22}},"14":{"start":{"line":37,"column":27},"end":{"line":37,"column":58}},"15":{"start":{"line":39,"column":12},"end":{"line":87,"column":null}},"16":{"start":{"line":40,"column":16},"end":{"line":40,"column":81}},"17":{"start":{"line":42,"column":30},"end":{"line":42,"column":74}},"18":{"start":{"line":44,"column":33},"end":{"line":44,"column":84}},"19":{"start":{"line":46,"column":16},"end":{"line":62,"column":null}},"20":{"start":{"line":47,"column":20},"end":{"line":49,"column":22}},"21":{"start":{"line":47,"column":53},"end":{"line":49,"column":22}},"22":{"start":{"line":50,"column":20},"end":{"line":52,"column":22}},"23":{"start":{"line":50,"column":58},"end":{"line":52,"column":22}},"24":{"start":{"line":53,"column":20},"end":{"line":55,"column":22}},"25":{"start":{"line":53,"column":43},"end":{"line":55,"column":22}},"26":{"start":{"line":56,"column":20},"end":{"line":58,"column":22}},"27":{"start":{"line":56,"column":49},"end":{"line":58,"column":22}},"28":{"start":{"line":59,"column":20},"end":{"line":61,"column":null}},"29":{"start":{"line":60,"column":24},"end":{"line":60,"column":131}},"30":{"start":{"line":64,"column":16},"end":{"line":66,"column":null}},"31":{"start":{"line":65,"column":20},"end":{"line":65,"column":138}},"32":{"start":{"line":67,"column":16},"end":{"line":69,"column":null}},"33":{"start":{"line":68,"column":20},"end":{"line":68,"column":97}},"34":{"start":{"line":70,"column":16},"end":{"line":72,"column":null}},"35":{"start":{"line":71,"column":20},"end":{"line":71,"column":125}},"36":{"start":{"line":74,"column":16},"end":{"line":86,"column":null}},"37":{"start":{"line":75,"column":20},"end":{"line":75,"column":74}},"38":{"start":{"line":76,"column":23},"end":{"line":86,"column":null}},"39":{"start":{"line":77,"column":20},"end":{"line":82,"column":null}},"40":{"start":{"line":78,"column":24},"end":{"line":78,"column":65}},"41":{"start":{"line":79,"column":24},"end":{"line":79,"column":73}},"42":{"start":{"line":81,"column":24},"end":{"line":81,"column":68}},"43":{"start":{"line":84,"column":20},"end":{"line":84,"column":49}},"44":{"start":{"line":85,"column":20},"end":{"line":85,"column":106}},"45":{"start":{"line":90,"column":8},"end":{"line":90,"column":55}},"46":{"start":{"line":91,"column":8},"end":{"line":91,"column":95}},"47":{"start":{"line":94,"column":8},"end":{"line":99,"column":null}},"48":{"start":{"line":95,"column":12},"end":{"line":95,"column":34}},"49":{"start":{"line":26,"column":0},"end":{"line":26,"column":16}},"50":{"start":{"line":104,"column":22},"end":{"line":105,"column":null}},"51":{"start":{"line":107,"column":4},"end":{"line":107,"column":29}},"52":{"start":{"line":109,"column":4},"end":{"line":109,"column":62}},"53":{"start":{"line":103,"column":0},"end":{"line":103,"column":16}},"54":{"start":{"line":113,"column":25},"end":{"line":113,"column":65}},"55":{"start":{"line":114,"column":4},"end":{"line":119,"column":null}},"56":{"start":{"line":115,"column":8},"end":{"line":115,"column":45}},"57":{"start":{"line":116,"column":8},"end":{"line":116,"column":48}},"58":{"start":{"line":118,"column":8},"end":{"line":118,"column":71}},"59":{"start":{"line":112,"column":0},"end":{"line":112,"column":16}},"60":{"start":{"line":123,"column":4},"end":{"line":133,"column":null}},"61":{"start":{"line":123,"column":17},"end":{"line":123,"column":18}},"62":{"start":{"line":124,"column":8},"end":{"line":132,"column":null}},"63":{"start":{"line":125,"column":12},"end":{"line":130,"column":14}},"64":{"start":{"line":131,"column":12},"end":{"line":131,"column":18}},"65":{"start":{"line":122,"column":0},"end":{"line":122,"column":16}},"66":{"start":{"line":137,"column":18},"end":{"line":137,"column":68}},"67":{"start":{"line":138,"column":4},"end":{"line":169,"column":null}},"68":{"start":{"line":140,"column":12},"end":{"line":143,"column":15}},"69":{"start":{"line":144,"column":12},"end":{"line":144,"column":18}},"70":{"start":{"line":147,"column":12},"end":{"line":150,"column":15}},"71":{"start":{"line":151,"column":12},"end":{"line":151,"column":18}},"72":{"start":{"line":154,"column":12},"end":{"line":158,"column":15}},"73":{"start":{"line":159,"column":12},"end":{"line":159,"column":18}},"74":{"start":{"line":162,"column":12},"end":{"line":167,"column":15}},"75":{"start":{"line":168,"column":12},"end":{"line":168,"column":18}},"76":{"start":{"line":136,"column":0},"end":{"line":136,"column":16}},"77":{"start":{"line":174,"column":27},"end":{"line":174,"column":82}},"78":{"start":{"line":176,"column":31},"end":{"line":176,"column":97}},"79":{"start":{"line":179,"column":4},"end":{"line":181,"column":null}},"80":{"start":{"line":180,"column":8},"end":{"line":180,"column":21}},"81":{"start":{"line":182,"column":4},"end":{"line":182,"column":16}},"82":{"start":{"line":186,"column":27},"end":{"line":186,"column":82}},"83":{"start":{"line":188,"column":25},"end":{"line":188,"column":94}},"84":{"start":{"line":189,"column":35},"end":{"line":189,"column":113}},"85":{"start":{"line":191,"column":4},"end":{"line":193,"column":null}},"86":{"start":{"line":192,"column":8},"end":{"line":192,"column":21}},"87":{"start":{"line":194,"column":4},"end":{"line":194,"column":16}},"88":{"start":{"line":198,"column":4},"end":{"line":198,"column":87}},"89":{"start":{"line":197,"column":0},"end":{"line":197,"column":16}},"90":{"start":{"line":202,"column":4},"end":{"line":205,"column":6}},"91":{"start":{"line":210,"column":20},"end":{"line":210,"column":68}},"92":{"start":{"line":211,"column":4},"end":{"line":211,"column":20}},"93":{"start":{"line":215,"column":24},"end":{"line":215,"column":25}},"94":{"start":{"line":216,"column":4},"end":{"line":236,"column":null}},"95":{"start":{"line":216,"column":17},"end":{"line":216,"column":18}},"96":{"start":{"line":217,"column":8},"end":{"line":235,"column":null}},"97":{"start":{"line":218,"column":12},"end":{"line":227,"column":null}},"98":{"start":{"line":219,"column":16},"end":{"line":219,"column":26}},"99":{"start":{"line":221,"column":17},"end":{"line":227,"column":null}},"100":{"start":{"line":226,"column":16},"end":{"line":226,"column":26}},"101":{"start":{"line":229,"column":13},"end":{"line":235,"column":null}},"102":{"start":{"line":234,"column":12},"end":{"line":234,"column":22}},"103":{"start":{"line":237,"column":4},"end":{"line":237,"column":17}}},"fnMap":{"0":{"name":"updateMeasuresWithChangeFile","decl":{"start":{"line":26,"column":16},"end":{"line":26,"column":44}},"loc":{"start":{"line":30,"column":21},"end":{"line":101,"column":1}}},"1":{"name":"updateChangeLog","decl":{"start":{"line":103,"column":16},"end":{"line":103,"column":31}},"loc":{"start":{"line":103,"column":69},"end":{"line":110,"column":1}}},"2":{"name":"deleteMeasure","decl":{"start":{"line":112,"column":16},"end":{"line":112,"column":29}},"loc":{"start":{"line":112,"column":66},"end":{"line":120,"column":1}}},"3":{"name":"updateMeasure","decl":{"start":{"line":122,"column":16},"end":{"line":122,"column":29}},"loc":{"start":{"line":122,"column":71},"end":{"line":134,"column":1}}},"4":{"name":"addMeasure","decl":{"start":{"line":136,"column":16},"end":{"line":136,"column":26}},"loc":{"start":{"line":136,"column":68},"end":{"line":171,"column":1}}},"5":{"name":"isValidECQM","decl":{"start":{"line":173,"column":9},"end":{"line":173,"column":20}},"loc":{"start":{"line":173,"column":62},"end":{"line":183,"column":1}}},"6":{"name":"isOutcomeHighPriority","decl":{"start":{"line":185,"column":9},"end":{"line":185,"column":30}},"loc":{"start":{"line":185,"column":72},"end":{"line":195,"column":1}}},"7":{"name":"writeToFile","decl":{"start":{"line":197,"column":16},"end":{"line":197,"column":27}},"loc":{"start":{"line":197,"column":55},"end":{"line":199,"column":1}}},"8":{"name":"updateBenchmarksMetaData","decl":{"start":{"line":201,"column":9},"end":{"line":201,"column":33}},"loc":{"start":{"line":201,"column":56},"end":{"line":207,"column":1}}},"9":{"name":"isNewMeasure","decl":{"start":{"line":209,"column":9},"end":{"line":209,"column":21}},"loc":{"start":{"line":209,"column":58},"end":{"line":212,"column":1}}},"10":{"name":"findFinalInCategory","decl":{"start":{"line":214,"column":9},"end":{"line":214,"column":28}},"loc":{"start":{"line":214,"column":64},"end":{"line":238,"column":1}}}},"branchMap":{"0":{"loc":{"start":{"line":39,"column":12},"end":{"line":87,"column":null}},"type":"if","locations":[{"start":{"line":39,"column":12},"end":{"line":87,"column":null}},{"start":{"line":41,"column":19},"end":{"line":87,"column":null}}]},"1":{"loc":{"start":{"line":46,"column":16},"end":{"line":62,"column":null}},"type":"if","locations":[{"start":{"line":46,"column":16},"end":{"line":62,"column":null}}]},"2":{"loc":{"start":{"line":47,"column":20},"end":{"line":49,"column":22}},"type":"if","locations":[{"start":{"line":47,"column":20},"end":{"line":49,"column":22}}]},"3":{"loc":{"start":{"line":50,"column":20},"end":{"line":52,"column":22}},"type":"if","locations":[{"start":{"line":50,"column":20},"end":{"line":52,"column":22}}]},"4":{"loc":{"start":{"line":53,"column":20},"end":{"line":55,"column":22}},"type":"if","locations":[{"start":{"line":53,"column":20},"end":{"line":55,"column":22}}]},"5":{"loc":{"start":{"line":56,"column":20},"end":{"line":58,"column":22}},"type":"if","locations":[{"start":{"line":56,"column":20},"end":{"line":58,"column":22}}]},"6":{"loc":{"start":{"line":59,"column":20},"end":{"line":61,"column":null}},"type":"if","locations":[{"start":{"line":59,"column":20},"end":{"line":61,"column":null}}]},"7":{"loc":{"start":{"line":64,"column":16},"end":{"line":66,"column":null}},"type":"if","locations":[{"start":{"line":64,"column":16},"end":{"line":66,"column":null}}]},"8":{"loc":{"start":{"line":67,"column":16},"end":{"line":69,"column":null}},"type":"if","locations":[{"start":{"line":67,"column":16},"end":{"line":69,"column":null}}]},"9":{"loc":{"start":{"line":67,"column":20},"end":{"line":67,"column":38}},"type":"binary-expr","locations":[{"start":{"line":67,"column":20},"end":{"line":67,"column":38}},{"start":{"line":67,"column":42},"end":{"line":67,"column":81}}]},"10":{"loc":{"start":{"line":70,"column":16},"end":{"line":72,"column":null}},"type":"if","locations":[{"start":{"line":70,"column":16},"end":{"line":72,"column":null}}]},"11":{"loc":{"start":{"line":70,"column":20},"end":{"line":70,"column":25}},"type":"binary-expr","locations":[{"start":{"line":70,"column":20},"end":{"line":70,"column":25}},{"start":{"line":70,"column":29},"end":{"line":70,"column":79}},{"start":{"line":70,"column":83},"end":{"line":70,"column":107}}]},"12":{"loc":{"start":{"line":74,"column":16},"end":{"line":86,"column":null}},"type":"if","locations":[{"start":{"line":74,"column":16},"end":{"line":86,"column":null}},{"start":{"line":76,"column":23},"end":{"line":86,"column":null}}]},"13":{"loc":{"start":{"line":76,"column":23},"end":{"line":86,"column":null}},"type":"if","locations":[{"start":{"line":76,"column":23},"end":{"line":86,"column":null}},{"start":{"line":83,"column":23},"end":{"line":86,"column":null}}]},"14":{"loc":{"start":{"line":77,"column":20},"end":{"line":82,"column":null}},"type":"if","locations":[{"start":{"line":77,"column":20},"end":{"line":82,"column":null}},{"start":{"line":80,"column":27},"end":{"line":82,"column":null}}]},"15":{"loc":{"start":{"line":94,"column":8},"end":{"line":99,"column":null}},"type":"if","locations":[{"start":{"line":94,"column":8},"end":{"line":99,"column":null}},{"start":{"line":96,"column":15},"end":{"line":99,"column":null}}]},"16":{"loc":{"start":{"line":114,"column":4},"end":{"line":119,"column":null}},"type":"if","locations":[{"start":{"line":114,"column":4},"end":{"line":119,"column":null}},{"start":{"line":117,"column":11},"end":{"line":119,"column":null}}]},"17":{"loc":{"start":{"line":124,"column":8},"end":{"line":132,"column":null}},"type":"if","locations":[{"start":{"line":124,"column":8},"end":{"line":132,"column":null}}]},"18":{"loc":{"start":{"line":129,"column":55},"end":{"line":129,"column":64}},"type":"cond-expr","locations":[{"start":{"line":129,"column":55},"end":{"line":129,"column":64}},{"start":{"line":129,"column":67},"end":{"line":129,"column":82}}]},"19":{"loc":{"start":{"line":139,"column":8},"end":{"line":144,"column":18}},"type":"switch","locations":[{"start":{"line":139,"column":8},"end":{"line":144,"column":18}},{"start":{"line":146,"column":8},"end":{"line":151,"column":18}},{"start":{"line":153,"column":8},"end":{"line":159,"column":18}},{"start":{"line":161,"column":8},"end":{"line":168,"column":18}}]},"20":{"loc":{"start":{"line":176,"column":51},"end":{"line":176,"column":68}},"type":"cond-expr","locations":[{"start":{"line":176,"column":51},"end":{"line":176,"column":68}},{"start":{"line":176,"column":71},"end":{"line":176,"column":97}}]},"21":{"loc":{"start":{"line":179,"column":4},"end":{"line":181,"column":null}},"type":"if","locations":[{"start":{"line":179,"column":4},"end":{"line":181,"column":null}}]},"22":{"loc":{"start":{"line":179,"column":8},"end":{"line":179,"column":68}},"type":"binary-expr","locations":[{"start":{"line":179,"column":8},"end":{"line":179,"column":68}},{"start":{"line":179,"column":72},"end":{"line":179,"column":83}}]},"23":{"loc":{"start":{"line":188,"column":46},"end":{"line":188,"column":64}},"type":"cond-expr","locations":[{"start":{"line":188,"column":46},"end":{"line":188,"column":64}},{"start":{"line":188,"column":67},"end":{"line":188,"column":94}}]},"24":{"loc":{"start":{"line":189,"column":59},"end":{"line":189,"column":80}},"type":"cond-expr","locations":[{"start":{"line":189,"column":59},"end":{"line":189,"column":80}},{"start":{"line":189,"column":83},"end":{"line":189,"column":113}}]},"25":{"loc":{"start":{"line":191,"column":4},"end":{"line":193,"column":null}},"type":"if","locations":[{"start":{"line":191,"column":4},"end":{"line":193,"column":null}}]},"26":{"loc":{"start":{"line":191,"column":8},"end":{"line":191,"column":32}},"type":"binary-expr","locations":[{"start":{"line":191,"column":8},"end":{"line":191,"column":32}},{"start":{"line":191,"column":36},"end":{"line":191,"column":51}}]},"27":{"loc":{"start":{"line":203,"column":44},"end":{"line":203,"column":71}},"type":"cond-expr","locations":[{"start":{"line":203,"column":44},"end":{"line":203,"column":71}},{"start":{"line":203,"column":74},"end":{"line":203,"column":79}}]},"28":{"loc":{"start":{"line":204,"column":70},"end":{"line":204,"column":110}},"type":"cond-expr","locations":[{"start":{"line":204,"column":70},"end":{"line":204,"column":110}},{"start":{"line":204,"column":113},"end":{"line":204,"column":118}}]},"29":{"loc":{"start":{"line":217,"column":8},"end":{"line":235,"column":null}},"type":"if","locations":[{"start":{"line":217,"column":8},"end":{"line":235,"column":null}},{"start":{"line":229,"column":13},"end":{"line":235,"column":null}}]},"30":{"loc":{"start":{"line":218,"column":12},"end":{"line":227,"column":null}},"type":"if","locations":[{"start":{"line":218,"column":12},"end":{"line":227,"column":null}},{"start":{"line":221,"column":17},"end":{"line":227,"column":null}}]},"31":{"loc":{"start":{"line":221,"column":17},"end":{"line":227,"column":null}},"type":"if","locations":[{"start":{"line":221,"column":17},"end":{"line":227,"column":null}}]},"32":{"loc":{"start":{"line":222,"column":20},"end":{"line":222,"column":42}},"type":"binary-expr","locations":[{"start":{"line":222,"column":20},"end":{"line":222,"column":42}},{"start":{"line":223,"column":20},"end":{"line":223,"column":54}},{"start":{"line":224,"column":20},"end":{"line":224,"column":80}}]},"33":{"loc":{"start":{"line":229,"column":13},"end":{"line":235,"column":null}},"type":"if","locations":[{"start":{"line":229,"column":13},"end":{"line":235,"column":null}}]},"34":{"loc":{"start":{"line":230,"column":16},"end":{"line":230,"column":35}},"type":"binary-expr","locations":[{"start":{"line":230,"column":16},"end":{"line":230,"column":35}},{"start":{"line":231,"column":16},"end":{"line":231,"column":54}},{"start":{"line":232,"column":16},"end":{"line":232,"column":50}}]}},"s":{"0":2,"1":2,"2":2,"3":2,"4":2,"5":2,"6":2,"7":2,"8":2,"9":16,"10":16,"11":16,"12":16,"13":16,"14":16,"15":16,"16":1,"17":15,"18":15,"19":15,"20":10,"21":1,"22":10,"23":1,"24":10,"25":2,"26":10,"27":1,"28":10,"29":1,"30":14,"31":1,"32":13,"33":1,"34":12,"35":1,"36":11,"37":1,"38":10,"39":8,"40":4,"41":4,"42":4,"43":2,"44":2,"45":9,"46":9,"47":7,"48":7,"49":2,"50":1,"51":1,"52":1,"53":2,"54":3,"55":3,"56":2,"57":2,"58":1,"59":2,"60":5,"61":5,"62":836,"63":5,"64":5,"65":2,"66":8,"67":8,"68":2,"69":2,"70":2,"71":2,"72":2,"73":2,"74":2,"75":2,"76":2,"77":10,"78":10,"79":10,"80":1,"81":9,"82":14,"83":14,"84":14,"85":14,"86":1,"87":13,"88":1,"89":2,"90":5,"91":15,"92":15,"93":8,"94":8,"95":8,"96":5384,"97":1296,"98":264,"99":1032,"100":392,"101":4088,"102":420,"103":8},"f":{"0":16,"1":1,"2":3,"3":5,"4":8,"5":10,"6":14,"7":1,"8":5,"9":15,"10":8},"b":{"0":[1,15],"1":[10],"2":[1],"3":[1],"4":[2],"5":[1],"6":[1],"7":[1],"8":[1],"9":[13,2],"10":[1],"11":[12,5,1],"12":[1,10],"13":[8,2],"14":[4,4],"15":[7,0],"16":[2,1],"17":[5],"18":[1,4],"19":[2,2,2,2],"20":[0,10],"21":[1],"22":[10,1],"23":[4,10],"24":[0,14],"25":[1],"26":[14,2],"27":[1,4],"28":[1,4],"29":[1296,4088],"30":[264,1032],"31":[392],"32":[1032,1032,420],"33":[420],"34":[4088,1346,1032]}}
,"/Users/43100/Documents/GitHub/qpp-measures-data/scripts/measures/2023/update-measures.ts": {"path":"/Users/43100/Documents/GitHub/qpp-measures-data/scripts/measures/2023/update-measures.ts","statementMap":{"0":{"start":{"line":2,"column":0},"end":{"line":2,"column":20}},"1":{"start":{"line":3,"column":0},"end":{"line":3,"column":24}},"2":{"start":{"line":4,"column":0},"end":{"line":4,"column":36}},"3":{"start":{"line":6,"column":0},"end":{"line":6,"column":36}},"4":{"start":{"line":7,"column":0},"end":{"line":7,"column":83}},"5":{"start":{"line":10,"column":24},"end":{"line":10,"column":62}},"6":{"start":{"line":11,"column":25},"end":{"line":11,"column":73}},"7":{"start":{"line":12,"column":4},"end":{"line":12,"column":29}},"8":{"start":{"line":15,"column":22},"end":{"line":16,"column":null}},"9":{"start":{"line":19,"column":32},"end":{"line":20,"column":null}},"10":{"start":{"line":24,"column":30},"end":{"line":24,"column":31}},"11":{"start":{"line":26,"column":22},"end":{"line":26,"column":74}},"12":{"start":{"line":28,"column":4},"end":{"line":36,"column":7}},"13":{"start":{"line":29,"column":8},"end":{"line":35,"column":null}},"14":{"start":{"line":31,"column":12},"end":{"line":34,"column":null}},"15":{"start":{"line":32,"column":16},"end":{"line":32,"column":38}},"16":{"start":{"line":33,"column":16},"end":{"line":33,"column":99}},"17":{"start":{"line":38,"column":4},"end":{"line":42,"column":null}},"18":{"start":{"line":39,"column":8},"end":{"line":39,"column":48}},"19":{"start":{"line":41,"column":8},"end":{"line":41,"column":43}},"20":{"start":{"line":9,"column":0},"end":{"line":9,"column":16}}},"fnMap":{"0":{"name":"updateMeasures","decl":{"start":{"line":9,"column":16},"end":{"line":9,"column":30}},"loc":{"start":{"line":9,"column":54},"end":{"line":43,"column":1}}},"1":{"name":"(anonymous_2)","decl":{"start":{"line":28,"column":22},"end":{"line":28,"column":30}},"loc":{"start":{"line":28,"column":33},"end":{"line":36,"column":5}}}},"branchMap":{"0":{"loc":{"start":{"line":29,"column":8},"end":{"line":35,"column":null}},"type":"if","locations":[{"start":{"line":29,"column":8},"end":{"line":35,"column":null}}]},"1":{"loc":{"start":{"line":31,"column":12},"end":{"line":34,"column":null}},"type":"if","locations":[{"start":{"line":31,"column":12},"end":{"line":34,"column":null}}]},"2":{"loc":{"start":{"line":38,"column":4},"end":{"line":42,"column":null}},"type":"if","locations":[{"start":{"line":38,"column":4},"end":{"line":42,"column":null}},{"start":{"line":40,"column":11},"end":{"line":42,"column":null}}]}},"s":{"0":1,"1":1,"2":1,"3":1,"4":1,"5":3,"6":3,"7":3,"8":3,"9":3,"10":3,"11":3,"12":3,"13":9,"14":6,"15":2,"16":2,"17":3,"18":1,"19":2,"20":1},"f":{"0":3,"1":9},"b":{"0":[6],"1":[2],"2":[1,2]}}
,"/Users/43100/Documents/GitHub/qpp-measures-data/scripts/measures/lib/csv-json-converter.ts": {"path":"/Users/43100/Documents/GitHub/qpp-measures-data/scripts/measures/lib/csv-json-converter.ts","statementMap":{"0":{"start":{"line":7,"column":0},"end":{"line":7,"column":23}},"1":{"start":{"line":8,"column":0},"end":{"line":8,"column":39}},"2":{"start":{"line":10,"column":0},"end":{"line":10,"column":39}},"3":{"start":{"line":11,"column":0},"end":{"line":11,"column":null}},"4":{"start":{"line":24,"column":0},"end":{"line":24,"column":45}},"5":{"start":{"line":28,"column":22},"end":{"line":28,"column":51}},"6":{"start":{"line":30,"column":4},"end":{"line":56,"column":7}},"7":{"start":{"line":31,"column":24},"end":{"line":31,"column":26}},"8":{"start":{"line":32,"column":8},"end":{"line":32,"column":63}},"9":{"start":{"line":34,"column":8},"end":{"line":47,"column":null}},"10":{"start":{"line":36,"column":16},"end":{"line":36,"column":53}},"11":{"start":{"line":37,"column":16},"end":{"line":37,"column":22}},"12":{"start":{"line":39,"column":16},"end":{"line":39,"column":53}},"13":{"start":{"line":40,"column":16},"end":{"line":40,"column":22}},"14":{"start":{"line":42,"column":16},"end":{"line":42,"column":58}},"15":{"start":{"line":43,"column":16},"end":{"line":43,"column":22}},"16":{"start":{"line":45,"column":16},"end":{"line":45,"column":58}},"17":{"start":{"line":46,"column":16},"end":{"line":46,"column":22}},"18":{"start":{"line":49,"column":8},"end":{"line":53,"column":11}},"19":{"start":{"line":50,"column":12},"end":{"line":52,"column":null}},"20":{"start":{"line":51,"column":16},"end":{"line":51,"column":85}},"21":{"start":{"line":55,"column":8},"end":{"line":55,"column":23}},"22":{"start":{"line":26,"column":0},"end":{"line":26,"column":16}},"23":{"start":{"line":61,"column":4},"end":{"line":81,"column":null}},"24":{"start":{"line":63,"column":12},"end":{"line":63,"column":74}},"25":{"start":{"line":66,"column":12},"end":{"line":70,"column":null}},"26":{"start":{"line":67,"column":16},"end":{"line":67,"column":55}},"27":{"start":{"line":68,"column":19},"end":{"line":70,"column":null}},"28":{"start":{"line":69,"column":16},"end":{"line":69,"column":54}},"29":{"start":{"line":71,"column":12},"end":{"line":71,"column":18}},"30":{"start":{"line":73,"column":12},"end":{"line":73,"column":101}},"31":{"start":{"line":73,"column":94},"end":{"line":73,"column":101}},"32":{"start":{"line":74,"column":12},"end":{"line":74,"column":18}},"33":{"start":{"line":76,"column":12},"end":{"line":76,"column":39}},"34":{"start":{"line":78,"column":12},"end":{"line":78,"column":39}},"35":{"start":{"line":80,"column":12},"end":{"line":80,"column":58}},"36":{"start":{"line":84,"column":4},"end":{"line":93,"column":null}},"37":{"start":{"line":86,"column":8},"end":{"line":91,"column":null}},"38":{"start":{"line":87,"column":12},"end":{"line":90,"column":null}},"39":{"start":{"line":88,"column":16},"end":{"line":88,"column":102}},"40":{"start":{"line":89,"column":16},"end":{"line":89,"column":29}},"41":{"start":{"line":92,"column":8},"end":{"line":92,"column":65}},"42":{"start":{"line":96,"column":4},"end":{"line":103,"column":null}},"43":{"start":{"line":97,"column":25},"end":{"line":97,"column":72}},"44":{"start":{"line":99,"column":8},"end":{"line":101,"column":null}},"45":{"start":{"line":100,"column":12},"end":{"line":100,"column":51}},"46":{"start":{"line":102,"column":8},"end":{"line":102,"column":24}},"47":{"start":{"line":105,"column":4},"end":{"line":105,"column":37}},"48":{"start":{"line":109,"column":4},"end":{"line":114,"column":11}},"49":{"start":{"line":110,"column":8},"end":{"line":113,"column":10}},"50":{"start":{"line":119,"column":4},"end":{"line":121,"column":null}},"51":{"start":{"line":120,"column":8},"end":{"line":120,"column":67}},"52":{"start":{"line":122,"column":4},"end":{"line":124,"column":null}},"53":{"start":{"line":123,"column":8},"end":{"line":123,"column":71}},"54":{"start":{"line":125,"column":4},"end":{"line":127,"column":null}},"55":{"start":{"line":126,"column":8},"end":{"line":126,"column":71}},"56":{"start":{"line":128,"column":4},"end":{"line":128,"column":64}},"57":{"start":{"line":128,"column":48},"end":{"line":128,"column":62}},"58":{"start":{"line":132,"column":35},"end":{"line":132,"column":52}},"59":{"start":{"line":134,"column":4},"end":{"line":136,"column":null}},"60":{"start":{"line":134,"column":17},"end":{"line":134,"column":18}},"61":{"start":{"line":135,"column":8},"end":{"line":135,"column":63}},"62":{"start":{"line":138,"column":4},"end":{"line":138,"column":32}},"63":{"start":{"line":143,"column":4},"end":{"line":148,"column":null}},"64":{"start":{"line":144,"column":8},"end":{"line":144,"column":45}},"65":{"start":{"line":147,"column":8},"end":{"line":147,"column":50}},"66":{"start":{"line":153,"column":4},"end":{"line":160,"column":null}},"67":{"start":{"line":155,"column":12},"end":{"line":155,"column":24}},"68":{"start":{"line":157,"column":12},"end":{"line":157,"column":25}},"69":{"start":{"line":159,"column":12},"end":{"line":159,"column":54}}},"fnMap":{"0":{"name":"convertCsvToJson","decl":{"start":{"line":26,"column":16},"end":{"line":26,"column":32}},"loc":{"start":{"line":26,"column":41},"end":{"line":57,"column":1}}},"1":{"name":"(anonymous_2)","decl":{"start":{"line":30,"column":25},"end":{"line":30,"column":26}},"loc":{"start":{"line":30,"column":38},"end":{"line":56,"column":5}}},"2":{"name":"(anonymous_3)","decl":{"start":{"line":49,"column":31},"end":{"line":49,"column":32}},"loc":{"start":{"line":49,"column":62},"end":{"line":53,"column":9}}},"3":{"name":"mapInput","decl":{"start":{"line":59,"column":9},"end":{"line":59,"column":17}},"loc":{"start":{"line":59,"column":67},"end":{"line":106,"column":1}}},"4":{"name":"mapHistoricBenchmarks","decl":{"start":{"line":108,"column":9},"end":{"line":108,"column":30}},"loc":{"start":{"line":108,"column":58},"end":{"line":115,"column":1}}},"5":{"name":"(anonymous_6)","decl":{"start":{"line":109,"column":36},"end":{"line":109,"column":37}},"loc":{"start":{"line":109,"column":50},"end":{"line":114,"column":5}}},"6":{"name":"csvFieldToArray","decl":{"start":{"line":118,"column":9},"end":{"line":118,"column":24}},"loc":{"start":{"line":118,"column":64},"end":{"line":129,"column":1}}},"7":{"name":"(anonymous_8)","decl":{"start":{"line":128,"column":37},"end":{"line":128,"column":44}},"loc":{"start":{"line":128,"column":48},"end":{"line":128,"column":62}}},"8":{"name":"mapArrayItem","decl":{"start":{"line":131,"column":9},"end":{"line":131,"column":21}},"loc":{"start":{"line":131,"column":61},"end":{"line":139,"column":1}}},"9":{"name":"mapItem","decl":{"start":{"line":141,"column":9},"end":{"line":141,"column":16}},"loc":{"start":{"line":141,"column":55},"end":{"line":149,"column":1}}},"10":{"name":"csvFieldToBoolean","decl":{"start":{"line":152,"column":9},"end":{"line":152,"column":26}},"loc":{"start":{"line":152,"column":55},"end":{"line":161,"column":1}}}},"branchMap":{"0":{"loc":{"start":{"line":35,"column":12},"end":{"line":37,"column":22}},"type":"switch","locations":[{"start":{"line":35,"column":12},"end":{"line":37,"column":22}},{"start":{"line":38,"column":12},"end":{"line":40,"column":22}},{"start":{"line":41,"column":12},"end":{"line":43,"column":22}},{"start":{"line":44,"column":12},"end":{"line":46,"column":22}}]},"1":{"loc":{"start":{"line":50,"column":12},"end":{"line":52,"column":null}},"type":"if","locations":[{"start":{"line":50,"column":12},"end":{"line":52,"column":null}}]},"2":{"loc":{"start":{"line":62,"column":8},"end":{"line":63,"column":74}},"type":"switch","locations":[{"start":{"line":62,"column":8},"end":{"line":63,"column":74}},{"start":{"line":65,"column":8},"end":{"line":71,"column":18}},{"start":{"line":72,"column":8},"end":{"line":74,"column":18}},{"start":{"line":75,"column":8},"end":{"line":76,"column":39}},{"start":{"line":77,"column":8},"end":{"line":78,"column":39}},{"start":{"line":79,"column":8},"end":{"line":80,"column":58}}]},"3":{"loc":{"start":{"line":66,"column":12},"end":{"line":70,"column":null}},"type":"if","locations":[{"start":{"line":66,"column":12},"end":{"line":70,"column":null}},{"start":{"line":68,"column":19},"end":{"line":70,"column":null}}]},"4":{"loc":{"start":{"line":66,"column":16},"end":{"line":66,"column":69}},"type":"binary-expr","locations":[{"start":{"line":66,"column":16},"end":{"line":66,"column":69}},{"start":{"line":66,"column":73},"end":{"line":66,"column":113}}]},"5":{"loc":{"start":{"line":68,"column":19},"end":{"line":70,"column":null}},"type":"if","locations":[{"start":{"line":68,"column":19},"end":{"line":70,"column":null}}]},"6":{"loc":{"start":{"line":68,"column":23},"end":{"line":68,"column":75}},"type":"binary-expr","locations":[{"start":{"line":68,"column":23},"end":{"line":68,"column":75}},{"start":{"line":68,"column":79},"end":{"line":68,"column":119}}]},"7":{"loc":{"start":{"line":73,"column":12},"end":{"line":73,"column":101}},"type":"if","locations":[{"start":{"line":73,"column":12},"end":{"line":73,"column":101}}]},"8":{"loc":{"start":{"line":84,"column":4},"end":{"line":93,"column":null}},"type":"if","locations":[{"start":{"line":84,"column":4},"end":{"line":93,"column":null}}]},"9":{"loc":{"start":{"line":86,"column":8},"end":{"line":91,"column":null}},"type":"if","locations":[{"start":{"line":86,"column":8},"end":{"line":91,"column":null}}]},"10":{"loc":{"start":{"line":86,"column":12},"end":{"line":86,"column":66}},"type":"binary-expr","locations":[{"start":{"line":86,"column":12},"end":{"line":86,"column":66}},{"start":{"line":86,"column":70},"end":{"line":86,"column":92}}]},"11":{"loc":{"start":{"line":87,"column":12},"end":{"line":90,"column":null}},"type":"if","locations":[{"start":{"line":87,"column":12},"end":{"line":90,"column":null}}]},"12":{"loc":{"start":{"line":96,"column":4},"end":{"line":103,"column":null}},"type":"if","locations":[{"start":{"line":96,"column":4},"end":{"line":103,"column":null}}]},"13":{"loc":{"start":{"line":99,"column":8},"end":{"line":101,"column":null}},"type":"if","locations":[{"start":{"line":99,"column":8},"end":{"line":101,"column":null}}]},"14":{"loc":{"start":{"line":99,"column":12},"end":{"line":99,"column":20}},"type":"binary-expr","locations":[{"start":{"line":99,"column":12},"end":{"line":99,"column":20}},{"start":{"line":99,"column":24},"end":{"line":99,"column":83}}]},"15":{"loc":{"start":{"line":119,"column":4},"end":{"line":121,"column":null}},"type":"if","locations":[{"start":{"line":119,"column":4},"end":{"line":121,"column":null}}]},"16":{"loc":{"start":{"line":122,"column":4},"end":{"line":124,"column":null}},"type":"if","locations":[{"start":{"line":122,"column":4},"end":{"line":124,"column":null}}]},"17":{"loc":{"start":{"line":125,"column":4},"end":{"line":127,"column":null}},"type":"if","locations":[{"start":{"line":125,"column":4},"end":{"line":127,"column":null}}]},"18":{"loc":{"start":{"line":143,"column":4},"end":{"line":148,"column":null}},"type":"if","locations":[{"start":{"line":143,"column":4},"end":{"line":148,"column":null}},{"start":{"line":146,"column":9},"end":{"line":148,"column":null}}]},"19":{"loc":{"start":{"line":154,"column":8},"end":{"line":155,"column":24}},"type":"switch","locations":[{"start":{"line":154,"column":8},"end":{"line":155,"column":24}},{"start":{"line":156,"column":8},"end":{"line":157,"column":25}},{"start":{"line":158,"column":8},"end":{"line":159,"column":54}}]}},"s":{"0":3,"1":3,"2":3,"3":3,"4":3,"5":6,"6":6,"7":7,"8":7,"9":7,"10":1,"11":1,"12":2,"13":2,"14":1,"15":1,"16":3,"17":3,"18":7,"19":117,"20":104,"21":5,"22":3,"23":104,"24":4,"25":4,"26":1,"27":3,"28":2,"29":1,"30":4,"31":2,"32":2,"33":6,"34":1,"35":1,"36":87,"37":15,"38":1,"39":1,"40":1,"41":14,"42":72,"43":25,"44":24,"45":4,"46":20,"47":47,"48":4,"49":4,"50":25,"51":1,"52":24,"53":3,"54":21,"55":16,"56":5,"57":9,"58":20,"59":20,"60":20,"61":33,"62":19,"63":37,"64":36,"65":1,"66":14,"67":3,"68":10,"69":1},"f":{"0":6,"1":7,"2":117,"3":104,"4":4,"5":4,"6":25,"7":9,"8":20,"9":37,"10":14},"b":{"0":[1,2,1,3],"1":[104],"2":[4,4,4,6,1,1],"3":[1,3],"4":[4,2],"5":[2],"6":[3,2],"7":[2],"8":[15],"9":[1],"10":[15,3],"11":[1],"12":[25],"13":[4],"14":[24,24],"15":[1],"16":[3],"17":[16],"18":[36,1],"19":[3,10,1]}}
,"/Users/43100/Documents/GitHub/qpp-measures-data/scripts/measures/lib/errors.ts": {"path":"/Users/43100/Documents/GitHub/qpp-measures-data/scripts/measures/lib/errors.ts","statementMap":{"0":{"start":{"line":4,"column":8},"end":{"line":4,"column":16}},"1":{"start":{"line":5,"column":8},"end":{"line":5,"column":69}},"2":{"start":{"line":2,"column":0},"end":{"line":2,"column":13}},"3":{"start":{"line":10,"column":8},"end":{"line":10,"column":16}},"4":{"start":{"line":11,"column":8},"end":{"line":11,"column":51}},"5":{"start":{"line":8,"column":0},"end":{"line":8,"column":13}}},"fnMap":{"0":{"name":"(anonymous_0)","decl":{"start":{"line":3,"column":4},"end":{"line":3,"column":16}},"loc":{"start":{"line":3,"column":44},"end":{"line":6,"column":5}}},"1":{"name":"(anonymous_1)","decl":{"start":{"line":9,"column":4},"end":{"line":9,"column":16}},"loc":{"start":{"line":9,"column":49},"end":{"line":12,"column":5}}}},"branchMap":{},"s":{"0":4,"1":4,"2":3,"3":9,"4":9,"5":3},"f":{"0":4,"1":9},"b":{}}
,"/Users/43100/Documents/GitHub/qpp-measures-data/scripts/measures/lib/validate-change-requests.ts": {"path":"/Users/43100/Documents/GitHub/qpp-measures-data/scripts/measures/lib/validate-change-requests.ts","statementMap":{"0":{"start":{"line":1,"column":0},"end":{"line":1,"column":45}},"1":{"start":{"line":2,"column":0},"end":{"line":2,"column":42}},"2":{"start":{"line":3,"column":0},"end":{"line":3,"column":23}},"3":{"start":{"line":4,"column":12},"end":{"line":4,"column":21}},"4":{"start":{"line":12,"column":0},"end":{"line":12,"column":null}},"5":{"start":{"line":13,"column":4},"end":{"line":13,"column":null}},"6":{"start":{"line":14,"column":4},"end":{"line":14,"column":null}},"7":{"start":{"line":15,"column":4},"end":{"line":15,"column":null}},"8":{"start":{"line":16,"column":4},"end":{"line":16,"column":null}},"9":{"start":{"line":73,"column":39},"end":{"line":80,"column":null}},"10":{"start":{"line":82,"column":36},"end":{"line":102,"column":2}},"11":{"start":{"line":104,"column":34},"end":{"line":117,"column":2}},"12":{"start":{"line":119,"column":63},"end":{"line":128,"column":39}},"13":{"start":{"line":130,"column":63},"end":{"line":143,"column":39}},"14":{"start":{"line":145,"column":78},"end":{"line":150,"column":49}},"15":{"start":{"line":152,"column":67},"end":{"line":160,"column":41}},"16":{"start":{"line":163,"column":4},"end":{"line":163,"column":null}},"17":{"start":{"line":162,"column":0},"end":{"line":162,"column":16}},"18":{"start":{"line":168,"column":4},"end":{"line":188,"column":null}},"19":{"start":{"line":169,"column":8},"end":{"line":185,"column":null}},"20":{"start":{"line":171,"column":16},"end":{"line":174,"column":18}},"21":{"start":{"line":176,"column":16},"end":{"line":179,"column":18}},"22":{"start":{"line":181,"column":16},"end":{"line":184,"column":18}},"23":{"start":{"line":183,"column":86},"end":{"line":183,"column":120}},"24":{"start":{"line":187,"column":8},"end":{"line":187,"column":22}},"25":{"start":{"line":192,"column":4},"end":{"line":201,"column":null}},"26":{"start":{"line":194,"column":12},"end":{"line":194,"column":73}},"27":{"start":{"line":196,"column":12},"end":{"line":196,"column":73}},"28":{"start":{"line":198,"column":12},"end":{"line":198,"column":78}},"29":{"start":{"line":200,"column":12},"end":{"line":200,"column":75}}},"fnMap":{"0":{"name":"(anonymous_7)","decl":{"start":{"line":12,"column":0},"end":{"line":12,"column":12}},"loc":{"start":{"line":12,"column":23},"end":{"line":17,"column":1}}},"1":{"name":"initValidation","decl":{"start":{"line":162,"column":16},"end":{"line":162,"column":30}},"loc":{"start":{"line":162,"column":62},"end":{"line":164,"column":1}}},"2":{"name":"createSchema","decl":{"start":{"line":166,"column":9},"end":{"line":166,"column":21}},"loc":{"start":{"line":166,"column":75},"end":{"line":189,"column":1}}},"3":{"name":"(anonymous_10)","decl":{"start":{"line":183,"column":71},"end":{"line":183,"column":72}},"loc":{"start":{"line":183,"column":84},"end":{"line":183,"column":121}}},"4":{"name":"getSchema","decl":{"start":{"line":191,"column":9},"end":{"line":191,"column":18}},"loc":{"start":{"line":191,"column":59},"end":{"line":202,"column":1}}}},"branchMap":{"0":{"loc":{"start":{"line":12,"column":12},"end":{"line":12,"column":23}},"type":"binary-expr","locations":[{"start":{"line":12,"column":12},"end":{"line":12,"column":23}},{"start":{"line":12,"column":12},"end":{"line":12,"column":null}}]},"1":{"loc":{"start":{"line":168,"column":4},"end":{"line":188,"column":null}},"type":"if","locations":[{"start":{"line":168,"column":4},"end":{"line":188,"column":null}},{"start":{"line":186,"column":11},"end":{"line":188,"column":null}}]},"2":{"loc":{"start":{"line":170,"column":12},"end":{"line":174,"column":18}},"type":"switch","locations":[{"start":{"line":170,"column":12},"end":{"line":174,"column":18}},{"start":{"line":175,"column":12},"end":{"line":179,"column":18}},{"start":{"line":180,"column":12},"end":{"line":184,"column":18}}]},"3":{"loc":{"start":{"line":193,"column":8},"end":{"line":194,"column":73}},"type":"switch","locations":[{"start":{"line":193,"column":8},"end":{"line":194,"column":73}},{"start":{"line":195,"column":8},"end":{"line":196,"column":73}},{"start":{"line":197,"column":8},"end":{"line":198,"column":78}},{"start":{"line":199,"column":8},"end":{"line":200,"column":75}}]}},"s":{"0":2,"1":2,"2":2,"3":2,"4":2,"5":2,"6":2,"7":2,"8":2,"9":2,"10":2,"11":2,"12":2,"13":2,"14":2,"15":2,"16":15,"17":2,"18":15,"19":5,"20":2,"21":1,"22":2,"23":20,"24":10,"25":15,"26":2,"27":2,"28":8,"29":3},"f":{"0":2,"1":15,"2":15,"3":20,"4":15},"b":{"0":[2,2],"1":[5,10],"2":[2,1,2],"3":[2,2,8,3]}}
}
