TN:
SF:scripts/constants.ts
FNF:0
FNH:0
DA:2,3
DA:11,3
DA:17,3
DA:27,3
DA:53,3
DA:65,3
DA:73,3
DA:81,3
DA:87,3
DA:95,3
DA:105,3
DA:111,3
DA:121,3
LF:13
LH:13
BRF:0
BRH:0
end_of_record
TN:
SF:scripts/logger.ts
FN:1,info
FN:8,warning
FN:15,error
FNF:3
FNH:3
FNDA:2,info
FNDA:1,warning
FNDA:1,error
DA:1,3
DA:2,2
DA:8,3
DA:9,1
DA:15,3
DA:16,1
LF:6
LH:6
BRF:0
BRH:0
end_of_record
TN:
SF:scripts/measures/2023/update-measures-util.ts
FN:21,updateMeasuresWithChangeFile
FN:94,updateChangeLog
FN:103,deleteMeasure
FN:113,updateMeasure
FN:126,isValidECQM
FN:138,isOutcomeHighPriority
FN:150,writeToFile
FN:154,updateBenchmarksMetaData
FN:162,isNewMeasure
FNF:9
FNH:9
FNDA:11,updateMeasuresWithChangeFile
FNDA:1,updateChangeLog
FNDA:3,deleteMeasure
FNDA:4,updateMeasure
FNDA:8,isValidECQM
FNDA:9,isOutcomeHighPriority
FNDA:1,writeToFile
FNDA:3,updateBenchmarksMetaData
FNDA:10,isNewMeasure
DA:11,2
DA:12,2
DA:13,2
DA:14,2
DA:16,2
DA:17,2
DA:18,2
DA:19,2
DA:21,2
DA:27,11
DA:28,11
DA:29,11
DA:31,11
DA:32,11
DA:34,11
DA:35,1
DA:37,10
DA:39,10
DA:41,10
DA:42,8
DA:45,8
DA:48,8
DA:51,8
DA:54,8
DA:55,1
DA:59,9
DA:60,1
DA:62,8
DA:63,1
DA:65,7
DA:66,1
DA:69,6
DA:70,1
DA:71,5
DA:72,3
DA:73,3
DA:75,2
DA:76,2
DA:81,4
DA:82,4
DA:85,7
DA:86,7
DA:89,0
DA:94,2
DA:95,1
DA:98,1
DA:100,1
DA:103,2
DA:104,3
DA:105,3
DA:106,2
DA:107,2
DA:109,1
DA:113,2
DA:114,4
DA:115,941
DA:116,3
DA:121,3
DA:127,8
DA:129,8
DA:132,8
DA:133,1
DA:135,7
DA:139,9
DA:141,9
DA:142,9
DA:144,9
DA:145,1
DA:147,8
DA:150,2
DA:151,1
DA:155,3
DA:163,10
DA:164,10
LF:74
LH:73
BRDA:34,0,0,1
BRDA:34,0,1,10
BRDA:41,1,0,8
BRDA:42,2,0,1
BRDA:45,3,0,1
BRDA:48,4,0,2
BRDA:51,5,0,1
BRDA:54,6,0,1
BRDA:59,7,0,1
BRDA:62,8,0,1
BRDA:62,9,0,8
BRDA:62,9,1,2
BRDA:65,10,0,1
BRDA:65,11,0,7
BRDA:65,11,1,2
BRDA:65,11,2,1
BRDA:69,12,0,1
BRDA:69,12,1,5
BRDA:71,13,0,3
BRDA:71,13,1,2
BRDA:73,14,0,1
BRDA:85,15,0,7
BRDA:85,15,1,0
BRDA:105,16,0,2
BRDA:105,16,1,1
BRDA:115,17,0,3
BRDA:129,18,0,0
BRDA:129,18,1,8
BRDA:132,19,0,1
BRDA:132,20,0,8
BRDA:132,20,1,1
BRDA:141,21,0,3
BRDA:141,21,1,6
BRDA:142,22,0,0
BRDA:142,22,1,9
BRDA:144,23,0,1
BRDA:144,24,0,9
BRDA:144,24,1,2
BRDA:156,25,0,1
BRDA:156,25,1,2
BRDA:157,26,0,1
BRDA:157,26,1,2
BRF:42
BRH:39
end_of_record
TN:
SF:scripts/measures/2023/update-measures.ts
FN:9,updateMeasures
FN:28,(anonymous_2)
FNF:2
FNH:2
FNDA:3,updateMeasures
FNDA:9,(anonymous_2)
DA:2,1
DA:3,1
DA:4,1
DA:6,1
DA:7,1
DA:9,1
DA:10,3
DA:11,3
DA:12,3
DA:15,3
DA:19,3
DA:24,3
DA:26,3
DA:28,3
DA:29,9
DA:31,6
DA:32,2
DA:33,2
DA:38,3
DA:39,1
DA:41,2
DA:44,1
DA:45,0
LF:23
LH:22
BRDA:29,0,0,6
BRDA:31,1,0,2
BRDA:38,2,0,1
BRDA:38,2,1,2
BRDA:44,3,0,0
BRDA:44,4,0,1
BRDA:44,4,1,1
BRF:7
BRH:6
end_of_record
TN:
SF:scripts/measures/lib/csv-json-converter.ts
FN:26,convertCsvToJson
FN:30,(anonymous_2)
FN:49,(anonymous_3)
FN:59,mapInput
FN:108,mapHistoricBenchmarks
FN:109,(anonymous_6)
FN:118,csvFieldToArray
FN:128,(anonymous_8)
FN:131,mapArrayItem
FN:141,mapItem
FN:152,csvFieldToBoolean
FNF:11
FNH:11
FNDA:3,convertCsvToJson
FNDA:4,(anonymous_2)
FNDA:66,(anonymous_3)
FNDA:56,mapInput
FNDA:2,mapHistoricBenchmarks
FNDA:2,(anonymous_6)
FNDA:14,csvFieldToArray
FNDA:5,(anonymous_8)
FNDA:11,mapArrayItem
FNDA:20,mapItem
FNDA:7,csvFieldToBoolean
DA:7,3
DA:8,3
DA:10,3
DA:11,3
DA:24,3
DA:26,3
DA:28,3
DA:30,3
DA:31,4
DA:32,4
DA:34,4
DA:36,1
DA:37,1
DA:39,1
DA:40,1
DA:42,1
DA:43,1
DA:45,1
DA:46,1
DA:49,4
DA:50,66
DA:51,56
DA:55,4
DA:61,56
DA:63,2
DA:66,2
DA:67,1
DA:68,1
DA:69,0
DA:71,1
DA:73,0
DA:74,0
DA:76,4
DA:78,0
DA:80,1
DA:84,48
DA:86,8
DA:87,1
DA:88,1
DA:89,1
DA:92,7
DA:96,40
DA:97,14
DA:99,14
DA:100,2
DA:102,12
DA:105,26
DA:109,2
DA:110,2
DA:119,14
DA:120,1
DA:122,13
DA:123,2
DA:125,11
DA:126,8
DA:128,5
DA:132,11
DA:134,11
DA:135,18
DA:138,11
DA:143,20
DA:144,20
DA:147,0
DA:153,7
DA:155,2
DA:157,5
DA:159,0
LF:67
LH:61
BRDA:35,0,0,1
BRDA:35,0,1,1
BRDA:35,0,2,1
BRDA:35,0,3,1
BRDA:50,1,0,56
BRDA:62,2,0,2
BRDA:62,2,1,2
BRDA:62,2,2,0
BRDA:62,2,3,4
BRDA:62,2,4,0
BRDA:62,2,5,1
BRDA:66,3,0,1
BRDA:66,3,1,1
BRDA:66,4,0,2
BRDA:66,4,1,2
BRDA:68,5,0,0
BRDA:68,6,0,1
BRDA:68,6,1,0
BRDA:73,7,0,0
BRDA:84,8,0,8
BRDA:86,9,0,1
BRDA:86,10,0,8
BRDA:86,10,1,2
BRDA:87,11,0,1
BRDA:96,12,0,14
BRDA:99,13,0,2
BRDA:99,14,0,14
BRDA:99,14,1,14
BRDA:119,15,0,1
BRDA:122,16,0,2
BRDA:125,17,0,8
BRDA:143,18,0,20
BRDA:143,18,1,0
BRDA:154,19,0,2
BRDA:154,19,1,5
BRDA:154,19,2,0
BRF:36
BRH:29
end_of_record
TN:
SF:scripts/measures/lib/errors.ts
FN:3,(anonymous_0)
FN:9,(anonymous_1)
FNF:2
FNH:1
FNDA:0,(anonymous_0)
FNDA:9,(anonymous_1)
DA:2,3
DA:4,0
DA:5,0
DA:8,3
DA:10,9
DA:11,9
LF:6
LH:4
BRF:0
BRH:0
end_of_record
TN:
SF:scripts/measures/lib/validate-change-requests.ts
FN:11,(anonymous_7)
FN:190,initValidation
FN:194,createSchema
FN:219,getSchema
FNF:4
FNH:4
FNDA:2,(anonymous_7)
FNDA:10,initValidation
FNDA:10,createSchema
FNDA:10,getSchema
DA:1,2
DA:2,2
DA:3,2
DA:11,2
DA:12,2
DA:13,2
DA:14,2
DA:15,2
DA:16,2
DA:86,2
DA:95,2
DA:116,2
DA:130,2
DA:141,2
DA:158,2
DA:170,2
DA:180,2
DA:190,2
DA:191,10
DA:196,10
DA:197,0
DA:199,0
DA:204,0
DA:209,0
DA:215,10
DA:220,10
DA:222,1
DA:224,0
DA:226,0
DA:228,8
DA:230,1
LF:31
LH:25
BRDA:11,0,0,2
BRDA:11,0,1,2
BRDA:190,1,0,0
BRDA:196,2,0,0
BRDA:196,2,1,10
BRDA:198,3,0,0
BRDA:198,3,1,0
BRDA:198,3,2,0
BRDA:221,4,0,1
BRDA:221,4,1,0
BRDA:221,4,2,0
BRDA:221,4,3,8
BRDA:221,4,4,1
BRF:13
BRH:6
end_of_record
